C251 COMPILER V5.60.0,  Dma                                                                06/06/25  17:43:25  PAGE 1   


C251 COMPILER V5.60.0, COMPILATION OF MODULE Dma
OBJECT MODULE PLACED IN .\Out_File\Dma.obj
COMPILER INVOKED BY: C:\Keil_v5\C251\BIN\C251.EXE Dma.c XSMALL WARNINGLEVEL(3) OPTIMIZE(0,SPEED) BROWSE INCDIR(..\..\Lib
                    -raries\libraries;..\..\Libraries\seekfree_libraries;..\..\Libraries\seekfree_peripheral;..\CODE;..\USER\inc;..\USER\src;
                    -..\..\Libraries\seekfree_components;..\USER\inc;..\USER\src;..\MDK) DEBUG PRINT(.\Out_File\Dma.lst) TABS(2) OBJECT(.\Out
                    -_File\Dma.obj) 

stmt  level    source

*** WARNING C38 IN LINE 1 OF Dma.c: empty translation unit


Module Information          Static   Overlayable
------------------------------------------------
  code size            =    ------     ------
  ecode size           =    ------     ------
  data size            =    ------     ------
  idata size           =    ------     ------
  pdata size           =    ------     ------
  xdata size           =    ------     ------
  xdata-const size     =    ------     ------
  edata size           =    ------     ------
  bit size             =    ------     ------
  ebit size            =    ------     ------
  bitaddressable size  =    ------     ------
  ebitaddressable size =    ------     ------
  far data size        =    ------     ------
  huge data size       =    ------     ------
  const size           =    ------     ------
  hconst size          =    ------     ------
End of Module Information.


C251 COMPILATION COMPLETE.  1 WARNING(S),  0 ERROR(S)
