C251 COMPILER V5.60.0,  isr                                                                08/06/25  09:32:11  PAGE 1   


C251 COMPILER V5.60.0, COMPILATION OF MODULE isr
OBJECT MODULE PLACED IN .\Out_File\isr.obj
COMPILER INVOKED BY: C:\Keil_v5\C251\BIN\C251.EXE ..\USER\src\isr.c XSMALL WARNINGLEVEL(3) OPTIMIZE(0,SPEED) BROWSE INCD
                    -IR(..\..\Libraries\libraries;..\..\Libraries\seekfree_libraries;..\..\Libraries\seekfree_peripheral;..\CODE;..\USER\inc;
                    -..\USER\src;..\..\Libraries\seekfree_components;..\USER\inc;..\USER\src;..\MDK) DEBUG PRINT(.\Out_File\isr.lst) TABS(2) 
                    -OBJECT(.\Out_File\isr.obj) 

stmt  level    source

    1          
    2          #include "headfile.h"
    3          
    4          
    5          
    6          void UART1_Isr() interrupt 4
    7          {
    8   1          uint8 res;
    9   1        static uint8 dwon_count;
   10   1          if(UART1_GET_TX_FLAG)
   11   1          {
   12   2              UART1_CLEAR_TX_FLAG;
   13   2              busy[1] = 0;
   14   2          }
   15   1          if(UART1_GET_RX_FLAG)
   16   1          {
   17   2              UART1_CLEAR_RX_FLAG;
   18   2              res = SBUF;
   19   2              //пњљпњљпњљпњљпњљ‘ґпњљпњљпњљпњљпњљ
   20   2              if(res == 0x7F)
   21   2              {
   22   3                  if(dwon_count++ > 20)
   23   3                      IAP_CONTR = 0x60;
   24   3              }
   25   2              else
   26   2              {
   27   3                  dwon_count = 0;
   28   3              }
   29   2          }
   30   1      }
   31          
   32          //UART2пњљ–ґпњљ
   33          void UART2_Isr() interrupt 8
   34          {
   35   1          if(UART2_GET_TX_FLAG)
   36   1        {
   37   2              UART2_CLEAR_TX_FLAG;
   38   2          busy[2] = 0;
   39   2        }
   40   1          if(UART2_GET_RX_FLAG)
   41   1        {
   42   2              UART2_CLEAR_RX_FLAG;
   43   2          //пњљпњљпњљпњљпњљпњљпњљЁЉƒіпњљпњљпњљќ™пњљпњљS2BUF
   44   2      
   45   2        }
   46   1      }
   47          
   48          
   49          //UART3пњљ–ґпњљ
   50          void UART3_Isr() interrupt 17
   51          {
   52   1          if(UART3_GET_TX_FLAG)
   53   1        {
   54   2              UART3_CLEAR_TX_FLAG;
   55   2          busy[3] = 0;
   56   2        }
C251 COMPILER V5.60.0,  isr                                                                08/06/25  09:32:11  PAGE 2   

   57   1          if(UART3_GET_RX_FLAG)
   58   1        {
   59   2              UART3_CLEAR_RX_FLAG;
   60   2          //пњљпњљпњљпњљпњљпњљпњљЁЉƒіпњљпњљпњљќ™пњљпњљS3BUF
   61   2      
   62   2        }
   63   1      }
   64          
   65          
   66          //UART4пњљ–ґпњљ
   67          void UART4_Isr() interrupt 18
   68          {
   69   1          if(UART4_GET_TX_FLAG){
   70   2            
   71   2              UART4_CLEAR_TX_FLAG;
   72   2              busy[4] = 0;
   73   2          }
   74   1        
   75   1          if(UART4_GET_RX_FLAG){
   76   2            
   77   2              UART4_CLEAR_RX_FLAG;
   78   2               
   79   2            //√њпњљпњљпњљ’µпњљ“їпњљпњљпњљпњљпњљЁ£пњљпњљпњљпњљЁ≥пњљпњљ»Љпњљ1пњљпњљпњљпњљпњљпњљпњљпњљ
   80   2            RxLine++;                            
   81   2            //пњљпњљ√њпњљќљпњљпњљ’µпњљпњљпњљпњљпњљпњљЁ±пњљпњљжµљпњљпњљпњљпњљпњљпњљпњљпњљ
   82   2            DataBuff[RxLine-1]=S4BUF;                 
   83   2            
   84   2            if(S4BUF==0x21) // //пњљпњљпњљ’љпњљпњљпњљпњљпњљ÷Њќї
   85   2            {
   86   3            USART_PID_Adjust();//пњљпњљпњљЁљпњљпњљпњљпњљЌ≤пњљпњљпњљпњљпњљ÷µпњљпњљпњљпњљ
   87   3            memset(DataBuff,0,sizeof(DataBuff));  //пњљпњљ’їпњљпњљпњљпњљпњљпњљпњљ??
   88   3            RxLine=0;  //пњљпњљ’љпњљпњљ’≥пњљпњљпњљ??
   89   3            }
   90   2            
   91   2          
   92   2          //пњљпњљпњљпњљпњљпњљпњљЁЉƒіпњљпњљпњљќ™пњљпњљS4BUF;
   93   2          if(wireless_module_uart_handler != NULL){
   94   3            // пњљ√Їпњљпњљпњљќ™пњљпњљпњљпњљ÷Єпњљпњљ
   95   3            // пњљў≥пњљ Љпњљпњљпњљпњљпњљпњљƒ£пњљпњљпњљ ±пњљпњљпњљпњљпњљ√Є√Їпњљпњљпњљпњљпњљпњљ?
   96   3            wireless_module_uart_handler(S4BUF);
   97   3            
   98   3            
   99   3          }
  100   2        }
  101   1      }
  102          
  103          #define LED P52
  104          void INT0_Isr() interrupt 0
  105          {
  106   1        LED = 0;  //пњљпњљпњљпњљLED
  107   1      }
  108          void INT1_Isr() interrupt 2
  109          {
  110   1      
  111   1      }
  112          void INT2_Isr() interrupt 10
  113          {
  114   1        INT2_CLEAR_FLAG;  //пњљпњљпњљпњљ–ґѕ±пњљпњљ?
  115   1      }
  116          void INT3_Isr() interrupt 11
  117          {
  118   1        INT3_CLEAR_FLAG;  //пњљпњљпњљпњљ–ґѕ±пњљпњљ?
  119   1      }
  120          
  121          void INT4_Isr() interrupt 16
  122          {
C251 COMPILER V5.60.0,  isr                                                                08/06/25  09:32:11  PAGE 3   

  123   1        INT4_CLEAR_FLAG;  //пњљпњљпњљпњљ–ґѕ±пњљпњљ?
  124   1      }
  125          
  126          void TM0_Isr() interrupt 1
  127          {
  128   1      
  129   1      }
  130          
  131          
  132          
  133          
  134          
  135          float error=0;
  136          
  137          float Roll_x=0;
  138          //дЄіжЧґеПШйЗП
  139          float err_t=0.000036035;
  140          #define PWM_DUTY_MIN -8000 
  141          //йАЯеЇ¶зОѓ
  142          float current_l_pwm_inc = 0;
  143          float current_r_pwm_inc = 0;
  144          //жЦєеРСзОѓ
  145          float current_l_pwm_duty_turn = 0;
  146          float current_r_pwm_duty_turn = 0;
  147          //иІТеЇ¶зОѓ
  148          float current_l_pwm_duty_ang_turn = 0;
  149          float current_r_pwm_duty_ang_turn = 0;
  150          //жЬАзїИиЊУеЗЇpwm
  151          float current_l_pwm_duty = 0;
  152          float current_r_pwm_duty = 0;
  153          
  154          uint16 a,b;
  155          float adcdata_aver[5]={0};
  156          
  157          
  158          float mot_inc=0;
  159          float mot_inc_element=0;
  160          float gyro_roll_cross=0;
  161          
  162          
  163          //еЬЖзОѓиІТеЇ¶зІѓеИЖ
  164          float gyro_roll_sign_rign=0;
  165          float gyro_roll_sign_cross=0;
  166          //еЕЕзФµзЉЦз†БеЩ®зІѓеИЖеЉАеЕ≥
  167          char encoder_charge_sign=0;
  168          float encoder_charge_element=0;
  169          //еНБе≠ЧзЉЦз†БеЩ®зІѓеИЖеЉАеЕ≥
  170          char encoder_cross_sign=0;
  171          float encoder_cross_element=0;
  172          //еК†йАЯзЉЦз†БеЩ®зІѓеИЖеЉАеЕ≥
  173          char encoder_speedup_sign=0;
  174          float encoder_speedup_element=0;
  175          //еЬЖзОѓйААеЗЇ
  176          float ring_out_element=0;
  177          char ring_out_sign=0;
  178          
  179          //еЗЇзОѓжЧґйЧіеЉАеЕ≥
  180          char time_speedup_sign=0;
  181          float time_speedup_element=0;
  182          
  183          
  184          /*****************е†µиљђж£АжµЛ*****************//*****************е†µиљђж£АжµЛ*****************//********
             -*********е†µиљђж£АжµЛ*****************/
  185          /* еЬ®еЕ®е±АеПШйЗПеМЇжЈїеК† */
  186          #define STALL_SPEED_THRESHOLD    5      /* йАЯеЇ¶йШИеАЉпЉИзЉЦз†БеЩ®иЃ°жХ∞еАЉ/еС®жЬЯпЉЙ */
  187          #define STALL_PWM_THRESHOLD      200     /* PWMеН†з©ЇжѓФйШИеАЉ */
C251 COMPILER V5.60.0,  isr                                                                08/06/25  09:32:11  PAGE 4   

  188          #define STALL_DURATION_MS        2100     /* жМБзї≠еИ§еЃЪжЧґйЧіпЉИжѓЂзІТпЉЙ */
  189          #define STALL_CHECK_CYCLES       (STALL_DURATION_MS / 10) /* 10msдЄ≠жЦ≠еС®жЬЯ */
  190          
  191          /*****************еРСйЗПеТМеЕђеЉПеЈ¶еП≥еЈЃеЉВи°•еБњ*****************//*****************еРСйЗПеТМеЕђеЉПеЈ¶
             -еП≥еЈЃеЉВи°•еБњ*****************//*****************еРСйЗПеТМеЕђеЉПеЈ¶еП≥еЈЃеЉВи°•еБњ*****************/
  192          //дЄ≤зЇІ
  193          #if 1
  194          float dir_loop_limit=120; 
  195          float dir_enlarge=15.5;  
  196          #endif
  197          
  198          
  199          
  200          float err_H=1;
  201          float err_X=1;
  202          float err_HM=1;
  203          float err_d=1;
  204          float err_M=1;
  205          
  206          
  207          /* зїУжЮДдљУе£∞жШО */
  208          typedef struct {
  209              unsigned int counter;
  210              unsigned char detected;
  211          } StallDetection;
  212          
  213          
  214          /* еЕ®е±АеПШйЗПе£∞жШО */
  215          StallDetection left_stall = {0, 0};
  216          StallDetection right_stall = {0, 0};
  217          /*****************зЫіиІТеЉѓе§ДзРЖ*****************//*****************зЫіиІТеЉѓе§ДзРЖ*****************//**
             -***************зЫіиІТеЉѓе§ДзРЖ*****************/
  218          
  219          float mid_dynamic_weight =0;
  220          float base_error =0;
  221          
  222          float weight_x =0;
  223          float weight_y =0;
  224          
  225          float elesub =0;
  226          float eleadd =0;
  227          /*****************зЯ≠жЧґйЧіе§ІиІТеЇ¶еИ§жЦ≠*****************//*****************зЯ≠жЧґйЧіе§ІиІТеЇ¶еИ§жЦ≠***
             -**************//*****************зЫіиІТеЉѓе§ДзРЖ*****************/
  228          
  229          
  230          void TM1_Isr() interrupt 3
  231          {
  232   1        
  233   1            static int timer_call_count = 0; 
  234   1            static float l_speed_abs, r_speed_abs;
  235   1            static float l_pwm_abs, r_pwm_abs;
  236   1            static unsigned int stall_event_counter = 0;  /* е†µиљђдЇЛдїґиЃ°жХ∞еЩ® */
  237   1            static bit time_speedup_brake_started = 0;  // жШѓеР¶еЉАеІЛеИєиљ¶жµБз®Л
  238   1            static unsigned int run_mode2_counter = 0;
  239   1            static bit run_mode2_timing_started = 0;
  240   1      
  241   1          
  242   1            /*********************жХ∞жНЃйЗЗйЫЖ*********************//*********************жХ∞жНЃйЗЗйЫЖ************
             -*********//*********************жХ∞жНЃйЗЗйЫЖ*********************/ 
  243   1            imu660ra_get_gyro();
  244   1            gyro_data[0] = imu660ra_gyro_transition(imu660ra_gyro_x) ;
  245   1      
  246   1            //encoder
  247   1            l_encoder = (float)ctimer_count_read(MOTOR1_ENCODER);  
  248   1            r_encoder = (float)ctimer_count_read(MOTOR2_ENCODER);  
  249   1      
C251 COMPILER V5.60.0,  isr                                                                08/06/25  09:32:11  PAGE 5   

  250   1            //зФµжДЯ
  251   1            L   = read_adc_average(ADC_P06,5,ADC_12BIT);
  252   1            LM  = read_adc_average(ADC_P00,5,ADC_12BIT);
  253   1            RM  = read_adc_average(ADC_P01,5,ADC_12BIT);
  254   1            R   = read_adc_average(ADC_P05,5,ADC_12BIT);
  255   1            MID = read_adc_average(ADC_P10,5,ADC_12BIT);
  256   1            R_raw=R;
  257   1            L_raw=L;
  258   1            
  259   1            //йЩРеєЕ
  260   1            L   = limit_float(L,0,2300);
  261   1            LM  = limit_float(LM,0,1700);
  262   1            RM  = limit_float(RM,0,1700);
  263   1            R   = limit_float(R,0,2300);
  264   1            MID = limit_float(MID,0,2480);
  265   1            //жЬЙдЄ™е∞ПbugпЉМиЊУеЕ•зЪД value е∞ПдЇО minпЉМе∞ЖжШѓдЄАдЄ™иіЯжХ∞
  266   1            L   = normalize_float(L,0,2300);
  267   1            LM  = normalize_float(LM,0,1700);
  268   1            RM  = normalize_float(RM,0,1700);
  269   1            R   = normalize_float(R,0,2300);
  270   1            MID = normalize_float(MID,0,2480);
  271   1        
  272   1        
  273   1            //Data processing
  274   1            //encoder
  275   1            ctimer_count_clean(MOTOR1_ENCODER);  
  276   1            ctimer_count_clean(MOTOR2_ENCODER); 
  277   1      
  278   1            l_speed_now=l_speed_now*0.2+l_encoder*0.8;
  279   1            r_speed_now=r_speed_now*0.2+r_encoder*0.8;
  280   1      
  281   1          /*********************зФµжЬЇжЦєеРС*********************//*********************зФµжЬЇжЦєеРС*************
             -********//*********************зФµжЬЇжЦєеРС*********************/  
  282   1      
  283   1            //Motor direction
  284   1            if(MOTOR1_DIR != 0)                           
  285   1            {
  286   2              l_speed_now = l_speed_now * (-1); 
  287   2            }
  288   1      
  289   1            if(MOTOR2_DIR != 1)                                 
  290   1            {
  291   2              r_speed_now = r_speed_now * (-1);  
  292   2            }
  293   1      
  294   1          /*********************йЩАиЮЇдї™зІѓеИЖ*********************//*********************йЩАиЮЇдї™зІѓеИЖ*******
             -**************//*********************йЩАиЮЇдї™зІѓеИЖ*********************/ 
  295   1      
  296   1            update_gyro_angle_accumulator(&gyro_roll,gyro_roll_sign_rign);
  297   1            update_gyro_angle_accumulator(&gyro_roll_cross,gyro_roll_sign_cross);
  298   1        
  299   1          /*********************иЈѓз®ЛзІѓеИЖ*********************//*********************иЈѓз®ЛзІѓеИЖ*************
             -********//*********************иЈѓз®ЛзІѓеИЖ*********************/  
  300   1      
  301   1      
  302   1      
  303   1      
  304   1      
  305   1            //Encoder integration
  306   1            if (timer_call_count < 30) {
  307   2            timer_call_count++;
  308   2              l_speed_now=0;
  309   2              r_speed_now=0;
  310   2              mot_inc = 0.0f;
  311   2            } 
  312   1              else if(pwm_state==1){          
C251 COMPILER V5.60.0,  isr                                                                08/06/25  09:32:11  PAGE 6   

  313   2              update_encoder_speedup_value(&mot_inc,pwm_state); 
  314   2                
  315   2            }
  316   1              //еЬЖзОѓзІѓеИЖ      
  317   1            update_encoder_speedup_value(&mot_inc_element,encoder_sign);  
  318   1            
  319   1              //еНБе≠ЧзІѓеИЖ
  320   1            update_encoder_speedup_value(&encoder_cross_element,encoder_cross_sign);  
  321   1      
  322   1            //еЕЕзФµзІѓеИЖ
  323   1            if(encoder_charge_sign==1){ 
  324   2            
  325   2            encoder_charge_element+=(fabs(l_speed_now)+fabs(r_speed_now))*0.5f*0.00003895;}
  326   1            
  327   1            //еК†йАЯзІѓеИЖ
  328   1            update_encoder_speedup_value(&encoder_speedup_element,encoder_speedup_sign);  
  329   1      
  330   1            
  331   1          /*********************еИЗжНҐ*********************//*********************еИЗжНҐ*********************//**
             -*******************еИЗжНҐ*********************/  
  332   1      
  333   1            
  334   1      
  335   1            
  336   1            if(time_speedup_sign == 1)
  337   1              {
  338   2                time_speedup_element++;
  339   2                
  340   2                // еИ∞иЊЊиІ¶еПСзВєпЉМжЙІи°МдЄАжђ°еИєиљ¶жМЗдї§
  341   2                if((time_speedup_element >= 30) && (time_speedup_brake_started == 0))
  342   2                {
  343   3                    //пЉБпЉБпЉБпЉБпЉБ
  344   3                    change_speed_Target_base(140);         // жФєдЄЇзЫЃж†ЗйАЯеЇ¶220пЉМдЄНжШѓ0
  345   3                    time_speedup_brake_started = 1;        // ж†ЗењЧеЈ≤еЉАеІЛеИєиљ¶ињЗз®Л
  346   3      
  347   3                }
  348   2      
  349   2                // з≠ЙеЊЕйАЯеЇ¶зЬЯеЃЮдЄЛйЩНеРОпЉМжЙНеИЗжНҐж®°еЉП
  350   2                if(time_speedup_brake_started)
  351   2                {
  352   3                    float l_speed_abs = fabs(l_speed_now);
  353   3                    float r_speed_abs = fabs(r_speed_now);
  354   3                    //пЉБпЉБпЉБпЉБпЉБ
  355   3                    if(l_speed_abs <= 180 && r_speed_abs <= 180)
  356   3                    {
  357   4                        run_mode = 2;                      // ж®°еЉПеИЗжНҐ
  358   4                        time_speedup_sign = 0;             // жЄЕйЩ§ж†ЗењЧ
  359   4                        time_speedup_element = 0;
  360   4                        time_speedup_brake_started = 0;    // еЕБиЃЄдЄЛжђ°еЖНиІ¶еПС
  361   4                    }
  362   3                }
  363   2              }
  364   1            
  365   1            
  366   1      
  367   1      //      //дњЃжФєйАЯеЇ¶
  368   1      //      //еєґзЇІпЉМеНБе≠Ч
  369   1            if(run_mode==2) {
  370   2                //пЉБпЉБпЉБпЉБпЉБ
  371   2              change_speed_Target(370);   
  372   2              if(run_mode2_timing_started == 0)
  373   2              {
  374   3                  run_mode2_timing_started = 1;
  375   3                  run_mode2_counter = 0;
  376   3              }                   
  377   2            }
C251 COMPILER V5.60.0,  isr                                                                08/06/25  09:32:11  PAGE 7   

  378   1            if(run_mode2_timing_started)
  379   1            {
  380   2                run_mode2_counter++;
  381   2                //ињЩдЄ™иґКйХњпЉМе∞±иґКињЯжНҐдЄ≤зЇІ
  382   2                if(run_mode2_counter >= 300)  // еБЗиЃЊ TM1_ISR 1ms дЄАжђ°пЉМињЩйЗМжШѓ2зІТ
  383   2                {
  384   3                    run_mode = 1;
  385   3                      //пЉБпЉБпЉБпЉБпЉБ
  386   3                    change_speed_Target_base(240);  // еИЗжНҐзКґжАБжЧґиЃЊзљЃзЫЃж†ЗйАЯеЇ¶
  387   3                    
  388   3                    // жЄЕз©ЇжЙАжЬЙиЃ°жХ∞еТМж†ЗењЧ
  389   3                    run_mode2_timing_started = 0;
  390   3                    run_mode2_counter = 0;
  391   3                    time_speedup_sign = 0;  // еПѓйАЙпЉМзЬЛжШѓеР¶йЬАи¶БйЗНзљЃ
  392   3                }
  393   2            }
  394   1      //      //дЄ≤зЇІпЉМиµЈиЈСзЇњ
  395   1      //      if(P36==0){
  396   1      //      run_mode=1;
  397   1              //пЉБпЉБпЉБпЉБпЉБ
  398   1      //      change_speed_Target_base(160);  
  399   1      //      time_speedup_sign=0;
  400   1      //      }
  401   1            
  402   1            
  403   1        
  404   1             buzzer_control_with_enable(run_mode,2,1);
  405   1      
  406   1      
  407   1          /****************error***************//****************error***************//****************error*****
             -**********/
  408   1          
  409   1          if(run_mode==1){
  410   2          
  411   2          error       = ((err_H*(L-R)+err_X*(2*LM-2*RM))/(err_HM*(L+R)+err_d*fabs(LM-RM)+err_M*MID));
  412   2          
  413   2          }
  414   1          else if(run_mode==2){
  415   2          
  416   2          error       = (((L-R)+(LM-RM))/((L+R)+fabs(LM-RM)));
  417   2          
  418   2          }
  419   1          
  420   1          
  421   1          
  422   1            /*********************еПВжХ∞еИЗжНҐ*********************//*********************еПВжХ∞еИЗжНҐ************
             -*********//*********************еПВжХ∞еИЗжНҐ*********************/ 
  423   1      
  424   1          change_para();
  425   1          
  426   1      
  427   1          /*********************ж†ЗењЧдљН*********************//*********************ж†ЗењЧдљН*******************
             -**//*********************ж†ЗењЧдљН*********************/ 
  428   1      
  429   1      //    buzzer_control_with_enable(current_l_pwm_duty_turn,dir_loop_limit*dir_enlarge,pwm_state);
  430   1      
  431   1          
  432   1          /*********************жЦєеРСзОѓ*********************//*********************жЦєеРСзОѓ*******************
             -**//*********************жЦєеРСзОѓ*********************/ 
  433   1          
  434   1      //    cross_proc();
  435   1          Turn_PID.err=error;
  436   1          
  437   1          //зКґжАБжЬЇйААеЗЇ
  438   1          if(cir_flag==2){
  439   2            ring_out_element++;
C251 COMPILER V5.60.0,  isr                                                                08/06/25  09:32:11  PAGE 8   

  440   2            if(ring_out_element >300){
  441   3              if(fabs(gyro_roll) < 240.0f)
  442   3              {
  443   4                temp_flag=0;
  444   4                cir_flag=0;
  445   4                yuansu_flag=1; 
  446   4                
  447   4                gyro_roll_sign_rign=0;
  448   4                encoder_sign=0;
  449   4                mot_inc_element=0;
  450   4                gyro_roll=0;
  451   4              }
  452   3            }
  453   2            
  454   2          }
  455   1          else{
  456   2          ring_out_element=0;
  457   2          }
  458   1      
  459   1          /*********************еЬЖзОѓ*********************/
  460   1          
  461   1          
  462   1          
  463   1          if(cir_flag==6) {temp_flag++;}
  464   1          Circle_detect();
  465   1          cricle_cl();
  466   1          
  467   1            /*********************жЦєеРСзОѓ*********************//*********************жЦєеРСзОѓ******************
             -***//*********************жЦєеРСзОѓ*********************/  
  468   1      
  469   1          
  470   1          //1 дЄ≤зЇІ
  471   1          //2 еєґзЇІ
  472   1      //    run_mode=set_control_mode(run_mode);
  473   1          //жЦєеРСзОѓпЉМеПМpd
  474   1          if(run_mode==1){
  475   2          Turn_PID.out=Turn_PID.kp*Turn_PID.err+
  476   2                       Turn_PID.ki*Turn_PID.err*fabs(Turn_PID.err)*2+
  477   2                       Turn_PID.kd*(Turn_PID.err-Turn_PID.err_last)+
  478   2                       Turn_PID.kp1*gyro_data[0];
  479   2          Turn_PID.last=Turn_PID.out;
  480   2          //йЩРеєЕ
  481   2          Turn_PID.out=limit_function(Turn_PID.out,-dir_loop_limit,dir_loop_limit);
  482   2          Turn_PID.err_last=Turn_PID.err;
  483   2          
  484   2          }
  485   1          
  486   1          
  487   1          else if(run_mode==2){
  488   2          Turn_PID.out=Turn_PID.kp*Turn_PID.err+
  489   2                       Turn_PID.ki*Turn_PID.err*fabs(Turn_PID.err)*1.7+
  490   2                       Turn_PID.kd*(Turn_PID.err-Turn_PID.err_last)+
  491   2                       Turn_PID.kp1*gyro_data[0];
  492   2          Turn_PID.last=Turn_PID.out;
  493   2          
  494   2          Turn_PID.out=limit_function(Turn_PID.out,-dir_loop_limit,dir_loop_limit);
  495   2          Turn_PID.err_last=Turn_PID.err;
  496   2      
  497   2      
  498   2          current_l_pwm_duty_turn=Turn_PID.out*dir_enlarge;
  499   2          current_r_pwm_duty_turn=Turn_PID.out*dir_enlarge;//зФ©е∞ЊеПѓдї•е∞ЭиѓХзЉ©е∞ПињЩдЄ™
  500   2      
  501   2          }
  502   1          
  503   1      
  504   1      
C251 COMPILER V5.60.0,  isr                                                                08/06/25  09:32:11  PAGE 9   

  505   1      
  506   1            /*********************иІТеЇ¶зОѓ*********************//*********************иІТеЇ¶зОѓ******************
             -***//*********************иІТеЇ¶зОѓ*********************/
  507   1            target_angle=0;     
  508   1            current_angle+=gyro_data[0] * 0.005;
  509   1            ang_pid.err=target_angle-current_angle;
  510   1            
  511   1            ang_pid.out=ang_pid.kp*ang_pid.err+
  512   1                         ang_pid.ki*ang_pid.err*fabs(ang_pid.err)*2+
  513   1                         ang_pid.kd*(ang_pid.err-ang_pid.err_last)+
  514   1                         ang_pid.kp1*gyro_data[0];
  515   1            ang_pid.last=ang_pid.out;
  516   1            //йЩРеєЕ
  517   1            ang_pid.err_last=ang_pid.err;
  518   1      
  519   1      
  520   1            current_l_pwm_duty_ang_turn=ang_pid.out;
  521   1            current_r_pwm_duty_ang_turn=ang_pid.out;
  522   1      
  523   1            
  524   1      
  525   1           current_l_pwm_duty_ang_turn=limit_function(current_l_pwm_duty_ang_turn,-350,350);
  526   1           current_r_pwm_duty_ang_turn=limit_function(current_r_pwm_duty_ang_turn,-350,350);
  527   1      
  528   1          
  529   1          
  530   1        /*********************йАЯеЇ¶зОѓ*********************//*********************йАЯеЇ¶зОѓ********************
             -*//*********************йАЯеЇ¶зОѓ*********************/  
  531   1          
  532   1      
  533   1      
  534   1          
  535   1          /*********************////еИ§жЦ≠йАЯеЇ¶зОѓ////*********************/
  536   1          #if 1
  537   1          //иЃ°зЃЧйАЯеЇ¶зОѓPID
  538   1          //1 дЄ≤зЇІ
  539   1          //2 еєґзЇІ
  540   1        
  541   1          
  542   1          if(run_mode==1){
  543   2      
  544   2          L_pid.Target=L_pid.Target_base-Turn_PID.out;
  545   2          R_pid.Target=R_pid.Target_base+Turn_PID.out;
  546   2          
  547   2          current_l_pwm_inc=current_l_pwm_inc+IncPID(l_speed_now,L_pid.Target,&L_pid);
  548   2          current_r_pwm_inc=current_r_pwm_inc+IncPID(r_speed_now,R_pid.Target,&R_pid);
  549   2          
  550   2          current_l_pwm_inc=limit_function(current_l_pwm_inc,-1550,1550);
  551   2          current_r_pwm_inc=limit_function(current_r_pwm_inc,-1550,1550);
  552   2          }
  553   1          else if(run_mode==2){
  554   2      
  555   2          current_l_pwm_inc=current_l_pwm_inc+IncPID(l_speed_now,L_pid.Target,&L_pid);
  556   2          current_r_pwm_inc=current_r_pwm_inc+IncPID(r_speed_now,R_pid.Target,&R_pid);
  557   2          
  558   2          current_l_pwm_inc=limit_function(current_l_pwm_inc,-750,750);
  559   2          current_r_pwm_inc=limit_function(current_r_pwm_inc,-750,750);
  560   2          }
  561   1          
  562   1          
  563   1          
  564   1          
  565   1          
  566   1          
  567   1          
  568   1          
C251 COMPILER V5.60.0,  isr                                                                08/06/25  09:32:11  PAGE 10  

  569   1          #endif
  570   1          
  571   1          
  572   1          
  573   1      
  574   1        /*********************жЬАзїИиЊУеЗЇpwmиЃ°зЃЧ*********************//*********************жЬАзїИиЊУеЗЇpwmиЃ
             -°зЃЧ*********************//*********************жЬАзїИиЊУеЗЇpwmиЃ°зЃЧ*********************/  
  575   1      
  576   1      
  577   1      
  578   1          
  579   1          //еЕЕзФµ
  580   1          #if 0
                     if (pwm_state_charge == 1) {
                       
                         current_l_pwm_duty=current_l_pwm_inc+current_l_pwm_duty_ang_turn;
                         current_r_pwm_duty=current_r_pwm_inc-current_r_pwm_duty_ang_turn;
                         encoder_charge_sign = 1;
                         if(encoder_charge_element >= 0.5){
                         pwm_state_charge = 0;     // еИЗжНҐзКґжАБдЄЇиљђеРСдЄ≠
                         encoder_charge_sign = 2;        
                         }
                     }
                     else if(pwm_state_charge==0){
               
                       //1 дЄ≤зЇІ
                       //2 еєґзЇІ
                     
                       
                       if(run_mode==1){
                       current_l_pwm_duty=current_l_pwm_inc;
                       current_r_pwm_duty=current_r_pwm_inc;
                         
                       //йЩРеєЕ
                        current_l_pwm_inc=limit_function(current_l_pwm_inc,-1600,1600);
                        current_r_pwm_inc=limit_function(current_r_pwm_inc,-1600,1600);
                         
                       }
                       else if(run_mode==2){
               
                       //иЃ°зЃЧйАЯеЇ¶зОѓPID
                       current_l_pwm_inc=current_l_pwm_inc+IncPID(l_speed_now,L_pid.Target,&L_pid);
                       current_r_pwm_inc=current_r_pwm_inc+IncPID(r_speed_now,R_pid.Target,&R_pid);
                       
                       current_l_pwm_duty=current_l_pwm_inc-current_l_pwm_duty_turn;
                       current_r_pwm_duty=current_r_pwm_inc+current_r_pwm_duty_turn; 
                         
               
                       //йЩРеєЕ
                        current_l_pwm_inc=limit_function(current_l_pwm_inc,-650,650);
                        current_r_pwm_inc=limit_function(current_r_pwm_inc,-650,650);
                       }
                       
                     
                     }
               
               
                   #endif
  626   1          
  627   1            
  628   1          #if 1
  629   1            
  630   1          //1 дЄ≤зЇІ
  631   1          //2 еєґзЇІ
  632   1        
  633   1          
C251 COMPILER V5.60.0,  isr                                                                08/06/25  09:32:11  PAGE 11  

  634   1          if(run_mode==1){
  635   2          current_l_pwm_duty=current_l_pwm_inc;
  636   2          current_r_pwm_duty=current_r_pwm_inc;
  637   2            
  638   2          //йЩРеєЕ
  639   2           current_l_pwm_inc=limit_function(current_l_pwm_inc,-1600,1600);
  640   2           current_r_pwm_inc=limit_function(current_r_pwm_inc,-1600,1600);
  641   2            
  642   2          }
  643   1          else if(run_mode==2){
  644   2      
  645   2          //иЃ°зЃЧйАЯеЇ¶зОѓPID
  646   2          current_l_pwm_inc=current_l_pwm_inc+IncPID(l_speed_now,L_pid.Target,&L_pid);
  647   2          current_r_pwm_inc=current_r_pwm_inc+IncPID(r_speed_now,R_pid.Target,&R_pid);
  648   2          
  649   2          current_l_pwm_duty=current_l_pwm_inc-current_l_pwm_duty_turn;
  650   2          current_r_pwm_duty=current_r_pwm_inc+current_r_pwm_duty_turn; 
  651   2            
  652   2      
  653   2          //йЩРеєЕ
  654   2           current_l_pwm_inc=limit_function(current_l_pwm_inc,-650,650);
  655   2           current_r_pwm_inc=limit_function(current_r_pwm_inc,-650,650);
  656   2          }
  657   1          
  658   1      
  659   1          #endif
  660   1            
  661   1            
  662   1            
  663   1            
  664   1            //жЬАзїИиЊУеЗЇйЩРеєЕ
  665   1          current_l_pwm_duty=limit_function(current_l_pwm_duty,-1800,1800);
  666   1          current_r_pwm_duty=limit_function(current_r_pwm_duty,-1800,1800);
  667   1      
  668   1      
  669   1      
  670   1          
  671   1        /*********************дњЭжК§дњЭжК§*********************//*********************дњЭжК§дњЭжК§**************
             -*******//*********************дњЭжК§дњЭжК§*********************/ 
  672   1          //protect
  673   1          key_scan_cycle_pwm_state();
  674   1          if(pwm_state==2){
  675   2           mot_inc=0;
  676   2          current_l_pwm_inc=0;
  677   2          current_r_pwm_inc=0;
  678   2          }
  679   1          
  680   1          #if 0
                   if((L+R+MID<=0)&&(LM+RM<=0)) pwm_state=0;
                   #endif
  683   1          
  684   1          #if 0
               
                     /* иЃ°зЃЧзїЭеѓєеАЉ */
                     l_speed_abs = (l_speed_now > 0) ? l_speed_now : -l_speed_now;
                     r_speed_abs = (r_speed_now > 0) ? r_speed_now : -r_speed_now;
                     l_pwm_abs = (current_l_pwm_duty > 0) ? current_l_pwm_duty : -current_l_pwm_duty;
                     r_pwm_abs = (current_r_pwm_duty > 0) ? current_r_pwm_duty : -current_r_pwm_duty;
                       /* еЈ¶зФµжЬЇж£АжµЛ */
                       if ((l_pwm_abs > STALL_PWM_THRESHOLD) && (l_speed_abs < STALL_SPEED_THRESHOLD)) 
                       {
                           if(left_stall.counter < STALL_CHECK_CYCLES){
                               left_stall.counter++;
                           }
                           else{
                               left_stall.detected = 1;
C251 COMPILER V5.60.0,  isr                                                                08/06/25  09:32:11  PAGE 12  

                               pwm_state = 0;  /* еЃМеЕ®еБЬж≠Ґ */
                           }
                       }
                       else  {
                           left_stall.counter = 0;
                           left_stall.detected = 0;
                       }
               
                       /* еП≥зФµжЬЇж£АжµЛ */
                       if ((r_pwm_abs > STALL_PWM_THRESHOLD) && (r_speed_abs < STALL_SPEED_THRESHOLD)) {
                           if(right_stall.counter < STALL_CHECK_CYCLES)  {
                               right_stall.counter++;
                           }
                           else{
                               right_stall.detected = 1;
                               pwm_state = 0;  /* еЃМеЕ®еБЬж≠Ґ */
                           }
                       }
                       else {
                           right_stall.counter = 0;
                           right_stall.detected = 0;
                       }
               
                       /* дЄ•йЗНе†µиљђдњЭжК§ */
                       if(left_stall.detected && right_stall.detected) {
                           pwm_state = 0;  /* еЃМеЕ®еБЬж≠Ґ */
                           stall_event_counter++;
                       }
                     #endif
  728   1          
  729   1          
  730   1        /*********************иЊУеЗЇ*********************//*********************иЊУеЗЇ*********************//***
             -******************иЊУеЗЇ*********************/ 
  731   1          #if 1
  732   1          if(pwm_state==0||pwm_state==2)
  733   1          {
  734   2            pwm_duty(PWMA_CH3P_P64, 0);
  735   2            pwm_duty(PWMA_CH2P_P62, 0);
  736   2            pwm_duty(PWMA_CH4P_P66, 0);
  737   2            pwm_duty(PWMA_CH1P_P60, 0);
  738   2            current_l_pwm_duty = 0;
  739   2            current_r_pwm_duty = 0;
  740   2            current_l_pwm_inc=0;
  741   2            current_r_pwm_inc=0;
  742   2          }
  743   1      
  744   1          
  745   1          else if(pwm_state==1)
  746   1          {
  747   2            if(current_l_pwm_duty > 0)
  748   2            {
  749   3              pwm_duty(PWMA_CH4P_P66, (uint32)current_l_pwm_duty);
  750   3              pwm_duty(PWMA_CH1P_P60, 0);
  751   3            }
  752   2            else if(current_l_pwm_duty < 0)
  753   2            {
  754   3              pwm_duty(PWMA_CH4P_P66, 0);
  755   3              pwm_duty(PWMA_CH1P_P60, (uint32)(-current_l_pwm_duty));
  756   3            }
  757   2            else
  758   2            {
  759   3              pwm_duty(PWMA_CH4P_P66, 0);
  760   3              pwm_duty(PWMA_CH1P_P60, 0);
  761   3            }
  762   2      
  763   2            if(current_r_pwm_duty > 0)
C251 COMPILER V5.60.0,  isr                                                                08/06/25  09:32:11  PAGE 13  

  764   2            {
  765   3              pwm_duty(PWMA_CH3P_P64, (uint32)current_r_pwm_duty);
  766   3              pwm_duty(PWMA_CH2P_P62, 0);
  767   3            }
  768   2            else if(current_r_pwm_duty < 0)
  769   2            {
  770   3              pwm_duty(PWMA_CH3P_P64, 0);
  771   3              pwm_duty(PWMA_CH2P_P62, (uint32)(-current_r_pwm_duty));
  772   3            }
  773   2            else
  774   2            {
  775   3              pwm_duty(PWMA_CH3P_P64, 0);
  776   3              pwm_duty(PWMA_CH2P_P62, 0);
  777   3            }
  778   2          }
  779   1      
  780   1          
  781   1          #endif
  782   1        
  783   1      
  784   1        
  785   1      }
  786          
  787          


Module Information          Static   Overlayable
------------------------------------------------
  code size            =      3363     ------
  ecode size           =    ------     ------
  data size            =    ------     ------
  idata size           =    ------     ------
  pdata size           =    ------     ------
  xdata size           =    ------     ------
  xdata-const size     =    ------     ------
  edata size           =       203     ------
  bit size             =         2     ------
  ebit size            =    ------     ------
  bitaddressable size  =    ------     ------
  ebitaddressable size =    ------     ------
  far data size        =    ------     ------
  huge data size       =    ------     ------
  const size           =    ------     ------
  hconst size          =       353     ------
End of Module Information.


C251 COMPILATION COMPLETE.  0 WARNING(S),  0 ERROR(S)
