C251 COMPILER V5.60.0,  PID                                                                06/07/26  15:12:38  PAGE 1   


C251 COMPILER V5.60.0, COMPILATION OF MODULE PID
OBJECT MODULE PLACED IN .\Out_File\PID.obj
COMPILER INVOKED BY: D:\C251\C251\BIN\C251.EXE PID.c XSMALL WARNINGLEVEL(3) OPTIMIZE(0,SPEED) BROWSE INCDIR(..\..\Librar
                    -ies\libraries;..\..\Libraries\seekfree_libraries;..\..\Libraries\seekfree_peripheral;..\CODE;..\USER\inc;..\USER\src;..\
                    -..\Libraries\seekfree_components;..\USER\inc;..\USER\src;..\MDK) DEBUG PRINT(.\Out_File\PID.lst) TABS(2) OBJECT(.\Out_Fi
                    -le\PID.obj) 

stmt  level    source

    1          #include "headfile.h"
    2          #include "control.h"
    3          
    4          // 定义PID控制器结构体变量
    5          _PID R_pid;  // 右电机PID控制器
    6          _PID L_pid;  // 左电机PID控制器
    7          
    8          _PID Turn_PID; // 转向PID控制器
    9          _PID Gyro_PID;
   10          /**************************************************************************
   11          函数名称：增量式PID控制器
   12          功能描述：计算增量式PID控制输出
   13          输入参数：Encoder - 当前编码器值
   14                    Target - 目标值
   15                    sptr - PID控制器结构体指针
   16          返回值：PID控制输出值
   17          **************************************************************************/
   18          float IncPID(float Encoder, float Target, _PID* sptr) 
   19          {
   20   1          float delta_pwm; // PWM增量值
   21   1          
   22   1          // 1. 更新当前值和目标值
   23   1          sptr->now = Encoder; 
   24   1          sptr->Target = Target; 
   25   1          
   26   1          // 2. 计算当前误差
   27   1          sptr->err = sptr->Target - sptr->now; 
   28   1          
   29   1          // 3. 计算PID各项输出
   30   1          // 比例项
   31   1          sptr->kp_out = sptr->kp * (sptr->err - sptr->err_last);
   32   1          // 积分项
   33   1          sptr->ki_out = sptr->ki * sptr->err;
   34   1          // 微分项
   35   1          sptr->kd_out = sptr->kd * (sptr->err - 2 * sptr->err_last + sptr->d_err);
   36   1          
   37   1          // 4. 计算总PID输出
   38   1          delta_pwm = sptr->kp_out + sptr->ki_out + sptr->kd_out;
   39   1      
   40   1          // 5. 更新历史误差值
   41   1          sptr->d_err = sptr->err_last; // 保存上上次误差
   42   1          sptr->err_last = sptr->err;   // 保存上次误差
   43   1          // 6. 返回PWM增量值
   44   1          return delta_pwm; 
   45   1      }
   46          
   47          
   48          /**************************************************************************
   49          函数名称：位置式PID控制器
   50          功能描述：计算位置式PID控制输出
   51          输入参数：Encoder - 当前编码器值
   52                    Target - 目标值
   53                    sptr - PID控制器结构体指针
   54          返回值：PID控制输出值
   55          **************************************************************************/
   56          float PositionPID(float Encoder, float Target, _PID* sptr)
C251 COMPILER V5.60.0,  PID                                                                06/07/26  15:12:38  PAGE 2   

   57          {
   58   1          // 1. 更新当前值和目标值
   59   1          sptr->now = Encoder;
   60   1          sptr->Target = Target;
   61   1      
   62   1          // 2. 计算当前误差
   63   1          sptr->err = sptr->Target - sptr->now;
   64   1      
   65   1          // 3. 更新积分项
   66   1          // 累加当前误差，同时考虑积分限幅
   67   1          sptr->err_sum += sptr->err;
   68   1        
   69   1          // 积分限幅设置为-100到100，可调整
   70   1          if (sptr->err_sum > 100.0f) 
   71   1              sptr->err_sum = 100.0f;
   72   1          else if (sptr->err_sum < -100.0f) 
   73   1              sptr->err_sum = -100.0f;
   74   1      
   75   1          // 4. 计算PID各项输出
   76   1          // 比例项
   77   1          sptr->kp_out = sptr->kp * sptr->err;
   78   1          // 积分项
   79   1          sptr->ki_out = sptr->ki * sptr->err_sum;
   80   1          // 微分项
   81   1          sptr->kd_out = sptr->kd * (sptr->err - sptr->err_last);
   82   1      
   83   1          // 5. 计算总PID输出
   84   1          sptr->out = sptr->kp_out + sptr->ki_out + sptr->kd_out;
   85   1      
   86   1          // 6. 保存历史误差
   87   1          sptr->err_last = sptr->err;
   88   1      
   89   1          // 7. 返回控制输出值
   90   1          return sptr->out;
   91   1      }
   92          
   93          
   94          
   95          // 简单一阶低通滤波器，滤掉gyro_data[0]噪声
   96          float gyro_lowpass_filter(float new_value, float old_value, float alpha)
   97          {
   98   1          // alpha 越小滤波越强（典型 0.1 ~ 0.3）
   99   1          return alpha * new_value + (1.0f - alpha) * old_value;
  100   1      }
  101          
  102          
  103          /**
  104           * @brief  设置PID控制器的参数
  105           * @param  sptr: 指向PID结构体的指针
  106           * @param  p:    比例(Proportional)增益
  107           * @param  i:    积分(Integral)增益
  108           * @param  d:    微分(Derivative)增益
  109           * @param  p1:   额外参数 (例如用于前馈或陀螺仪反馈的增益)
  110           */
  111          void PID_Set_turn(_PID* sptr, float p, float i, float d, float p1)
  112          {
  113   1          // 将传入的参数值赋给结构体对应的成员
  114   1          sptr->kp = p;
  115   1          sptr->ki = i;
  116   1          sptr->kd = d;
  117   1          sptr->kp1 = p1;
  118   1      }
  119          
  120          /**
  121           * @brief  设置PID控制器的参数
  122           * @param  sptr: 指向PID结构体的指针
C251 COMPILER V5.60.0,  PID                                                                06/07/26  15:12:38  PAGE 3   

  123           * @param  p:    比例(Proportional)增益
  124           * @param  i:    积分(Integral)增益
  125           * @param  d:    微分(Derivative)增益
  126           * @param  p1:   额外参数 (例如用于前馈或陀螺仪反馈的增益)
  127           */
  128          void PID_Set_inc(_PID* sptr, float p, float i, float d)
  129          {
  130   1          // 将传入的参数值赋给结构体对应的成员
  131   1          sptr->kp = p;
  132   1          sptr->ki = i;
  133   1          sptr->kd = d;
  134   1      }


Module Information          Static   Overlayable
------------------------------------------------
  code size            =      1125     ------
  ecode size           =    ------     ------
  data size            =    ------     ------
  idata size           =    ------     ------
  pdata size           =    ------     ------
  xdata size           =    ------     ------
  xdata-const size     =    ------     ------
  edata size           =       444     ------
  bit size             =    ------     ------
  ebit size            =    ------     ------
  bitaddressable size  =    ------     ------
  ebitaddressable size =    ------     ------
  far data size        =    ------     ------
  huge data size       =    ------     ------
  const size           =    ------     ------
  hconst size          =    ------     ------
End of Module Information.


C251 COMPILATION COMPLETE.  0 WARNING(S),  0 ERROR(S)
