C251 COMPILER V5.60.0,  SEEKFREE_DL1A                                                      31/03/25  21:01:42  PAGE 1   


C251 COMPILER V5.60.0, COMPILATION OF MODULE SEEKFREE_DL1A
OBJECT MODULE PLACED IN .\Out_File\SEEKFREE_DL1A.obj
COMPILER INVOKED BY: C:\Keil_v5\C251\BIN\C251.EXE ..\..\Libraries\seekfree_peripheral\SEEKFREE_DL1A.c XSMALL WARNINGLEVE
                    -L(3) OPTIMIZE(0,SPEED) BROWSE INCDIR(..\..\Libraries\libraries;..\..\Libraries\seekfree_libraries;..\..\Libraries\seekfr
                    -ee_peripheral;..\CODE;..\USER\inc;..\USER\src;..\..\Libraries\seekfree_components;..\USER\inc;..\USER\src;..\MDK) DEBUG 
                    -PRINT(.\Out_File\SEEKFREE_DL1A.lst) TABS(2) OBJECT(.\Out_File\SEEKFREE_DL1A.obj) 

stmt  level    source

    1          ///******************************************************************************************************
             -***************
    2          // * COPYRIGHT NOTICE
    3          // * Copyright (c) 2021,йҖҗйЈһз§‘жҠҖ
    4          // * All rights reserved.
    5          // * жҠҖжңҜи®Ёи®әQQзҫӨпјҡдёҖзҫӨпјҡ179029047(е·Іж»Ў)  дәҢзҫӨпјҡ244861897
    6          // *
    7          // * д»ҘдёӢжүҖжңүеҶ…е®№зүҲжқғеқҮеұһйҖҗйЈһз§‘жҠҖжүҖжңүпјҢжңӘз»Ҹе…Ғи®ёдёҚеҫ—з”ЁдәҺе•Ҷдёҡз”ЁйҖ”пјҢ
    8          // * ж¬ўиҝҺеҗ„дҪҚдҪҝз”Ёе№¶дј ж’ӯжң¬зЁӢеәҸпјҢдҝ®ж”№еҶ…е®№ж—¶еҝ…йЎ»дҝқз•ҷйҖҗйЈһз§‘жҠҖзҡ„зүҲжқғеЈ°жҳҺгҖӮ
    9          // *
   10          // * @file          DL1A
   11          // * @company       жҲҗйғҪйҖҗйЈһз§‘жҠҖжңүйҷҗе…¬еҸё
   12          // * @author        йҖҗйЈһз§‘жҠҖ(QQ3184284598)
   13          // * @version       жҹҘзңӢdocеҶ…versionж–Үд»¶ зүҲжң¬иҜҙжҳҺ
   14          // * @Software    MDK FOR C251 V5.60
   15          // * @Target core   STC32G12K128
   16          // * @Taobao      https://seekfree.taobao.com/
   17          // * @date          2021-08-27
   18          // * @note
   19          // * жҺҘзәҝе®ҡд№үпјҡ
   20          // *                   ------------------------------------
   21          // *                   жЁЎеқ—з®Ўи„ҡ            еҚ•зүҮжңәз®Ўи„ҡ
   22          // *                   SCL                 жҹҘзңӢ SEEKFREE_DL1A.h дёӯ DL1A_SCL_PIN   е®Ҹе®ҡд№ү
   23          // *                   SDA                 жҹҘзңӢ SEEKFREE_DL1A.h дёӯ DL1A_SDA_PIN   е®Ҹе®ҡд№ү
   24          // *           XS          жҹҘзңӢ SEEKFREE_DL1A.h дёӯ DL1A_XSHUT_PIN е®Ҹе®ҡд№ү
   25          // *                   VCC                 5V з”өжәҗ
   26          // *                   GND                 з”өжәҗең°
   27          // *                   ------------------------------------
   28          //*******************************************************************************************************
             -*************/
   29          
   30          
   31          //#include "zf_delay.h"
   32          //#include "SEEKFREE_DL1A.h"
   33          
   34          
   35          //#pragma warning disable = 183
   36          
   37          
   38          //uint8 dl1a_finsh_flag;
   39          //uint16 dl1a_distance_mm;
   40          
   41          
   42          
   43          //#define GET_DL1A_SDA          DL1A_SDA_PIN
   44          //#define DL1A_SDA_LOW()            DL1A_SDA_PIN = 0    //IOеҸЈиҫ“еҮәдҪҺз”өе№і
   45          //#define DL1A_SDA_HIGH()           DL1A_SDA_PIN = 1    //IOеҸЈиҫ“еҮәй«ҳз”өе№і
   46          
   47          //#define DL1A_SCL_LOW()            DL1A_SCL_PIN = 0    //IOеҸЈиҫ“еҮәдҪҺз”өе№і
   48          //#define DL1A_SCL_HIGH()           DL1A_SCL_PIN = 1    //IOеҸЈиҫ“еҮәй«ҳз”өе№і
   49          
   50          //#define ack 1      //дё»еә”зӯ”
   51          //#define no_ack 0   //д»Һеә”зӯ”  
   52          
   53          ////-----------------------------------------------------------------------------------------------------
             ---------------
C251 COMPILER V5.60.0,  SEEKFREE_DL1A                                                      31/03/25  21:01:42  PAGE 2   

   54          ////  @brief      жЁЎжӢҹIICе»¶ж—¶
   55          ////  @return     void
   56          ////  @since      v1.0
   57          ////  Sample usage:       еҰӮжһңIICйҖҡи®ҜеӨұиҙҘеҸҜд»Ҙе°қиҜ•еўһеҠ jзҡ„еҖј
   58          ////-----------------------------------------------------------------------------------------------------
             ---------------
   59          //static void dl1a_simiic_delay(void)
   60          //{
   61          //    uint16 xdata j=DL1A_SOFT_IIC_DELAY;
   62          //    while(j--);
   63          //}
   64          
   65          ////еҶ…йғЁдҪҝз”ЁпјҢз”ЁжҲ·ж— йңҖи°ғз”Ё
   66          //static void dl1a_simiic_start(void)
   67          //{
   68          //    DL1A_SDA_HIGH();
   69          //    DL1A_SCL_HIGH();
   70          //    dl1a_simiic_delay();
   71          //    DL1A_SDA_LOW();
   72          //    dl1a_simiic_delay();
   73          //    DL1A_SCL_LOW();
   74          //}
   75          
   76          ////еҶ…йғЁдҪҝз”ЁпјҢз”ЁжҲ·ж— йңҖи°ғз”Ё
   77          //static void dl1a_simiic_stop(void)
   78          //{
   79          //    DL1A_SDA_LOW();
   80          //    DL1A_SCL_LOW();
   81          //    dl1a_simiic_delay();
   82          //    DL1A_SCL_HIGH();
   83          //    dl1a_simiic_delay();
   84          //    DL1A_SDA_HIGH();
   85          //    dl1a_simiic_delay();
   86          //}
   87          
   88          ////дё»еә”зӯ”(еҢ…еҗ«ack:SDA=0е’Ңno_ack:SDA=0)
   89          ////еҶ…йғЁдҪҝз”ЁпјҢз”ЁжҲ·ж— йңҖи°ғз”Ё
   90          //static void dl1a_simiic_sendack(unsigned char ack_dat)
   91          //{
   92          //    DL1A_SCL_LOW();
   93          //    dl1a_simiic_delay();
   94          //    if(ack_dat) DL1A_SDA_LOW();
   95          //    else      DL1A_SDA_HIGH();
   96          //    DL1A_SCL_HIGH();
   97          //    dl1a_simiic_delay();
   98          //    DL1A_SCL_LOW();
   99          //    dl1a_simiic_delay();
  100          //}
  101          
  102          
  103          //static int dl1a_sccb_waitack(void)
  104          //{
  105          //    DL1A_SCL_LOW();
  106          //    dl1a_simiic_delay();
  107          //    DL1A_SCL_HIGH();
  108          //    dl1a_simiic_delay();
  109          //    if(GET_DL1A_SDA)           //еә”зӯ”дёәй«ҳз”өе№іпјҢејӮеёёпјҢйҖҡдҝЎеӨұиҙҘ
  110          //    {
  111          //        DL1A_SCL_LOW();
  112          //        return 0;
  113          //    }
  114          //    DL1A_SCL_LOW();
  115          //    dl1a_simiic_delay();
  116          //    return 1;
  117          //}
  118          
C251 COMPILER V5.60.0,  SEEKFREE_DL1A                                                      31/03/25  21:01:42  PAGE 3   

  119          ////еӯ—иҠӮеҸ‘йҖҒзЁӢеәҸ
  120          ////еҸ‘йҖҒc(еҸҜд»ҘжҳҜж•°жҚ®д№ҹеҸҜжҳҜең°еқҖ)пјҢйҖҒе®ҢеҗҺжҺҘж”¶д»Һеә”зӯ”
  121          ////дёҚиҖғиҷ‘д»Һеә”зӯ”дҪҚ
  122          ////еҶ…йғЁдҪҝз”ЁпјҢз”ЁжҲ·ж— йңҖи°ғз”Ё
  123          //static void dl1a_send_ch(uint8 c)
  124          //{
  125          //    uint8 xdata i = 8;
  126          //    while(i--)
  127          //    {
  128          //        if(c & 0x80)  DL1A_SDA_HIGH();//SDA иҫ“еҮәж•°жҚ®
  129          //        else      DL1A_SDA_LOW();
  130          //        c <<= 1;
  131          //        dl1a_simiic_delay();
  132          //        DL1A_SCL_HIGH();                //SCL жӢүй«ҳпјҢйҮҮйӣҶдҝЎеҸ·
  133          //        dl1a_simiic_delay();
  134          //        DL1A_SCL_LOW();                //SCL ж—¶й’ҹзәҝжӢүдҪҺ
  135          //    }
  136          //    dl1a_sccb_waitack();
  137          //}
  138          
  139          
  140          ////еӯ—иҠӮжҺҘж”¶зЁӢеәҸ
  141          ////жҺҘж”¶еҷЁд»¶дј жқҘзҡ„ж•°жҚ®пјҢжӯӨзЁӢеәҸеә”й…ҚеҗҲ|дё»еә”зӯ”еҮҪж•°|дҪҝз”Ё
  142          ////еҶ…йғЁдҪҝз”ЁпјҢз”ЁжҲ·ж— йңҖи°ғз”Ё
  143          //static uint8 dl1a_read_ch(uint8 ack_x)
  144          //{
  145          //    uint8 xdata i;
  146          //    uint8 xdata c;
  147          //    c=0;
  148          //    DL1A_SCL_LOW();
  149          //    dl1a_simiic_delay();
  150          //    DL1A_SDA_HIGH();
  151          //    for(i=0; i<8; i++)
  152          //    {
  153          //        dl1a_simiic_delay();
  154          //        DL1A_SCL_LOW();         //зҪ®ж—¶й’ҹзәҝдёәдҪҺпјҢеҮҶеӨҮжҺҘж”¶ж•°жҚ®дҪҚ
  155          //        dl1a_simiic_delay();
  156          //        DL1A_SCL_HIGH();         //зҪ®ж—¶й’ҹзәҝдёәй«ҳпјҢдҪҝж•°жҚ®зәҝдёҠж•°жҚ®жңүж•Ҳ
  157          //        dl1a_simiic_delay();
  158          //        c<<=1;
  159          //        if(GET_DL1A_SDA)
  160          //        {
  161          //            c+=1;   //иҜ»ж•°жҚ®дҪҚпјҢе°ҶжҺҘж”¶зҡ„ж•°жҚ®еӯҳc
  162          //        }
  163          //    }
  164          //    DL1A_SCL_LOW();
  165          //    dl1a_simiic_delay();
  166          //    dl1a_simiic_sendack(ack_x);
  167          //    return c;
  168          //}
  169          
  170          
  171          ////-----------------------------------------------------------------------------------------------------
             ---------------
  172          ////  @brief      жЁЎжӢҹIICеҶҷж•°жҚ®еҲ°и®ҫеӨҮеҜ„еӯҳеҷЁеҮҪж•°
  173          ////  @param      dev_add     и®ҫеӨҮең°еқҖ(дҪҺдёғдҪҚең°еқҖ)
  174          ////  @param      reg       еҜ„еӯҳеҷЁең°еқҖ
  175          ////  @param      dat       еҶҷе…Ҙзҡ„ж•°жҚ®
  176          ////  @return     void
  177          ////  @since      v1.0
  178          ////  Sample usage:
  179          ////-----------------------------------------------------------------------------------------------------
             ---------------
  180          //static void dl1a_simiic_write_dats(uint8 dev_add, uint8 *dat, uint32 len)
  181          //{
  182          //    dl1a_simiic_start();
C251 COMPILER V5.60.0,  SEEKFREE_DL1A                                                      31/03/25  21:01:42  PAGE 4   

  183          //    dl1a_send_ch( (dev_add<<1) | 0x00);   //еҸ‘йҖҒеҷЁд»¶ең°еқҖеҠ еҶҷдҪҚ
  184          //    while(len--)
  185          //    {
  186          //        dl1a_send_ch( *dat++ );            //еҸ‘йҖҒйңҖиҰҒеҶҷе…Ҙзҡ„ж•°жҚ®
  187          //    }
  188          //    dl1a_simiic_stop();
  189          //}
  190          
  191          
  192          ////-----------------------------------------------------------------------------------------------------
             ---------------
  193          ////  @brief      жЁЎжӢҹIICеҶҷж•°жҚ®еҲ°и®ҫеӨҮеҜ„еӯҳеҷЁеҮҪж•°
  194          ////  @param      dev_add     и®ҫеӨҮең°еқҖ(дҪҺдёғдҪҚең°еқҖ)
  195          ////  @param      reg       еҜ„еӯҳеҷЁең°еқҖ
  196          ////  @param      dat       еҶҷе…Ҙзҡ„ж•°жҚ®
  197          ////  @return     void
  198          ////  @since      v1.0
  199          ////  Sample usage:
  200          ////-----------------------------------------------------------------------------------------------------
             ---------------
  201          //static void dl1a_simiic_write_reg(uint8 dev_add, uint8 reg, uint8 dat)
  202          //{
  203          //    dl1a_simiic_start();
  204          //    dl1a_send_ch( (dev_add<<1) | 0x00);   //еҸ‘йҖҒеҷЁд»¶ең°еқҖеҠ еҶҷдҪҚ
  205          //    dl1a_send_ch( reg );           //еҸ‘йҖҒд»ҺжңәеҜ„еӯҳеҷЁең°еқҖ
  206          //    dl1a_send_ch( dat );           //еҸ‘йҖҒйңҖиҰҒеҶҷе…Ҙзҡ„ж•°жҚ®
  207          //    dl1a_simiic_stop();
  208          //}
  209          
  210          ////-----------------------------------------------------------------------------------------------------
             ---------------
  211          ////  @brief      жЁЎжӢҹIICд»Һи®ҫеӨҮеҜ„еӯҳеҷЁиҜ»еҸ–ж•°жҚ®
  212          ////  @param      dev_add     и®ҫеӨҮең°еқҖ(дҪҺдёғдҪҚең°еқҖ)
  213          ////  @param      reg       еҜ„еӯҳеҷЁең°еқҖ
  214          ////  @param      type      йҖүжӢ©йҖҡдҝЎж–№ејҸжҳҜIIC  иҝҳжҳҜ SCCB
  215          ////  @return     uint8 xdata     иҝ”еӣһеҜ„еӯҳеҷЁзҡ„ж•°жҚ®
  216          ////  @since      v1.0
  217          ////  Sample usage:
  218          ////-----------------------------------------------------------------------------------------------------
             ---------------
  219          //static uint8 dl1a_simiic_read_reg(uint8 dev_add, uint8 reg)
  220          //{
  221          //    uint8 xdata dat;
  222          //    dl1a_simiic_start();
  223          //    dl1a_send_ch( (dev_add<<1) | 0x00);  //еҸ‘йҖҒеҷЁд»¶ең°еқҖеҠ еҶҷдҪҚ
  224          //    dl1a_send_ch( reg );          //еҸ‘йҖҒд»ҺжңәеҜ„еӯҳеҷЁең°еқҖ
  225          //    dl1a_simiic_start();
  226          //    dl1a_send_ch( (dev_add<<1) | 0x01);  //еҸ‘йҖҒеҷЁд»¶ең°еқҖеҠ иҜ»дҪҚ
  227          //    dat = dl1a_read_ch(no_ack);           //иҜ»еҸ–ж•°жҚ®
  228          //    dl1a_simiic_stop();
  229          //    return dat;
  230          //}
  231          
  232          ////-----------------------------------------------------------------------------------------------------
             ---------------
  233          ////  @brief      жЁЎжӢҹIICиҜ»еҸ–еӨҡеӯ—иҠӮж•°жҚ®
  234          ////  @param      dev_add     и®ҫеӨҮең°еқҖ(дҪҺдёғдҪҚең°еқҖ)
  235          ////  @param      reg       еҜ„еӯҳеҷЁең°еқҖ
  236          ////  @param      dat_add     ж•°жҚ®дҝқеӯҳзҡ„ең°еқҖжҢҮй’Ҳ
  237          ////  @param      num       иҜ»еҸ–еӯ—иҠӮж•°йҮҸ
  238          ////  @param      type      йҖүжӢ©йҖҡдҝЎж–№ејҸжҳҜIIC  иҝҳжҳҜ SCCB
  239          ////  @return     uint8 xdata     иҝ”еӣһеҜ„еӯҳеҷЁзҡ„ж•°жҚ®
  240          ////  @since      v1.0
  241          ////  Sample usage:
  242          ////-----------------------------------------------------------------------------------------------------
             ---------------
C251 COMPILER V5.60.0,  SEEKFREE_DL1A                                                      31/03/25  21:01:42  PAGE 5   

  243          //static void dl1a_simiic_read_regs(uint8 dev_add, uint8 reg, uint8 *dat_add, uint32 num)
  244          //{
  245          //    dl1a_simiic_start();
  246          //    dl1a_send_ch( (dev_add<<1) | 0x00);  //еҸ‘йҖҒеҷЁд»¶ең°еқҖеҠ еҶҷдҪҚ
  247          //    dl1a_send_ch( reg );          //еҸ‘йҖҒд»ҺжңәеҜ„еӯҳеҷЁең°еқҖ
  248          //    dl1a_simiic_start();
  249          //    dl1a_send_ch( (dev_add<<1) | 0x01);  //еҸ‘йҖҒеҷЁд»¶ең°еқҖеҠ иҜ»дҪҚ
  250          //    while(--num)
  251          //    {
  252          //        *dat_add = dl1a_read_ch(ack); //иҜ»еҸ–ж•°жҚ®
  253          //        dat_add++;
  254          //    }
  255          //    *dat_add = dl1a_read_ch(no_ack); //иҜ»еҸ–ж•°жҚ®
  256          //    dl1a_simiic_stop();
  257          //}
  258          
  259          ////-----------------------------------------------------------------------------------------------------
             ---------------
  260          ////  @brief      жЁЎжӢҹIICиҜ»еҸ–еӨҡеӯ—иҠӮж•°жҚ®
  261          ////  @param      dev_add     и®ҫеӨҮең°еқҖ(дҪҺдёғдҪҚең°еқҖ)
  262          ////  @param      reg       еҜ„еӯҳеҷЁең°еқҖ
  263          ////  @param      dat_add     ж•°жҚ®дҝқеӯҳзҡ„ең°еқҖжҢҮй’Ҳ
  264          ////  @param      num       иҜ»еҸ–еӯ—иҠӮж•°йҮҸ
  265          ////  @param      type      йҖүжӢ©йҖҡдҝЎж–№ејҸжҳҜIIC  иҝҳжҳҜ SCCB
  266          ////  @return     uint8 xdata     иҝ”еӣһеҜ„еӯҳеҷЁзҡ„ж•°жҚ®
  267          ////  @since      v1.0
  268          ////  Sample usage:
  269          ////-----------------------------------------------------------------------------------------------------
             ---------------
  270          //static void dl1a_simiic_read_regs_1(uint8 dev_add, uint8 reg, uint8 *dat_add, uint32 num)
  271          //{
  272          //    dl1a_simiic_start();
  273          //    dl1a_send_ch( (dev_add<<1) | 0x00);  //еҸ‘йҖҒеҷЁд»¶ең°еқҖеҠ еҶҷдҪҚ
  274          //    dl1a_send_ch( reg );          //еҸ‘йҖҒд»ҺжңәеҜ„еӯҳеҷЁең°еқҖ
  275          //    dl1a_simiic_start();
  276          //    dl1a_send_ch( (dev_add<<1) | 0x01);  //еҸ‘йҖҒеҷЁд»¶ең°еқҖеҠ иҜ»дҪҚ
  277          //    while(--num)
  278          //    {
  279          //        *dat_add = dl1a_read_ch(ack); //иҜ»еҸ–ж•°жҚ®
  280          //        dat_add++;
  281          //    }
  282          //    *dat_add = dl1a_read_ch(no_ack); //иҜ»еҸ–ж•°жҚ®
  283          //    dl1a_simiic_stop();
  284          //}
  285          
  286          
  287          //#define dl1a_write_array(dat, len)          (dl1a_simiic_write_dats(DL1A_DEV_ADDR, (dat), (len)))
  288          //#define dl1a_write_register(reg, dat)       (dl1a_simiic_write_reg(DL1A_DEV_ADDR, (reg), (dat)))
  289          //#define dl1a_read_register(reg)             (dl1a_simiic_read_reg (DL1A_DEV_ADDR, (reg)))
  290          //#define dl1a_read_registers(reg, dat, len)  (dl1a_simiic_read_regs(DL1A_DEV_ADDR, (reg), (dat), (len)))
  291          //#define dl1a_read_registers_1(reg, dat, len)  (dl1a_simiic_read_regs_1(DL1A_DEV_ADDR, (reg), (dat), (le
             -n)))
  292          
  293          //// иҝҷдёӘйҖҹзҺҮиЎЁзӨәд»Һзӣ®ж ҮеҸҚе°„е№¶иў«и®ҫеӨҮжЈҖжөӢеҲ°зҡ„дҝЎеҸ·зҡ„жҢҜе№…
  294          //// и®ҫзҪ®жӯӨйҷҗеҲ¶еҸҜд»ҘзЎ®е®ҡдј ж„ҹеҷЁжҠҘе‘Ҡжңүж•ҲиҜ»ж•°жүҖйңҖзҡ„жңҖе°ҸжөӢйҮҸеҖј
  295          //// и®ҫзҪ®дёҖдёӘиҫғдҪҺзҡ„йҷҗеҲ¶еҸҜд»ҘеўһеҠ дј ж„ҹеҷЁзҡ„жөӢйҮҸиҢғеӣҙ
  296          //// дҪҶдјјд№Һд№ҹеўһеҠ дәҶ <з”ұдәҺжқҘиҮӘзӣ®ж Үд»ҘеӨ–зҡ„зү©дҪ“зҡ„дёҚйңҖиҰҒзҡ„еҸҚе°„еҜјиҮҙ> еҫ—еҲ°дёҚеҮҶзЎ®
             -иҜ»ж•°зҡ„еҸҜиғҪжҖ§
  297          //// й»ҳи®Өдёә 0.25 MCPS еҸҜйў„и®ҫиҢғеӣҙдёә 0 - 511.99
  298          //#define DL1A_DEFAULT_RATE_LIMIT  (0.25)
  299          
  300          //// д»ҺеҜ„еӯҳеҷЁж•°жҚ®и§Јз Ғ PCLKs дёӯ VCSEL (vertical cavity surface emitting laser) зҡ„и„үе®Ҫе‘Ёжңҹ
  301          //#define decode_vcsel_period(reg_val)            (((reg_val) + 1) << 1)
  302          
  303          //// д»Һ PCLK дёӯзҡ„ VCSEL е‘Ёжңҹи®Ўз®—е®Ҹе‘Ёжңҹ (д»Ҙ *зәіз§’дёәеҚ•дҪҚ)
  304          //// PLL_period_ps = 1655
C251 COMPILER V5.60.0,  SEEKFREE_DL1A                                                      31/03/25  21:01:42  PAGE 6   

  305          //// macro_period_vclks = 2304
  306          //#define calc_macro_period(vcsel_period_pclks)   ((((uint32)2304 * (vcsel_period_pclks) * 1655) + 500) /
             - 1000)
  307          
  308          ////-----------------------------------------------------------------------------------------------------
             ---------------
  309          //// еҮҪж•°з®Җд»Ӣ     иҺ·еҸ–и®ҫеӨҮ SPAD дҝЎжҒҜ
  310          //// еҸӮж•°иҜҙжҳҺ     index           зҙўеј•
  311          //// еҸӮж•°иҜҙжҳҺ     type            зұ»еһӢеҖј
  312          //// иҝ”еӣһеҸӮж•°     uint8 xdata           жҳҜеҗҰжҲҗеҠҹ 0-жҲҗеҠҹ 1-еӨұиҙҘ
  313          //// дҪҝз”ЁзӨәдҫӢ     dl1a_get_spad_info(index, type_is_aperture);
  314          //// еӨҮжіЁдҝЎжҒҜ
  315          ////-----------------------------------------------------------------------------------------------------
             ---------------
  316          //static uint8 dl1a_get_spad_info (uint8 *index, uint8 *type_is_aperture)
  317          //{
  318          //    uint8 xdata tmp = 0;
  319          //    uint8 xdata return_state = 0;
  320          //    volatile uint16 loop_count = 0;
  321          //    do
  322          //    {
  323          //        dl1a_write_register(0x80, 0x01);
  324          //        dl1a_write_register(0xFF, 0x01);
  325          //        dl1a_write_register(0x00, 0x00);
  326          //        dl1a_write_register(0xFF, 0x06);
  327          //        dl1a_read_registers(0x83, &tmp, 1);
  328          //        dl1a_write_register(0x83, tmp | 0x04);
  329          //        dl1a_write_register(0xFF, 0x07);
  330          //        dl1a_write_register(0x81, 0x01);
  331          //        dl1a_write_register(0x80, 0x01);
  332          //        dl1a_write_register(0x94, 0x6b);
  333          //        dl1a_write_register(0x83, 0x00);
  334          //        tmp = 0x00;
  335          //        while(tmp != 0x10)
  336          //        {
  337          //            dl1a_read_registers(0x83, &tmp, 1);
  338          //            loop_count++;
  339          //            if(loop_count == DL1A_TIMEOUT_COUNT)
  340          //            {
  341          //                return_state = 1;
  342          //                break;
  343          //            }
  344          //        }
  345          //        if(return_state)
  346          //        {
  347          //            break;
  348          //        }
  349          //        dl1a_write_register(0x83, 0x01);
  350          //        dl1a_read_registers(0x92, &tmp, 1);
  351          //        *index = tmp & 0x7f;
  352          //        *type_is_aperture = (tmp >> 7) & 0x01;
  353          //        dl1a_write_register(0x81, 0x00);
  354          //        dl1a_write_register(0xFF, 0x06);
  355          //        dl1a_read_registers(0x83, &tmp, 1);
  356          //        dl1a_write_register(0x83, tmp);
  357          //        dl1a_write_register(0xFF, 0x01);
  358          //        dl1a_write_register(0x00, 0x01);
  359          //        dl1a_write_register(0xFF, 0x00);
  360          //        dl1a_write_register(0x80, 0x00);
  361          //    }
  362          //    while(0);
  363          //    return return_state;
  364          //}
  365          
  366          ////-----------------------------------------------------------------------------------------------------
             ---------------
C251 COMPILER V5.60.0,  SEEKFREE_DL1A                                                      31/03/25  21:01:42  PAGE 7   

  367          //// еҮҪж•°з®Җд»Ӣ     е°Ҷи¶…ж—¶ж•°еҖјд»Һ MCLKs иҪ¬жҚўеҲ°еҜ№еә”зҡ„ ms
  368          //// еҸӮж•°иҜҙжҳҺ     timeout_period_mclks    и¶…ж—¶е‘Ёжңҹ MCLKs
  369          //// еҸӮж•°иҜҙжҳҺ     vcsel_period_pclks      PCLK еҖј
  370          //// иҝ”еӣһеҸӮж•°     uint32 xdata                  иҝ”еӣһи¶…ж—¶ж•°еҖј
  371          //// дҪҝз”ЁзӨәдҫӢ     dl1a_timeout_mclks_to_microseconds(timeout_period_mclks, vcsel_period_pclks);
  372          //// еӨҮжіЁдҝЎжҒҜ     е°ҶеәҸеҲ—жӯҘйӘӨи¶…ж—¶д»Һе…·жңүз»ҷе®ҡ VCSEL е‘Ёжңҹзҡ„ MCLK (д»Ҙ PCLK дёәеҚ•дҪҚ)иҪ¬жҚ
             -ўдёәеҫ®з§’
  373          ////-----------------------------------------------------------------------------------------------------
             ---------------
  374          //static uint32 dl1a_timeout_mclks_to_microseconds (uint16 timeout_period_mclks, uint8 vcsel_period_pclks
             -)
  375          //{
  376          //    uint32 xdata macro_period_ns = calc_macro_period(vcsel_period_pclks);
  377          //    return ((timeout_period_mclks * macro_period_ns) + (macro_period_ns / 2)) / 1000;
  378          //}
  379          
  380          ////-----------------------------------------------------------------------------------------------------
             ---------------
  381          //// еҮҪж•°з®Җд»Ӣ     е°Ҷи¶…ж—¶ж•°еҖјд»Һ ms иҪ¬жҚўеҲ°еҜ№еә”зҡ„ MCLKs
  382          //// еҸӮж•°иҜҙжҳҺ     timeout_period_us   и¶…ж—¶е‘Ёжңҹ еҫ®з§’еҚ•дҪҚ
  383          //// еҸӮж•°иҜҙжҳҺ     vcsel_period_pclks  PCLK еҖј
  384          //// иҝ”еӣһеҸӮж•°     uint32 xdata              иҝ”еӣһи¶…ж—¶ж•°еҖј
  385          //// дҪҝз”ЁзӨәдҫӢ     dl1a_timeout_microseconds_to_mclks(timeout_period_us, vcsel_period_pclks);
  386          //// еӨҮжіЁдҝЎжҒҜ     е°ҶеәҸеҲ—жӯҘйӘӨи¶…ж—¶д»Һеҫ®з§’иҪ¬жҚўдёәе…·жңүз»ҷе®ҡ VCSEL е‘Ёжңҹзҡ„ MCLK (д»Ҙ PCLK 
             -дёәеҚ•дҪҚ)
  387          ////-----------------------------------------------------------------------------------------------------
             ---------------
  388          //static uint32 dl1a_timeout_microseconds_to_mclks (uint32 timeout_period_us, uint8 vcsel_period_pclks)
  389          //{
  390          //    uint32 xdata macro_period_ns = calc_macro_period(vcsel_period_pclks);
  391          //    return (((timeout_period_us * 1000) + (macro_period_ns / 2)) / macro_period_ns);
  392          //}
  393          
  394          ////-----------------------------------------------------------------------------------------------------
             ---------------
  395          //// еҮҪж•°з®Җд»Ӣ     еҜ№и¶…ж—¶ж•°еҖјиҝӣиЎҢи§Јз Ғ
  396          //// еҸӮж•°иҜҙжҳҺ     reg_val         и¶…ж—¶ж—¶й•ҝ еҜ„еӯҳеҷЁеҖј
  397          //// иҝ”еӣһеҸӮж•°     uint16 xdata          иҝ”еӣһи¶…ж—¶ж•°еҖј
  398          //// дҪҝз”ЁзӨәдҫӢ     dl1a_decode_timeout(reg_val);
  399          //// еӨҮжіЁдҝЎжҒҜ     д»ҺеҜ„еӯҳеҷЁеҖји§Јз Ғ MCLK дёӯзҡ„еәҸеҲ—жӯҘйӘӨи¶…ж—¶
  400          ////-----------------------------------------------------------------------------------------------------
             ---------------
  401          //static uint16 dl1a_decode_timeout (uint16 reg_val)
  402          //{
  403          //    // ж јејҸ: (LSByte * 2 ^ MSByte) + 1
  404          //    return  (uint16)((reg_val & 0x00FF) <<
  405          //                     (uint16)((reg_val & 0xFF00) >> 8)) + 1;
  406          //}
  407          
  408          ////-----------------------------------------------------------------------------------------------------
             ---------------
  409          //// еҮҪж•°з®Җд»Ӣ     еҜ№и¶…ж—¶ж•°еҖјиҝӣиЎҢзј–з Ғ
  410          //// еҸӮж•°иҜҙжҳҺ     timeout_mclks   и¶…ж—¶ж—¶й•ҝ -MCLKs еҖј
  411          //// иҝ”еӣһеҸӮж•°     uint16 xdata          иҝ”еӣһзј–з ҒеҖј
  412          //// дҪҝз”ЁзӨәдҫӢ     dl1a_encode_timeout(timeout_mclks);
  413          //// еӨҮжіЁдҝЎжҒҜ     еңЁ MCLK дёӯеҜ№и¶…ж—¶зҡ„еәҸеҲ—жӯҘйӘӨи¶…ж—¶еҜ„еӯҳеҷЁеҖјиҝӣиЎҢзј–з Ғ
  414          ////-----------------------------------------------------------------------------------------------------
             ---------------
  415          //static uint16 dl1a_encode_timeout (uint16 timeout_mclks)
  416          //{
  417          //    uint32 xdata ls_byte = 0;
  418          //    uint16 xdata ms_byte = 0;
  419          //    uint16 xdata return_data = 0;
  420          //    if (timeout_mclks > 0)
  421          //    {
  422          //        // ж јејҸ: (LSByte * 2 ^ MSByte) + 1
C251 COMPILER V5.60.0,  SEEKFREE_DL1A                                                      31/03/25  21:01:42  PAGE 8   

  423          //        ls_byte = timeout_mclks - 1;
  424          //        while ((ls_byte & 0xFFFFFF00) > 0)
  425          //        {
  426          //            ls_byte >>= 1;
  427          //            ms_byte++;
  428          //        }
  429          //        return_data = (ms_byte << 8) | (ls_byte & 0xFF);
  430          //    }
  431          //    return return_data;
  432          //}
  433          
  434          ////-----------------------------------------------------------------------------------------------------
             ---------------
  435          //// еҮҪж•°з®Җд»Ӣ     иҺ·еҸ–еәҸеҲ—жӯҘйӘӨдҪҝиғҪи®ҫзҪ®
  436          //// еҸӮж•°иҜҙжҳҺ     enables         еәҸеҲ—дҪҝиғҪжӯҘйӘӨз»“жһ„дҪ“
  437          //// иҝ”еӣһеҸӮж•°     void
  438          //// дҪҝз”ЁзӨәдҫӢ     dl1a_get_sequence_step_enables(enables);
  439          //// еӨҮжіЁдҝЎжҒҜ
  440          ////-----------------------------------------------------------------------------------------------------
             ---------------
  441          //static void dl1a_get_sequence_step_enables(dl1a_sequence_enables_step_struct *enables)
  442          //{
  443          //    uint8 xdata sequence_config = 0;
  444          //    dl1a_read_registers(DL1A_SYSTEM_SEQUENCE_CONFIG, &sequence_config, 1);
  445          //    enables->tcc          = (sequence_config >> 4) & 0x1;
  446          //    enables->dss          = (sequence_config >> 3) & 0x1;
  447          //    enables->msrc         = (sequence_config >> 2) & 0x1;
  448          //    enables->pre_range    = (sequence_config >> 6) & 0x1;
  449          //    enables->final_range  = (sequence_config >> 7) & 0x1;
  450          //}
  451          
  452          ////-----------------------------------------------------------------------------------------------------
             ---------------
  453          //// еҮҪж•°з®Җд»Ӣ     иҺ·еҸ–и„үеҶІе‘Ёжңҹ
  454          //// еҸӮж•°иҜҙжҳҺ     type            йў„йҮҸзЁӢзұ»еһӢ
  455          //// иҝ”еӣһеҸӮж•°     uint8 xdata           иҝ”еӣһзҡ„е‘ЁжңҹеҖј
  456          //// дҪҝз”ЁзӨәдҫӢ     dl1a_get_vcsel_pulse_period(DL1A_VCSEL_PERIOD_PER_RANGE);
  457          //// еӨҮжіЁдҝЎжҒҜ     еңЁ PCLKs дёӯиҺ·еҸ–з»ҷе®ҡе‘Ёжңҹзұ»еһӢзҡ„ VCSEL и„үеҶІе‘Ёжңҹ
  458          ////-----------------------------------------------------------------------------------------------------
             ---------------
  459          //static uint8 dl1a_get_vcsel_pulse_period (dl1a_vcsel_period_type_enum type)
  460          //{
  461          //    uint8 xdata data_buffer = 0;
  462          //    if (type == DL1A_VCSEL_PERIOD_PER_RANGE)
  463          //    {
  464          //        dl1a_read_registers(DL1A_PRE_RANGE_CONFIG_VCSEL_PERIOD, &data_buffer, 1);
  465          //        data_buffer = decode_vcsel_period(data_buffer);
  466          //    }
  467          //    else if (type == DL1A_VCSEL_PERIOD_FINAL_RANGE)
  468          //    {
  469          //        dl1a_read_registers(DL1A_FINAL_RANGE_CONFIG_VCSEL_PERIOD, &data_buffer, 1);
  470          //        data_buffer = decode_vcsel_period(data_buffer);
  471          //    }
  472          //    else
  473          //    {
  474          //        data_buffer = 255;
  475          //    }
  476          //    return data_buffer;
  477          //}
  478          
  479          ////-----------------------------------------------------------------------------------------------------
             ---------------
  480          //// еҮҪж•°з®Җд»Ӣ     иҺ·еҸ–еәҸеҲ—жӯҘйӘӨи¶…ж—¶и®ҫзҪ®
  481          //// еҸӮж•°иҜҙжҳҺ     enables         еәҸеҲ—дҪҝиғҪжӯҘйӘӨз»“жһ„дҪ“
  482          //// еҸӮж•°иҜҙжҳҺ     timeouts        еәҸеҲ—и¶…ж—¶жӯҘйӘӨз»“жһ„дҪ“
  483          //// иҝ”еӣһеҸӮж•°     void
C251 COMPILER V5.60.0,  SEEKFREE_DL1A                                                      31/03/25  21:01:42  PAGE 9   

  484          //// дҪҝз”ЁзӨәдҫӢ     dl1a_get_sequence_step_timeouts(enables, timeouts);
  485          //// еӨҮжіЁдҝЎжҒҜ     иҺ·еҸ–жүҖжңүи¶…ж—¶иҖҢдёҚд»…д»…жҳҜиҜ·жұӮзҡ„и¶…ж—¶ е№¶дё”иҝҳеӯҳеӮЁдёӯй—ҙеҖј
  486          ////-----------------------------------------------------------------------------------------------------
             ---------------
  487          //static void dl1a_get_sequence_step_timeouts (dl1a_sequence_enables_step_struct const *enables, dl1a_seq
             -uence_timeout_step_struct *timeouts)
  488          //{
  489          //    uint8 xdata reg_buffer[2];
  490          //    uint16 xdata reg16_buffer = 0;
  491          //    timeouts->pre_range_vcsel_period_pclks = dl1a_get_vcsel_pulse_period(DL1A_VCSEL_PERIOD_PER_RANGE);
  492          //    dl1a_read_registers(DL1A_MSRC_CONFIG_TIMEOUT_MACROP, reg_buffer, 1);
  493          //    timeouts->msrc_dss_tcc_mclks = reg_buffer[0] + 1;
  494          //    timeouts->msrc_dss_tcc_us = dl1a_timeout_mclks_to_microseconds(timeouts->msrc_dss_tcc_mclks, (uint8
             -)timeouts->pre_range_vcsel_period_pclks);
  495          //    dl1a_read_registers(DL1A_PRE_RANGE_CONFIG_TIMEOUT_MACROP_HI, reg_buffer, 2);
  496          //    reg16_buffer = ((uint16) reg_buffer[0] << 8) | reg_buffer[1];
  497          //    timeouts->pre_range_mclks = dl1a_decode_timeout(reg16_buffer);
  498          //    timeouts->pre_range_us = dl1a_timeout_mclks_to_microseconds(timeouts->pre_range_mclks, (uint8)timeo
             -uts->pre_range_vcsel_period_pclks);
  499          //    timeouts->final_range_vcsel_period_pclks = dl1a_get_vcsel_pulse_period(DL1A_VCSEL_PERIOD_FINAL_RANG
             -E);
  500          //    dl1a_read_registers(DL1A_FINAL_RANGE_CONFIG_TIMEOUT_MACROP_HI, reg_buffer, 2);
  501          //    reg16_buffer = ((uint16) reg_buffer[0] << 8) | reg_buffer[1];
  502          //    timeouts->final_range_mclks = dl1a_decode_timeout(reg16_buffer);
  503          //    if (enables->pre_range)
  504          //    {
  505          //        timeouts->final_range_mclks -= timeouts->pre_range_mclks;
  506          //    }
  507          //    timeouts->final_range_us = dl1a_timeout_mclks_to_microseconds(timeouts->final_range_mclks, (uint8)t
             -imeouts->final_range_vcsel_period_pclks);
  508          //}
  509          
  510          ////-----------------------------------------------------------------------------------------------------
             ---------------
  511          //// еҮҪж•°з®Җд»Ӣ     жү§иЎҢеҚ•ж¬ЎеҸӮиҖғж ЎеҮҶ
  512          //// еҸӮж•°иҜҙжҳҺ     vhv_init_byte   йў„и®ҫж ЎеҮҶеҖј
  513          //// иҝ”еӣһеҸӮж•°     uint8 xdata           ж“ҚдҪңжҳҜеҗҰжҲҗеҠҹ 0-жҲҗеҠҹ 1-еӨұиҙҘ
  514          //// дҪҝз”ЁзӨәдҫӢ     dl1a_get_vcsel_pulse_period(DL1A_VCSEL_PERIOD_PER_RANGE);
  515          //// еӨҮжіЁдҝЎжҒҜ     еңЁ PCLKs дёӯиҺ·еҸ–з»ҷе®ҡе‘Ёжңҹзұ»еһӢзҡ„ VCSEL и„үеҶІе‘Ёжңҹ
  516          ////-----------------------------------------------------------------------------------------------------
             ---------------
  517          //static uint8 dl1a_perform_single_ref_calibration (uint8 vhv_init_byte)
  518          //{
  519          //    uint8 xdata return_state = 0;
  520          //    uint8 xdata data_buffer = 0;
  521          //    volatile uint16 loop_count = 0;
  522          //    do
  523          //    {
  524          //        dl1a_write_register(DL1A_SYSRANGE_START, 0x01 | vhv_init_byte);
  525          //        dl1a_read_registers(DL1A_MSRC_CONFIG_TIMEOUT_MACROP, &data_buffer, 1);
  526          //        while ((data_buffer & 0x07) == 0)
  527          //        {
  528          //            if (loop_count > 0x8fe0)
  529          //            {
  530          //                return_state = 1;
  531          //                break;
  532          //            }
  533          //            if (loop_count++ % 0x10 == 0)
  534          //            {
  535          //                dl1a_read_registers(DL1A_MSRC_CONFIG_TIMEOUT_MACROP, &data_buffer, 1);
  536          //            }
  537          //        }
  538          //        if(return_state)
  539          //        {
  540          //            break;
  541          //        }
C251 COMPILER V5.60.0,  SEEKFREE_DL1A                                                      31/03/25  21:01:42  PAGE 10  

  542          //        dl1a_write_register(DL1A_SYSTEM_INTERRUPT_CLEAR, 0x01);
  543          //        dl1a_write_register(DL1A_SYSRANGE_START, 0x00);
  544          //    }
  545          //    while(0);
  546          //    return return_state;
  547          //}
  548          
  549          ////-----------------------------------------------------------------------------------------------------
             ---------------
  550          //// еҮҪж•°з®Җд»Ӣ     и®ҫзҪ®жөӢйҮҸе®ҡж—¶йў„з®— (д»Ҙеҫ®з§’дёәеҚ•дҪҚ)
  551          //// еҸӮж•°иҜҙжҳҺ     budget_us       и®ҫе®ҡзҡ„жөӢйҮҸе…Ғи®ёзҡ„ж—¶й—ҙ
  552          //// иҝ”еӣһеҸӮж•°     uint8 xdata           ж“ҚдҪңз»“жһң 0-жҲҗеҠҹ 1-еӨұиҙҘ
  553          //// дҪҝз”ЁзӨәдҫӢ     dl1a_set_measurement_timing_budget(measurement_timing_budget_us);
  554          //// еӨҮжіЁдҝЎжҒҜ     иҝҷжҳҜдёҖж¬ЎжөӢйҮҸе…Ғи®ёзҡ„ж—¶й—ҙ
  555          ////              еҚіеңЁжөӢи·қеәҸеҲ—зҡ„еӯҗжӯҘйӘӨд№Ӣй—ҙеҲҶй…Қж—¶й—ҙйў„з®—
  556          ////              жӣҙй•ҝзҡ„ж—¶й—ҙйў„з®—е…Ғи®ёжӣҙзІҫзЎ®зҡ„жөӢйҮҸ
  557          ////              еўһеҠ дёҖдёӘNеҖҚзҡ„йў„з®—еҸҜд»ҘеҮҸе°‘дёҖдёӘsqrt(N)еҖҚзҡ„иҢғеӣҙжөӢйҮҸж ҮеҮҶеҒҸе·®
  558          ////              й»ҳи®Өдёә33жҜ«з§’ жңҖе°ҸеҖјдёә20 ms
  559          ////-----------------------------------------------------------------------------------------------------
             ---------------
  560          //static uint8 dl1a_set_measurement_timing_budget (uint32 budget_us)
  561          //{
  562          //    uint8 xdata return_state = 0;
  563          //    uint8 xdata data_buffer[3];
  564          //    uint16 xdata dat = 0;
  565          //    uint32 xdata used_budget_us;
  566          //    uint32 xdata final_range_timeout_us;
  567          //    uint16 xdata final_range_timeout_mclks;
  568          //    dl1a_sequence_enables_step_struct enables;
  569          //    dl1a_sequence_timeout_step_struct timeouts;
  570          //    do
  571          //    {
  572          //        if (budget_us < DL1A_MIN_TIMING_BUDGET)
  573          //        {
  574          //            return_state = 1;
  575          //            break;
  576          //        }
  577          //        used_budget_us = DL1A_SET_START_OVERHEAD + DL1A_END_OVERHEAD;
  578          //        dl1a_get_sequence_step_enables(&enables);
  579          //        dl1a_get_sequence_step_timeouts(&enables, &timeouts);
  580          //        if (enables.tcc)
  581          //        {
  582          //            used_budget_us += (timeouts.msrc_dss_tcc_us + DL1A_TCC_OVERHEAD);
  583          //        }
  584          //        if (enables.dss)
  585          //        {
  586          //            used_budget_us += 2 * (timeouts.msrc_dss_tcc_us + DL1A_DSS_OVERHEAD);
  587          //        }
  588          //        else if (enables.msrc)
  589          //        {
  590          //            used_budget_us += (timeouts.msrc_dss_tcc_us + DL1A_MSRC_OVERHEAD);
  591          //        }
  592          //        if (enables.pre_range)
  593          //        {
  594          //            used_budget_us += (timeouts.pre_range_us + DL1A_PRERANGE_OVERHEAD);
  595          //        }
  596          //        if (enables.final_range)
  597          //        {
  598          //            // иҜ·жіЁж„Ҹ жңҖз»ҲиҢғеӣҙи¶…ж—¶з”ұи®Ўж—¶йў„з®—е’ҢеәҸеҲ—дёӯжүҖжңүе…¶д»–и¶…ж—¶зҡ„жҖ»е’ҢеҶіе®ҡ
  599          //            // еҰӮжһңжІЎжңүз©әй—ҙз”ЁдәҺжңҖз»ҲиҢғеӣҙи¶…ж—¶ еҲҷе°Ҷи®ҫзҪ®й”ҷиҜҜ
  600          //            // еҗҰеҲҷ еү©дҪҷж—¶й—ҙе°Ҷеә”з”ЁдәҺжңҖз»ҲиҢғеӣҙ
  601          //            used_budget_us += DL1A_FINALlRANGE_OVERHEAD;
  602          //            if (used_budget_us > budget_us)
  603          //            {
  604          //                // иҜ·жұӮзҡ„и¶…ж—¶еӨӘеӨ§
  605          //                return_state = 1;
C251 COMPILER V5.60.0,  SEEKFREE_DL1A                                                      31/03/25  21:01:42  PAGE 11  

  606          //                break;
  607          //            }
  608          //            // еҜ№дәҺжңҖз»Ҳи¶…ж—¶иҢғеӣҙ еҝ…йЎ»ж·»еҠ йў„йҮҸзЁӢиҢғеӣҙи¶…ж—¶
  609          //            // дёәжӯӨ жңҖз»Ҳи¶…ж—¶е’Ңйў„йҮҸзЁӢи¶…ж—¶еҝ…йЎ»д»Ҙе®Ҹе‘Ёжңҹ MClks иЎЁзӨә
  610          //            // еӣ дёәе®ғд»¬е…·жңүдёҚеҗҢзҡ„ VCSEL е‘Ёжңҹ
  611          //            final_range_timeout_us = budget_us - used_budget_us;
  612          //            final_range_timeout_mclks =
  613          //                dl1a_timeout_microseconds_to_mclks(final_range_timeout_us,
  614          //                                                   (uint8)timeouts.final_range_vcsel_period_pclks);
  615          //            if (enables.pre_range)
  616          //            {
  617          //                final_range_timeout_mclks += timeouts.pre_range_mclks;
  618          //            }
  619          //            dat = dl1a_encode_timeout(final_range_timeout_mclks);
  620          //            data_buffer[0] = DL1A_FINAL_RANGE_CONFIG_TIMEOUT_MACROP_HI;
  621          //            data_buffer[1] = ((dat >> 8) & 0xFF);
  622          //            data_buffer[2] = (dat & 0xFF);
  623          //            dl1a_write_array(data_buffer, 3);
  624          //        }
  625          //    }
  626          //    while(0);
  627          //    return return_state;
  628          //}
  629          
  630          ////-----------------------------------------------------------------------------------------------------
             ---------------
  631          //// еҮҪж•°з®Җд»Ӣ     иҺ·еҸ–жөӢйҮҸе®ҡж—¶йў„з®— (д»Ҙеҫ®з§’дёәеҚ•дҪҚ)
  632          //// еҸӮж•°иҜҙжҳҺ     void
  633          //// иҝ”еӣһеҸӮж•°     uint32 xdata          е·Іи®ҫе®ҡзҡ„жөӢйҮҸе…Ғи®ёзҡ„ж—¶й—ҙ
  634          //// дҪҝз”ЁзӨәдҫӢ     dl1a_get_measurement_timing_budget();
  635          //// еӨҮжіЁдҝЎжҒҜ
  636          ////-----------------------------------------------------------------------------------------------------
             ---------------
  637          //static uint32 dl1a_get_measurement_timing_budget (void)
  638          //{
  639          //    dl1a_sequence_enables_step_struct enables;
  640          //    dl1a_sequence_timeout_step_struct timeouts;
  641          //    // ејҖе§Ӣе’Ңз»“жқҹејҖй”Җж—¶й—ҙе§Ӣз»ҲеӯҳеңЁ
  642          //    uint32 xdata budget_us = DL1A_GET_START_OVERHEAD + DL1A_END_OVERHEAD;
  643          //    dl1a_get_sequence_step_enables(&enables);
  644          //    dl1a_get_sequence_step_timeouts(&enables, &timeouts);
  645          //    if (enables.tcc)
  646          //    {
  647          //        budget_us += (timeouts.msrc_dss_tcc_us + DL1A_TCC_OVERHEAD);
  648          //    }
  649          //    if (enables.dss)
  650          //    {
  651          //        budget_us += 2 * (timeouts.msrc_dss_tcc_us + DL1A_DSS_OVERHEAD);
  652          //    }
  653          //    else if (enables.msrc)
  654          //    {
  655          //        budget_us += (timeouts.msrc_dss_tcc_us + DL1A_MSRC_OVERHEAD);
  656          //    }
  657          //    if (enables.pre_range)
  658          //    {
  659          //        budget_us += (timeouts.pre_range_us + DL1A_PRERANGE_OVERHEAD);
  660          //    }
  661          //    if (enables.final_range)
  662          //    {
  663          //        budget_us += (timeouts.final_range_us + DL1A_FINALlRANGE_OVERHEAD);
  664          //    }
  665          //    return budget_us;
  666          //}
  667          
  668          ////-----------------------------------------------------------------------------------------------------
             ---------------
C251 COMPILER V5.60.0,  SEEKFREE_DL1A                                                      31/03/25  21:01:42  PAGE 12  

  669          //// еҮҪж•°з®Җд»Ӣ     и®ҫзҪ®иҝ”еӣһдҝЎеҸ·йҖҹзҺҮйҷҗеҲ¶ иҜҘеҖјеҚ•дҪҚдёә MCPS (зҷҫдёҮж¬ЎжҜҸз§’)
  670          //// еҸӮж•°иҜҙжҳҺ     limit_mcps      и®ҫзҪ®зҡ„жңҖе°ҸйҖҹзҺҮ
  671          //// иҝ”еӣһеҸӮж•°     void
  672          //// дҪҝз”ЁзӨәдҫӢ     dl1a_set_signal_rate_limit(0.25);
  673          //// еӨҮжіЁдҝЎжҒҜ     иҝҷдёӘйҖҹзҺҮиЎЁзӨәд»Һзӣ®ж ҮеҸҚе°„е№¶иў«и®ҫеӨҮжЈҖжөӢеҲ°зҡ„дҝЎеҸ·зҡ„жҢҜе№…
  674          ////              и®ҫзҪ®жӯӨйҷҗеҲ¶еҸҜд»ҘзЎ®е®ҡдј ж„ҹеҷЁжҠҘе‘Ҡжңүж•ҲиҜ»ж•°жүҖйңҖзҡ„жңҖе°ҸжөӢйҮҸеҖј
  675          ////              и®ҫзҪ®дёҖдёӘиҫғдҪҺзҡ„йҷҗеҲ¶еҸҜд»ҘеўһеҠ дј ж„ҹеҷЁзҡ„жөӢйҮҸиҢғеӣҙ
  676          ////              дҪҶдјјд№Һд№ҹеўһеҠ дәҶ <з”ұдәҺжқҘиҮӘзӣ®ж Үд»ҘеӨ–зҡ„зү©дҪ“зҡ„дёҚйңҖиҰҒзҡ„еҸҚе°„еҜјиҮҙ> еҫ
             -—еҲ°дёҚеҮҶзЎ®иҜ»ж•°зҡ„еҸҜиғҪжҖ§
  677          ////              й»ҳи®Өдёә 0.25 MCPS еҸҜйў„и®ҫиҢғеӣҙдёә 0 - 511.99
  678          ////-----------------------------------------------------------------------------------------------------
             ---------------
  679          //static void dl1a_set_signal_rate_limit (float limit_mcps)
  680          //{
  681          //    uint8 xdata data_buffer[3];
  682          //    uint16 xdata limit_mcps_16bit = (limit_mcps * (1 << 7));
  683          //    //zf_assert(limit_mcps >= 0 || limit_mcps <= 511.99);
  684          //    data_buffer[0] = DL1A_FINAL_RANGE_CONFIG_MIN_COUNT_RATE_RTN_LIMIT;
  685          //    data_buffer[1] = ((limit_mcps_16bit >> 8) & 0xFF);
  686          //    data_buffer[2] = (limit_mcps_16bit & 0xFF);
  687          //    dl1a_write_array(data_buffer, 3);
  688          //}
  689          
  690          ////-----------------------------------------------------------------------------------------------------
             ---------------
  691          //// еҮҪж•°з®Җд»Ӣ     иҝ”еӣһд»ҘжҜ«зұідёәеҚ•дҪҚзҡ„иҢғеӣҙиҜ»ж•°
  692          //// еҸӮж•°иҜҙжҳҺ     void
  693          //// иҝ”еӣһеҸӮж•°     uint8 xdata           0-ж•°жҚ®ж— ж•Ҳ 1-ж•°жҚ®жңүж•Ҳ
  694          //// дҪҝз”ЁзӨәдҫӢ     dl1a_get_distance();
  695          //// еӨҮжіЁдҝЎжҒҜ     еңЁејҖе§ӢеҚ•ж¬Ўе°„зЁӢжөӢйҮҸеҗҺд№ҹи°ғз”ЁжӯӨеҮҪж•°
  696          ////-----------------------------------------------------------------------------------------------------
             ---------------
  697          //void dl1a_get_distance (void)
  698          //{
  699          //    uint8 xdata reg_databuffer[3];
  700          //    dl1a_read_registers_1(DL1A_RESULT_INTERRUPT_STATUS, reg_databuffer, 1);
  701          //    if((reg_databuffer[0] & 0x07) == 0)
  702          //    {
  703          //        dl1a_finsh_flag = 0;
  704          //    }
  705          //    else
  706          //    {
  707          //        // еҒҮи®ҫзәҝжҖ§еәҰж ЎжӯЈеўһзӣҠдёәй»ҳи®ӨеҖј 1000 дё”жңӘеҗҜз”ЁеҲҶж•°иҢғеӣҙ
  708          //        dl1a_read_registers_1(DL1A_RESULT_RANGE_STATUS + 10, reg_databuffer, 2);
  709          //        dl1a_distance_mm = ((uint16)reg_databuffer[0] << 8);
  710          //        dl1a_distance_mm |= reg_databuffer[1];
  711          //        dl1a_write_register(DL1A_SYSTEM_INTERRUPT_CLEAR, 0x01);
  712          //        dl1a_finsh_flag = 1;
  713          //    }
  714          //}
  715          
  716          ////-----------------------------------------------------------------------------------------------------
             ---------------
  717          //// еҮҪж•°з®Җд»Ӣ     еҲқе§ӢеҢ– DL1A
  718          //// еҸӮж•°иҜҙжҳҺ     void
  719          //// иҝ”еӣһеҸӮж•°     uint8 xdata           1-еҲқе§ӢеҢ–еӨұиҙҘ 0-еҲқе§ӢеҢ–жҲҗеҠҹ
  720          //// дҪҝз”ЁзӨәдҫӢ     dl1a_init();
  721          //// еӨҮжіЁдҝЎжҒҜ
  722          ////-----------------------------------------------------------------------------------------------------
             ---------------
  723          //uint8 dl1a_init (void)
  724          //{
  725          //    uint32 xdata measurement_timing_budget_us = 0;
  726          //    uint8 xdata stop_variable = 0;
  727          //    uint8 xdata return_state = 0;
  728          //    uint8 xdata reg_data_buffer = 0;
C251 COMPILER V5.60.0,  SEEKFREE_DL1A                                                      31/03/25  21:01:42  PAGE 13  

  729          //    uint8 xdata ref_spad_map[6];
  730          //    uint8 xdata data_buffer[7];
  731          //    uint8 xdata i = 0;
  732          //    memset(ref_spad_map, 0, 6);
  733          //    memset(data_buffer, 0, 7);
  734          //    do
  735          //    {
  736          //        delay_ms(100);
  737          //        DL1A_XSHUT_PIN = 0;
  738          //        delay_ms(50);
  739          //        DL1A_XSHUT_PIN = 1;
  740          //        delay_ms(100);
  741          //        // -------------------------------- DL1A еҗҜеҠЁеҲқе§ӢеҢ– --------------------------------
  742          //        reg_data_buffer = dl1a_read_register(DL1A_IO_VOLTAGE_CONFIG);         // дј ж„ҹеҷЁй»ҳи®Ө IO дёә
             - 1.8V жЁЎејҸ
  743          //        dl1a_write_register(DL1A_IO_VOLTAGE_CONFIG, reg_data_buffer | 0x01);  // й…ҚзҪ® IO дёә 2.8V жЁЎ
             -ејҸ
  744          //        dl1a_write_register(0x88, 0x00);                                         // и®ҫзҪ®дёәж ҮеҮҶ IIC
             - жЁЎејҸ
  745          //        dl1a_write_register(0x80, 0x01);
  746          //        dl1a_write_register(0xFF, 0x01);
  747          //        dl1a_write_register(0x00, 0x00);
  748          //        dl1a_read_registers(0x91, &stop_variable, 1);
  749          //        dl1a_write_register(0x00, 0x01);
  750          //        dl1a_write_register(0xFF, 0x00);
  751          //        dl1a_write_register(0x80, 0x00);
  752          //        // зҰҒз”Ё SIGNAL_RATE_MSRC(bit1) е’Ң SIGNAL_RATE_PRE_RANGE(bit4) йҷҗеҲ¶жЈҖжҹҘ
  753          //        reg_data_buffer = dl1a_read_register(DL1A_MSRC_CONFIG);
  754          //        dl1a_write_register(DL1A_MSRC_CONFIG, reg_data_buffer | 0x12);
  755          //        dl1a_set_signal_rate_limit(DL1A_DEFAULT_RATE_LIMIT);                  // и®ҫзҪ®дҝЎеҸ·йҖҹзҺҮйҷҗе
             -Ҳ¶
  756          //        dl1a_write_register(DL1A_SYSTEM_SEQUENCE_CONFIG, 0xFF);
  757          //        // -------------------------------- DL1A еҗҜеҠЁеҲқе§ӢеҢ– --------------------------------
  758          //        // -------------------------------- DL1A й…ҚзҪ®еҲқе§ӢеҢ– --------------------------------
  759          //        if (dl1a_get_spad_info(&data_buffer[0], &data_buffer[1]))
  760          //        {
  761          //            return_state = 1;
  762          //            // еҰӮжһңзЁӢеәҸеңЁиҫ“еҮәдәҶж–ӯиЁҖдҝЎжҒҜ е№¶дё”жҸҗзӨәеҮәй”ҷдҪҚзҪ®еңЁиҝҷйҮҢ
  763          //            // йӮЈд№Ҳе°ұжҳҜ dl1a иҮӘжЈҖеҮәй”ҷе№¶и¶…ж—¶йҖҖеҮәдәҶ
  764          //            // жЈҖжҹҘдёҖдёӢжҺҘзәҝжңүжІЎжңүй—®йўҳ еҰӮжһңжІЎй—®йўҳеҸҜиғҪе°ұжҳҜеқҸдәҶ
  765          //            printf("dl1a init error.\r\n");
  766          //            break;
  767          //        }
  768          //        // д»Һ GLOBAL_CONFIG_SPAD_ENABLES_REF_[0-6] иҺ·еҸ– SPAD map (RefGoodSpadMap) ж•°жҚ®
  769          //        dl1a_read_registers(DL1A_GLOBAL_CONFIG_SPAD_ENABLES_REF_0, ref_spad_map, 6);
  770          //        dl1a_write_register(0xFF, 0x01);
  771          //        dl1a_write_register(DL1A_DYNAMIC_SPAD_REF_EN_START_OFFSET, 0x00);
  772          //        dl1a_write_register(DL1A_DYNAMIC_SPAD_NUM_REQUESTED_REF_SPAD, 0x2C);
  773          //        dl1a_write_register(0xFF, 0x00);
  774          //        dl1a_write_register(DL1A_GLOBAL_CONFIG_REF_EN_START_SELECT, 0xB4);
  775          //        data_buffer[2] = data_buffer[1] ? 12 : 0; // 12 is the first aperture spad
  776          //        for (i = 0; i < 48; i++)
  777          //        {
  778          //            if (i < data_buffer[2] || data_buffer[3] == data_buffer[0])
  779          //            {
  780          //                // жӯӨдҪҚдҪҺдәҺеә”еҗҜз”Ёзҡ„з¬¬дёҖдёӘдҪҚ
  781          //                // жҲ–иҖ… (eference_spad_count) дҪҚе·ІеҗҜз”Ё
  782          //                // еӣ жӯӨжӯӨдҪҚдёәйӣ¶
  783          //                ref_spad_map[i / 8] &= ~(1 << (i % 8));
  784          //            }
  785          //            else if ((ref_spad_map[i / 8] >> (i % 8)) & 0x1)
  786          //            {
  787          //                data_buffer[3]++;
  788          //            }
  789          //        }
  790          //        data_buffer[0] = DL1A_GLOBAL_CONFIG_SPAD_ENABLES_REF_0;
C251 COMPILER V5.60.0,  SEEKFREE_DL1A                                                      31/03/25  21:01:42  PAGE 14  

  791          //        for(i = 1; i < 7; i++)
  792          //        {
  793          //            data_buffer[1] = ref_spad_map[i-1];
  794          //        }
  795          //        dl1a_write_array(data_buffer, 7);
  796          //        // й»ҳи®ӨиҪ¬жҚўи®ҫзҪ® version 02/11/2015_v36
  797          //        dl1a_write_register(0xFF, 0x01);
  798          //        dl1a_write_register(0x00, 0x00);
  799          //        dl1a_write_register(0xFF, 0x00);
  800          //        dl1a_write_register(0x09, 0x00);
  801          //        dl1a_write_register(0x10, 0x00);
  802          //        dl1a_write_register(0x11, 0x00);
  803          //        dl1a_write_register(0x24, 0x01);
  804          //        dl1a_write_register(0x25, 0xFF);
  805          //        dl1a_write_register(0x75, 0x00);
  806          //        dl1a_write_register(0xFF, 0x01);
  807          //        dl1a_write_register(0x4E, 0x2C);
  808          //        dl1a_write_register(0x48, 0x00);
  809          //        dl1a_write_register(0x30, 0x20);
  810          //        dl1a_write_register(0xFF, 0x00);
  811          //        dl1a_write_register(0x30, 0x09);
  812          //        dl1a_write_register(0x54, 0x00);
  813          //        dl1a_write_register(0x31, 0x04);
  814          //        dl1a_write_register(0x32, 0x03);
  815          //        dl1a_write_register(0x40, 0x83);
  816          //        dl1a_write_register(0x46, 0x25);
  817          //        dl1a_write_register(0x60, 0x00);
  818          //        dl1a_write_register(0x27, 0x00);
  819          //        dl1a_write_register(0x50, 0x06);
  820          //        dl1a_write_register(0x51, 0x00);
  821          //        dl1a_write_register(0x52, 0x96);
  822          //        dl1a_write_register(0x56, 0x08);
  823          //        dl1a_write_register(0x57, 0x30);
  824          //        dl1a_write_register(0x61, 0x00);
  825          //        dl1a_write_register(0x62, 0x00);
  826          //        dl1a_write_register(0x64, 0x00);
  827          //        dl1a_write_register(0x65, 0x00);
  828          //        dl1a_write_register(0x66, 0xA0);
  829          //        dl1a_write_register(0xFF, 0x01);
  830          //        dl1a_write_register(0x22, 0x32);
  831          //        dl1a_write_register(0x47, 0x14);
  832          //        dl1a_write_register(0x49, 0xFF);
  833          //        dl1a_write_register(0x4A, 0x00);
  834          //        dl1a_write_register(0xFF, 0x00);
  835          //        dl1a_write_register(0x7A, 0x0A);
  836          //        dl1a_write_register(0x7B, 0x00);
  837          //        dl1a_write_register(0x78, 0x21);
  838          //        dl1a_write_register(0xFF, 0x01);
  839          //        dl1a_write_register(0x23, 0x34);
  840          //        dl1a_write_register(0x42, 0x00);
  841          //        dl1a_write_register(0x44, 0xFF);
  842          //        dl1a_write_register(0x45, 0x26);
  843          //        dl1a_write_register(0x46, 0x05);
  844          //        dl1a_write_register(0x40, 0x40);
  845          //        dl1a_write_register(0x0E, 0x06);
  846          //        dl1a_write_register(0x20, 0x1A);
  847          //        dl1a_write_register(0x43, 0x40);
  848          //        dl1a_write_register(0xFF, 0x00);
  849          //        dl1a_write_register(0x34, 0x03);
  850          //        dl1a_write_register(0x35, 0x44);
  851          //        dl1a_write_register(0xFF, 0x01);
  852          //        dl1a_write_register(0x31, 0x04);
  853          //        dl1a_write_register(0x4B, 0x09);
  854          //        dl1a_write_register(0x4C, 0x05);
  855          //        dl1a_write_register(0x4D, 0x04);
  856          //        dl1a_write_register(0xFF, 0x00);
C251 COMPILER V5.60.0,  SEEKFREE_DL1A                                                      31/03/25  21:01:42  PAGE 15  

  857          //        dl1a_write_register(0x44, 0x00);
  858          //        dl1a_write_register(0x45, 0x20);
  859          //        dl1a_write_register(0x47, 0x08);
  860          //        dl1a_write_register(0x48, 0x28);
  861          //        dl1a_write_register(0x67, 0x00);
  862          //        dl1a_write_register(0x70, 0x04);
  863          //        dl1a_write_register(0x71, 0x01);
  864          //        dl1a_write_register(0x72, 0xFE);
  865          //        dl1a_write_register(0x76, 0x00);
  866          //        dl1a_write_register(0x77, 0x00);
  867          //        dl1a_write_register(0xFF, 0x01);
  868          //        dl1a_write_register(0x0D, 0x01);
  869          //        dl1a_write_register(0xFF, 0x00);
  870          //        dl1a_write_register(0x80, 0x01);
  871          //        dl1a_write_register(0x01, 0xF8);
  872          //        dl1a_write_register(0xFF, 0x01);
  873          //        dl1a_write_register(0x8E, 0x01);
  874          //        dl1a_write_register(0x00, 0x01);
  875          //        dl1a_write_register(0xFF, 0x00);
  876          //        dl1a_write_register(0x80, 0x00);
  877          //        // е°Ҷдёӯж–ӯй…ҚзҪ®и®ҫзҪ®дёәж–°ж ·е“Ғе°ұз»Ә
  878          //        dl1a_write_register(DL1A_SYSTEM_INTERRUPT_GPIO_CONFIG, 0x04);
  879          //        reg_data_buffer = dl1a_read_register(DL1A_GPIO_HV_MUX_ACTIVE_HIGH);
  880          //        dl1a_write_register(DL1A_GPIO_HV_MUX_ACTIVE_HIGH, reg_data_buffer & ~0x10);
  881          //        dl1a_write_register(DL1A_SYSTEM_INTERRUPT_CLEAR, 0x01);
  882          //        measurement_timing_budget_us  = dl1a_get_measurement_timing_budget();
  883          //        // й»ҳи®Өжғ…еҶөдёӢзҰҒз”Ё MSRC е’Ң TCC
  884          //        // MSRC = Minimum Signal Rate Check
  885          //        // TCC = Target CentreCheck
  886          //        dl1a_write_register(DL1A_SYSTEM_SEQUENCE_CONFIG, 0xE8);
  887          //        dl1a_set_measurement_timing_budget(measurement_timing_budget_us);    // йҮҚж–°и®Ўз®—ж—¶еәҸйў„з®
             -—
  888          //        // -------------------------------- DL1A й…ҚзҪ®еҲқе§ӢеҢ– --------------------------------
  889          //        dl1a_write_register(DL1A_SYSTEM_SEQUENCE_CONFIG, 0x01);
  890          //        if (dl1a_perform_single_ref_calibration(0x40))
  891          //        {
  892          //            return_state = 1;
  893          //            break;
  894          //        }
  895          //        dl1a_write_register(DL1A_SYSTEM_SEQUENCE_CONFIG, 0x02);
  896          //        if (dl1a_perform_single_ref_calibration(0x00))
  897          //        {
  898          //            return_state = 1;
  899          //            break;
  900          //        }
  901          //        dl1a_write_register(DL1A_SYSTEM_SEQUENCE_CONFIG, 0xE8);           // жҒўеӨҚд»ҘеүҚзҡ„еәҸеҲ—й…ҚзҪ
             -®
  902          //        delay_ms(100);
  903          //        dl1a_write_register(0x80, 0x01);
  904          //        dl1a_write_register(0xFF, 0x01);
  905          //        dl1a_write_register(0x00, 0x00);
  906          //        dl1a_write_register(0x91, stop_variable);
  907          //        dl1a_write_register(0x00, 0x01);
  908          //        dl1a_write_register(0xFF, 0x00);
  909          //        dl1a_write_register(0x80, 0x00);
  910          //        dl1a_write_register(DL1A_SYSRANGE_START, 0x02);
  911          //    }
  912          //    while(0);
  913          //    return return_state;
  914          //}
  915          
*** WARNING C38 IN LINE 915 OF ..\..\Libraries\seekfree_peripheral\SEEKFREE_DL1A.c: empty translation unit


Module Information          Static   Overlayable
------------------------------------------------
  code size            =    ------     ------
C251 COMPILER V5.60.0,  SEEKFREE_DL1A                                                      31/03/25  21:01:42  PAGE 16  

  ecode size           =    ------     ------
  data size            =    ------     ------
  idata size           =    ------     ------
  pdata size           =    ------     ------
  xdata size           =    ------     ------
  xdata-const size     =    ------     ------
  edata size           =    ------     ------
  bit size             =    ------     ------
  ebit size            =    ------     ------
  bitaddressable size  =    ------     ------
  ebitaddressable size =    ------     ------
  far data size        =    ------     ------
  huge data size       =    ------     ------
  const size           =    ------     ------
  hconst size          =    ------     ------
End of Module Information.


C251 COMPILATION COMPLETE.  1 WARNING(S),  0 ERROR(S)
