C251 COMPILER V5.60.0,  SEEKFREE_ICM20602                                                  31/03/25  21:11:31  PAGE 1   


C251 COMPILER V5.60.0, COMPILATION OF MODULE SEEKFREE_ICM20602
OBJECT MODULE PLACED IN .\Out_File\SEEKFREE_ICM20602.obj
COMPILER INVOKED BY: C:\Keil_v5\C251\BIN\C251.EXE ..\..\Libraries\seekfree_peripheral\SEEKFREE_ICM20602.c XSMALL WARNING
                    -LEVEL(3) OPTIMIZE(0,SPEED) BROWSE INCDIR(..\..\Libraries\libraries;..\..\Libraries\seekfree_libraries;..\..\Libraries\se
                    -ekfree_peripheral;..\CODE;..\USER\inc;..\USER\src;..\..\Libraries\seekfree_components;..\USER\inc;..\USER\src;..\MDK) DE
                    -BUG PRINT(.\Out_File\SEEKFREE_ICM20602.lst) TABS(2) OBJECT(.\Out_File\SEEKFREE_ICM20602.obj) 

stmt  level    source

    1          /********************************************************************************************************
             -*************
    2           * COPYRIGHT NOTICE
    3           * Copyright (c) 2018,ж№ЗЩПЦММ
    4           * All rights reserved.
    5           * ММЪѕЬжТлQQШКЃКвЛШКЃК179029047(вбТњ)  ЖўШКЃК244861897
    6           *
    7           * вдЯТЫљгаФкШнАцШЈОљЪєж№ЗЩПЦММЫљгаЃЌЮДО­дЪаэВЛЕУгУгкЩЬвЕгУЭОЃЌ
    8           * ЛЖг­ИїЮЛЪЙгУВЂДЋВЅБОГЬађЃЌаоИФФкШнЪББиаыБЃСєж№ЗЩПЦММЕФАцШЈЩљУїЁЃ
    9           *
   10           * @file          ICM20602
   11           * @company       ГЩЖМж№ЗЩПЦММгаЯоЙЋЫО
   12           * @author        ж№ЗЩПЦММ(QQ3184284598)
   13           * @version       ВщПДdocФкversionЮФМў АцБОЫЕУї
   14           * @Software    MDK FOR C251 V5.60
   15           * @Target core   STC32G12K128
   16           * @Taobao      https://seekfree.taobao.com/
   17           * @date          2019-04-30
   18           * @note
   19                    НгЯпЖЈвхЃК
   20                    ------------------------------------
   21                    ICM20602ФЃПщ(SPIЭЈаХ)   ЕЅЦЌЛњ
   22                    SPC                 ВщПДSEEKFREE_ICM20602.hЮФМўжаЕФICM20602_SPC_PINКъЖЈвх
   23                    SDI                 ВщПДSEEKFREE_ICM20602.hЮФМўжаЕФICM20602_SDI_PINКъЖЈвх
   24                    SDO                 ВщПДSEEKFREE_ICM20602.hЮФМўжаЕФICM20602_SDO_PINКъЖЈвх
   25                    CS                  ВщПДSEEKFREE_ICM20602.hЮФМўжаЕФICM20602_CS_PINКъЖЈвх
   26                    ------------------------------------
   27                    ICM20602ФЃПщ(IICЭЈаХ)   ЕЅЦЌЛњ
   28                    SCL                 ВщПДSEEKFREE_ICM20602.hЮФМўжаЕФICM20602_SCL_PINКъЖЈвх
   29                    SDA                 ВщПДSEEKFREE_ICM20602.hЮФМўжаЕФICM20602_SDA_PINКъЖЈвх
   30                    ------------------------------------
   31           ********************************************************************************************************
             -************/
   32          
   33          
   34          #include "SEEKFREE_ICM20602.h"
   35          
   36          #include "zf_delay.h"
   37          #include "zf_spi.h"
   38          
   39          
   40          #pragma warning disable = 177
   41          #pragma warning disable = 183
   42          
   43          int16 icm20602_gyro_x,icm20602_gyro_y,icm20602_gyro_z;
   44          int16 icm20602_acc_x,icm20602_acc_y,icm20602_acc_z;
   45          
   46          
   47          #if ICM20602_USE_SOFT_IIC
               
               
               #define GET_ICM20602_SDA        ICM20602_SDA_PIN
               #define ICM20602_SDA_LOW()          ICM20602_SDA_PIN = 0    //IOПкЪфГіЕЭЕчЦН
               #define ICM20602_SDA_HIGH()         ICM20602_SDA_PIN = 1    //IOПкЪфГіИпЕчЦН
               
               #define ICM20602_SCL_LOW()          ICM20602_SCL_PIN = 0    //IOПкЪфГіЕЭЕчЦН
C251 COMPILER V5.60.0,  SEEKFREE_ICM20602                                                  31/03/25  21:11:31  PAGE 2   

               #define ICM20602_SCL_HIGH()         ICM20602_SCL_PIN = 1    //IOПкЪфГіИпЕчЦН
               
               #define ack 1      //жїгІД№
               #define no_ack 0   //ДггІД№ 
               
               //-------------------------------------------------------------------------------------------------------
             -------------
               //  @brief      ФЃФтIICбгЪБ
               //  @return     void
               //  @since      v1.0
               //  Sample usage:       ШчЙћIICЭЈбЖЪЇАмПЩвдГЂЪддіМгjЕФжЕ
               //-------------------------------------------------------------------------------------------------------
             -------------
               static void icm20602_simiic_delay(void)
               {
                   uint16 xdata j=ICM20602_SOFT_IIC_DELAY;
                   while(j--);
               }
               
               //ФкВПЪЙгУЃЌгУЛЇЮоашЕїгУ
               static void icm20602_simiic_start(void)
               {
                   ICM20602_SDA_HIGH();
                   ICM20602_SCL_HIGH();
                   icm20602_simiic_delay();
                   ICM20602_SDA_LOW();
                   icm20602_simiic_delay();
                   ICM20602_SCL_LOW();
               }
               
               //ФкВПЪЙгУЃЌгУЛЇЮоашЕїгУ
               static void icm20602_simiic_stop(void)
               {
                   ICM20602_SDA_LOW();
                   ICM20602_SCL_LOW();
                   icm20602_simiic_delay();
                   ICM20602_SCL_HIGH();
                   icm20602_simiic_delay();
                   ICM20602_SDA_HIGH();
                   icm20602_simiic_delay();
               }
               
               //жїгІД№(АќКЌack:SDA=0КЭno_ack:SDA=0)
               //ФкВПЪЙгУЃЌгУЛЇЮоашЕїгУ
               static void icm20602_simiic_sendack(unsigned char ack_dat)
               {
                   ICM20602_SCL_LOW();
                   icm20602_simiic_delay();
                   if(ack_dat) ICM20602_SDA_LOW();
                   else      ICM20602_SDA_HIGH();
                   ICM20602_SCL_HIGH();
                   icm20602_simiic_delay();
                   ICM20602_SCL_LOW();
                   icm20602_simiic_delay();
               }
               
               
               static int icm20602_sccb_waitack(void)
               {
                   ICM20602_SCL_LOW();
                   icm20602_simiic_delay();
                   ICM20602_SCL_HIGH();
                   icm20602_simiic_delay();
                   if(GET_ICM20602_SDA)           //гІД№ЮЊИпЕчЦНЃЌвьГЃЃЌЭЈаХЪЇАм
                   {
                       ICM20602_SCL_LOW();
C251 COMPILER V5.60.0,  SEEKFREE_ICM20602                                                  31/03/25  21:11:31  PAGE 3   

                       return 0;
                   }
                   ICM20602_SCL_LOW();
                   icm20602_simiic_delay();
                   return 1;
               }
               
               //зжНкЗЂЫЭГЬађ
               //ЗЂЫЭc(ПЩвдЪЧЪ§ОнвВПЩЪЧЕижЗ)ЃЌЫЭЭъКѓНгЪеДггІД№
               //ВЛПМТЧДггІД№ЮЛ
               //ФкВПЪЙгУЃЌгУЛЇЮоашЕїгУ
               static void icm20602_send_ch(uint8 c)
               {
                   uint8 xdata i = 8;
                   while(i--)
                   {
                       if(c & 0x80)  ICM20602_SDA_HIGH();//SDA ЪфГіЪ§Он
                       else      ICM20602_SDA_LOW();
                       c <<= 1;
                       icm20602_simiic_delay();
                       ICM20602_SCL_HIGH();                //SCL Р­ИпЃЌВЩМЏаХКХ
                       icm20602_simiic_delay();
                       ICM20602_SCL_LOW();                //SCL ЪБжгЯпР­ЕЭ
                   }
                   icm20602_sccb_waitack();
               }
               
               
               //зжНкНгЪеГЬађ
               //НгЪеЦїМўДЋРДЕФЪ§ОнЃЌДЫГЬађгІХфКЯ|жїгІД№КЏЪ§|ЪЙгУ
               //ФкВПЪЙгУЃЌгУЛЇЮоашЕїгУ
               static uint8 icm20602_read_ch(uint8 ack_x)
               {
                   uint8 xdata i;
                   uint8 xdata c;
                   c=0;
                   ICM20602_SCL_LOW();
                   icm20602_simiic_delay();
                   ICM20602_SDA_HIGH();
                   for(i=0; i<8; i++)
                   {
                       icm20602_simiic_delay();
                       ICM20602_SCL_LOW();         //жУЪБжгЯпЮЊЕЭЃЌзМБИНгЪеЪ§ОнЮЛ
                       icm20602_simiic_delay();
                       ICM20602_SCL_HIGH();         //жУЪБжгЯпЮЊИпЃЌЪЙЪ§ОнЯпЩЯЪ§ОнгааЇ
                       icm20602_simiic_delay();
                       c<<=1;
                       if(GET_ICM20602_SDA)
                       {
                           c+=1;   //ЖСЪ§ОнЮЛЃЌНЋНгЪеЕФЪ§ОнДцc
                       }
                   }
                   ICM20602_SCL_LOW();
                   icm20602_simiic_delay();
                   icm20602_simiic_sendack(ack_x);
                   return c;
               }
               
               
               //-------------------------------------------------------------------------------------------------------
             -------------
               //  @brief      ФЃФтIICаДЪ§ОнЕНЩшБИМФДцЦїКЏЪ§
               //  @param      dev_add     ЩшБИЕижЗ(ЕЭЦпЮЛЕижЗ)
               //  @param      reg       МФДцЦїЕижЗ
               //  @param      dat       аДШыЕФЪ§Он
               //  @return     void
C251 COMPILER V5.60.0,  SEEKFREE_ICM20602                                                  31/03/25  21:11:31  PAGE 4   

               //  @since      v1.0
               //  Sample usage:
               //-------------------------------------------------------------------------------------------------------
             -------------
               static void icm20602_simiic_write_reg(uint8 dev_add, uint8 reg, uint8 dat)
               {
                   icm20602_simiic_start();
                   icm20602_send_ch( (dev_add<<1) | 0x00);   //ЗЂЫЭЦїМўЕижЗМгаДЮЛ
                   icm20602_send_ch( reg );           //ЗЂЫЭДгЛњМФДцЦїЕижЗ
                   icm20602_send_ch( dat );           //ЗЂЫЭашвЊаДШыЕФЪ§Он
                   icm20602_simiic_stop();
               }
               
               //-------------------------------------------------------------------------------------------------------
             -------------
               //  @brief      ФЃФтIICДгЩшБИМФДцЦїЖСШЁЪ§Он
               //  @param      dev_add     ЩшБИЕижЗ(ЕЭЦпЮЛЕижЗ)
               //  @param      reg       МФДцЦїЕижЗ
               //  @param      type      бЁдёЭЈаХЗНЪНЪЧIIC  ЛЙЪЧ SCCB
               //  @return     uint8 xdata     ЗЕЛиМФДцЦїЕФЪ§Он
               //  @since      v1.0
               //  Sample usage:
               //-------------------------------------------------------------------------------------------------------
             -------------
               static uint8 icm20602_simiic_read_reg(uint8 dev_add, uint8 reg)
               {
                   uint8 xdata dat;
                   icm20602_simiic_start();
                   icm20602_send_ch( (dev_add<<1) | 0x00);  //ЗЂЫЭЦїМўЕижЗМгаДЮЛ
                   icm20602_send_ch( reg );          //ЗЂЫЭДгЛњМФДцЦїЕижЗ
                   icm20602_simiic_start();
                   icm20602_send_ch( (dev_add<<1) | 0x01);  //ЗЂЫЭЦїМўЕижЗМгЖСЮЛ
                   dat = icm20602_read_ch(no_ack);           //ЖСШЁЪ§Он
                   icm20602_simiic_stop();
                   return dat;
               }
               
               //-------------------------------------------------------------------------------------------------------
             -------------
               //  @brief      ФЃФтIICЖСШЁЖрзжНкЪ§Он
               //  @param      dev_add     ЩшБИЕижЗ(ЕЭЦпЮЛЕижЗ)
               //  @param      reg       МФДцЦїЕижЗ
               //  @param      dat_add     Ъ§ОнБЃДцЕФЕижЗжИеы
               //  @param      num       ЖСШЁзжНкЪ§СП
               //  @param      type      бЁдёЭЈаХЗНЪНЪЧIIC  ЛЙЪЧ SCCB
               //  @return     uint8 xdata     ЗЕЛиМФДцЦїЕФЪ§Он
               //  @since      v1.0
               //  Sample usage:
               //-------------------------------------------------------------------------------------------------------
             -------------
               static void icm20602_simiic_read_regs(uint8 dev_add, uint8 reg, uint8 *dat_add, uint32 num)
               {
                   icm20602_simiic_start();
                   icm20602_send_ch( (dev_add<<1) | 0x00);  //ЗЂЫЭЦїМўЕижЗМгаДЮЛ
                   icm20602_send_ch( reg );          //ЗЂЫЭДгЛњМФДцЦїЕижЗ
                   icm20602_simiic_start();
                   icm20602_send_ch( (dev_add<<1) | 0x01);  //ЗЂЫЭЦїМўЕижЗМгЖСЮЛ
                   while(--num)
                   {
                       *dat_add = icm20602_read_ch(ack); //ЖСШЁЪ§Он
                       dat_add++;
                   }
                   *dat_add = icm20602_read_ch(no_ack); //ЖСШЁЪ§Он
                   icm20602_simiic_stop();
               }
               
C251 COMPILER V5.60.0,  SEEKFREE_ICM20602                                                  31/03/25  21:11:31  PAGE 5   

               #define icm20602_write_register(reg, dat)        (icm20602_simiic_write_reg(ICM20602_DEV_ADDR, (reg), (da
             -t)))
               #define icm20602_write_registers(reg, dat, len)  (icm20602_simiic_write_regs(ICM20602_DEV_ADDR, (reg), (d
             -at), (len)))
               #define icm20602_read_register(reg)              (icm20602_simiic_read_reg(ICM20602_DEV_ADDR, (reg)))
               #define icm20602_read_registers(reg, dat, len)   (icm20602_simiic_read_regs(ICM20602_DEV_ADDR, (reg), (da
             -t), (len)))
               
               #else
  251          
  252          #define ICM20602_SCK(x)       ICM20602_SPC_PIN  = x
  253          #define ICM20602_MOSI(x)      ICM20602_SDI_PIN = x
  254          #define ICM20602_CS(x)        ICM20602_CS_PIN  = x
  255          #define ICM20602_MISO         ICM20602_SDO_PIN
  256          
  257          //-------------------------------------------------------------------------------------------------------
             -------------
  258          //  @brief      ЭЈЙ§SPIаДвЛИіbyte,ЭЌЪБЖСШЁвЛИіbyte
  259          //  @param      byte        ЗЂЫЭЕФЪ§Он
  260          //  @return     uint8 xdata       return ЗЕЛиstatusзДЬЌ
  261          //  @since      v1.0
  262          //  Sample usage:
  263          //-------------------------------------------------------------------------------------------------------
             -------------
  264          static uint8 icm20602_simspi_wr_byte(uint8 byte)
  265          {
  266   1          uint8 xdata i;
  267   1          for(i=0; i<8; i++)
  268   1          {
  269   2              ICM20602_MOSI(byte&0x80);
  270   2              byte <<= 1;
  271   2              ICM20602_SCK (0);
  272   2              ICM20602_SCK (0);
  273   2              ICM20602_SCK (1);
  274   2              ICM20602_SCK (1);
  275   2              byte |= ICM20602_MISO;
  276   2          }
  277   1          return(byte);
  278   1      }
  279          //-------------------------------------------------------------------------------------------------------
             -------------
  280          //  @brief      НЋvalаДШыcmdЖдгІЕФМФДцЦїЕижЗ,ЭЌЪБЗЕЛиstatusзжНк
  281          //  @param      cmd         УќСюзж
  282          //  @param      val         Д§аДШыМФДцЦїЕФЪ§жЕ
  283          //  @since      v1.0
  284          //  Sample usage:
  285          //-------------------------------------------------------------------------------------------------------
             -------------
  286          static void icm20602_simspi_w_reg_byte(uint8 cmd, uint8 val)
  287          {
  288   1          cmd |= ICM20602_SPI_W;
  289   1          icm20602_simspi_wr_byte(cmd);
  290   1          icm20602_simspi_wr_byte(val);
  291   1      }
  292          
  293          
  294          //-------------------------------------------------------------------------------------------------------
             -------------
  295          //  @brief      НЋvalаДШыcmdЖдгІЕФМФДцЦїЕижЗ
  296          //  @param      cmd         УќСюзж
  297          //  @param      val         Д§аДШыМФДцЦїЕФЪ§жЕ
  298          //  @since      v1.0
  299          //  Sample usage:
  300          //-------------------------------------------------------------------------------------------------------
             -------------
  301          //static void icm20602_simspi_w_reg_bytes(uint8 cmd, uint8 *dat_addr, uint32 len)
C251 COMPILER V5.60.0,  SEEKFREE_ICM20602                                                  31/03/25  21:11:31  PAGE 6   

  302          //{
  303          
  304          //
  305          //    ICM20602_CS(0);
  306          //    cmd |= ICM20602_SPI_W;
  307          //    icm20602_simspi_wr_byte(cmd);
  308          //  while(len--)
  309          //  {
  310          //    icm20602_simspi_wr_byte(*dat_addr++);
  311          //  }
  312          //    ICM20602_CS(1);
  313          //}
  314          
  315          //-------------------------------------------------------------------------------------------------------
             -------------
  316          //  @brief      ЖСШЁcmdЫљЖдгІЕФМФДцЦїЕижЗ
  317          //  @param      cmd         УќСюзж
  318          //  @param      *val        ДцДЂЖСШЁЕФЪ§ОнЕижЗ
  319          //  @since      v1.0
  320          //  Sample usage:
  321          //-------------------------------------------------------------------------------------------------------
             -------------
  322          static void icm20602_simspi_r_reg_byte(uint8 cmd, uint8 *val)
  323          {
  324   1          cmd |= ICM20602_SPI_R;
  325   1          icm20602_simspi_wr_byte(cmd);
  326   1          *val = icm20602_simspi_wr_byte(0);
  327   1      }
  328          
  329          //-------------------------------------------------------------------------------------------------------
             -------------
  330          //  @brief      ЖСШЁcmdЫљЖдгІЕФМФДцЦїЕижЗ
  331          //  @param      cmd         УќСюзж
  332          //  @param      *val        ДцДЂЖСШЁЕФЪ§ОнЕижЗ
  333          //  @param      num         ЖСШЁЕФЪ§СП
  334          //  @since      v1.0
  335          //  Sample usage:
  336          //-------------------------------------------------------------------------------------------------------
             -------------
  337          static void icm20602_simspi_r_reg_bytes(uint8 cmd, uint8 *val, uint32 num)
  338          {
  339   1          uint32 xdata i = 0;
  340   1          cmd |= ICM20602_SPI_R;
  341   1          icm20602_simspi_wr_byte(cmd);
  342   1          while(num--)
  343   1          {
  344   2              *val++ = icm20602_simspi_wr_byte(0);
  345   2          }
  346   1      }
  347          
  348          
  349          //-------------------------------------------------------------------------------------------------------
             -------------
  350          // КЏЪ§МђНщ     IMU660RA аДМФДцЦї
  351          // ВЮЪ§ЫЕУї     reg             МФДцЦїЕижЗ
  352          // ВЮЪ§ЫЕУї     dat            Ъ§Он
  353          // ЗЕЛиВЮЪ§     void
  354          // ЪЙгУЪОР§     icm20602_write_register(ICM20602_PWR_CONF, 0x00);                   // ЙиБеИпМЖЪЁЕчФЃЪН
  355          // БИзЂаХЯЂ     ФкВПЕїгУ
  356          //-------------------------------------------------------------------------------------------------------
             -------------
  357          static void icm20602_write_register(uint8 reg, uint8 dat)
  358          {
  359   1          ICM20602_CS(0);
  360   1          icm20602_simspi_w_reg_byte(reg | ICM20602_SPI_W, dat);
  361   1          ICM20602_CS(1);
C251 COMPILER V5.60.0,  SEEKFREE_ICM20602                                                  31/03/25  21:11:31  PAGE 7   

  362   1      }
  363          
  364          //-------------------------------------------------------------------------------------------------------
             -------------
  365          // КЏЪ§МђНщ     IMU660RA аДЪ§Он
  366          // ВЮЪ§ЫЕУї     reg             МФДцЦїЕижЗ
  367          // ВЮЪ§ЫЕУї     dat            Ъ§Он
  368          // ЗЕЛиВЮЪ§     void
  369          // ЪЙгУЪОР§     icm20602_write_registers(ICM20602_INIT_dat, icm20602_config_file, sizeof(icm20602_config_
             -file));
  370          // БИзЂаХЯЂ     ФкВПЕїгУ
  371          //-------------------------------------------------------------------------------------------------------
             -------------
  372          //static void icm20602_write_registers(uint8 reg, const uint8 *dat, uint32 len)
  373          //{
  374          //    ICM20602_CS(0);
  375          //    icm20602_simspi_w_reg_bytes(reg | ICM20602_SPI_W, dat, len);
  376          //    ICM20602_CS(1);
  377          //}
  378          
  379          //-------------------------------------------------------------------------------------------------------
             -------------
  380          // КЏЪ§МђНщ     IMU660RA ЖСМФДцЦї
  381          // ВЮЪ§ЫЕУї     reg             МФДцЦїЕижЗ
  382          // ЗЕЛиВЮЪ§     uint8 xdata           Ъ§Он
  383          // ЪЙгУЪОР§     icm20602_read_register(ICM20602_CHIP_ID);
  384          // БИзЂаХЯЂ     ФкВПЕїгУ
  385          //-------------------------------------------------------------------------------------------------------
             -------------
  386          static uint8 icm20602_read_register(uint8 reg)
  387          {
  388   1          uint8 xdata dat;
  389   1          ICM20602_CS(0);
  390   1          icm20602_simspi_r_reg_byte(reg | ICM20602_SPI_R, &dat);
  391   1          ICM20602_CS(1);
  392   1          return dat;
  393   1      }
  394          
  395          //-------------------------------------------------------------------------------------------------------
             -------------
  396          // КЏЪ§МђНщ     IMU660RA ЖСЪ§Он
  397          // ВЮЪ§ЫЕУї     reg             МФДцЦїЕижЗ
  398          // ВЮЪ§ЫЕУї     dat            Ъ§ОнЛКГхЧј
  399          // ВЮЪ§ЫЕУї     len             Ъ§ОнГЄЖШ
  400          // ЗЕЛиВЮЪ§     void
  401          // ЪЙгУЪОР§     icm20602_read_registers(ICM20602_ACC_ADDRESS, dat, 6);
  402          // БИзЂаХЯЂ     ФкВПЕїгУ
  403          //-------------------------------------------------------------------------------------------------------
             -------------
  404          static void icm20602_read_registers(uint8 reg, uint8 *dat, uint32 len)
  405          {
  406   1          ICM20602_CS(0);
  407   1          icm20602_simspi_r_reg_bytes(reg | ICM20602_SPI_R, dat, len);
  408   1          ICM20602_CS(1);
  409   1      }
  410          
  411          
  412          #endif
  413          
  414          //-------------------------------------------------------------------------------------------------------
             -------------
  415          // КЏЪ§МђНщ     ICM20602 здМь
  416          // ВЮЪ§ЫЕУї     void
  417          // ЗЕЛиВЮЪ§     uint8 xdata           1-здМьЪЇАм 0-здМьГЩЙІ
  418          // ЪЙгУЪОР§     icm20602_self_check();
  419          // БИзЂаХЯЂ     ФкВПЕїгУ
C251 COMPILER V5.60.0,  SEEKFREE_ICM20602                                                  31/03/25  21:11:31  PAGE 8   

  420          //-------------------------------------------------------------------------------------------------------
             -------------
  421          static uint8 icm20602_self_check (void)
  422          {
  423   1          uint8 xdata dat = 0, return_state = 0;
  424   1          uint16 xdata timeout_count = 0;
  425   1          while(0x12 != dat)                                                          // ХаЖЯ ID ЪЧЗёе§ШЗ
  426   1          {
  427   2              if(timeout_count ++ > ICM20602_TIMEOUT_COUNT)
  428   2              {
  429   3                  return_state =  1;
  430   3                  break;
  431   3              }
  432   2              dat = icm20602_read_register(ICM20602_WHO_AM_I);
  433   2              delay_ms(10);
  434   2          }
  435   1          return return_state;
  436   1      }
  437          
  438          //-------------------------------------------------------------------------------------------------------
             -------------
  439          // КЏЪ§МђНщ     ЛёШЁ ICM20602 МгЫйЖШМЦЪ§Он
  440          // ВЮЪ§ЫЕУї     void
  441          // ЗЕЛиВЮЪ§     void
  442          // ЪЙгУЪОР§     icm20602_get_acc();                                             // жДааИУКЏЪ§КѓЃЌжБНгВщПД
             -ЖдгІЕФБфСПМДПЩ
  443          // БИзЂаХЯЂ
  444          //-------------------------------------------------------------------------------------------------------
             -------------
  445          void icm20602_get_acc (void)
  446          {
  447   1          uint8 xdata dat[6];
  448   1          icm20602_read_registers(ICM20602_ACCEL_XOUT_H, dat, 6);
  449   1          icm20602_acc_x = (int16)(((uint16)dat[0] << 8 | dat[1]));
  450   1          icm20602_acc_y = (int16)(((uint16)dat[2] << 8 | dat[3]));
  451   1          icm20602_acc_z = (int16)(((uint16)dat[4] << 8 | dat[5]));
  452   1      }
  453          
  454          //-------------------------------------------------------------------------------------------------------
             -------------
  455          // КЏЪ§МђНщ     ЛёШЁICM20602ЭгТнвЧЪ§Он
  456          // ВЮЪ§ЫЕУї     void
  457          // ЗЕЛиВЮЪ§     void
  458          // ЪЙгУЪОР§     icm20602_get_gyro();                                            // жДааИУКЏЪ§КѓЃЌжБНгВщПД
             -ЖдгІЕФБфСПМДПЩ
  459          // БИзЂаХЯЂ
  460          //-------------------------------------------------------------------------------------------------------
             -------------
  461          void icm20602_get_gyro (void)
  462          {
  463   1          uint8 xdata dat[6];
  464   1          icm20602_read_registers(ICM20602_GYRO_XOUT_H, dat, 6);
  465   1          icm20602_gyro_x = (int16)(((uint16)dat[0] << 8 | dat[1]));
  466   1          icm20602_gyro_y = (int16)(((uint16)dat[2] << 8 | dat[3]));
  467   1          icm20602_gyro_z = (int16)(((uint16)dat[4] << 8 | dat[5]));
  468   1      }
  469          
  470          //-------------------------------------------------------------------------------------------------------
             -------------
  471          // КЏЪ§МђНщ     НЋ ICM20602 МгЫйЖШМЦЪ§ОнзЊЛЛЮЊЪЕМЪЮяРэЪ§Он
  472          // ВЮЪ§ЫЕУї     gyro_value      ШЮвтжсЕФМгЫйЖШМЦЪ§Он
  473          // ЗЕЛиВЮЪ§     void
  474          // ЪЙгУЪОР§     float data = icm20602_acc_transition(icm20602_acc_x);           // ЕЅЮЛЮЊ g(m/s^2)
  475          // БИзЂаХЯЂ
  476          //-------------------------------------------------------------------------------------------------------
             -------------
C251 COMPILER V5.60.0,  SEEKFREE_ICM20602                                                  31/03/25  21:11:31  PAGE 9   

  477          float icm20602_acc_transition (int16 acc_value)
  478          {
  479   1          float acc_data = 0;
  480   1          switch(ICM20602_ACC_SAMPLE)
  481   1          {
  482   2              case 0x00:
  483   2                  acc_data = (float)acc_value / 16384;
  484   2                  break;                  // 0x00 МгЫйЖШМЦСПГЬЮЊ:ЁР2g     ЛёШЁЕНЕФМгЫйЖШМЦЪ§Он Г§вд 16384      
             -ПЩвдзЊЛЏЮЊДјЮяРэЕЅЮЛЕФЪ§ОнЃЌЕЅЮЛЃКg(m/s^2)
  485   2              case 0x08:
  486   2                  acc_data = (float)acc_value / 8192;
  487   2                  break;                  // 0x08 МгЫйЖШМЦСПГЬЮЊ:ЁР4g     ЛёШЁЕНЕФМгЫйЖШМЦЪ§Он Г§вд 8192       
             -ПЩвдзЊЛЏЮЊДјЮяРэЕЅЮЛЕФЪ§ОнЃЌЕЅЮЛЃКg(m/s^2)
  488   2              case 0x10:
  489   2                  acc_data = (float)acc_value / 4096;
  490   2                  break;                  // 0x10 МгЫйЖШМЦСПГЬЮЊ:ЁР8g     ЛёШЁЕНЕФМгЫйЖШМЦЪ§Он Г§вд 4096       
             -ПЩвдзЊЛЏЮЊДјЮяРэЕЅЮЛЕФЪ§ОнЃЌЕЅЮЛЃКg(m/s^2)
  491   2              case 0x18:
  492   2                  acc_data = (float)acc_value / 2048;
  493   2                  break;                  // 0x18 МгЫйЖШМЦСПГЬЮЊ:ЁР16g    ЛёШЁЕНЕФМгЫйЖШМЦЪ§Он Г§вд 2048       
             -ПЩвдзЊЛЏЮЊДјЮяРэЕЅЮЛЕФЪ§ОнЃЌЕЅЮЛЃКg(m/s^2)
  494   2              default:
  495   2                  break;
  496   2          }
  497   1          return acc_data;
  498   1      }
  499          
  500          //-------------------------------------------------------------------------------------------------------
             -------------
  501          // КЏЪ§МђНщ     НЋ ICM20602 ЭгТнвЧЪ§ОнзЊЛЛЮЊЪЕМЪЮяРэЪ§Он
  502          // ВЮЪ§ЫЕУї     gyro_value      ШЮвтжсЕФЭгТнвЧЪ§Он
  503          // ЗЕЛиВЮЪ§     void
  504          // ЪЙгУЪОР§     float data = icm20602_gyro_transition(icm20602_gyro_x);         // ЕЅЮЛЮЊЁу/s
  505          // БИзЂаХЯЂ
  506          //-------------------------------------------------------------------------------------------------------
             -------------
  507          float icm20602_gyro_transition (int16 gyro_value)
  508          {
  509   1          float gyro_data = 0;
  510   1          switch(ICM20602_GYR_SAMPLE)
  511   1          {
  512   2              case 0x00:
  513   2                  gyro_data = (float)gyro_value / 131.0f;
  514   2                  break;              // 0x00 ЭгТнвЧСПГЬЮЊ:ЁР250 dps     ЛёШЁЕНЕФЭгТнвЧЪ§ОнГ§вд 131           П
             -ЩвдзЊЛЏЮЊДјЮяРэЕЅЮЛЕФЪ§ОнЃЌЕЅЮЛЮЊЃКЁу/s
  515   2              case 0x08:
  516   2                  gyro_data = (float)gyro_value / 65.5f;
  517   2                  break;              // 0x08 ЭгТнвЧСПГЬЮЊ:ЁР500 dps     ЛёШЁЕНЕФЭгТнвЧЪ§ОнГ§вд 65.5          П
             -ЩвдзЊЛЏЮЊДјЮяРэЕЅЮЛЕФЪ§ОнЃЌЕЅЮЛЮЊЃКЁу/s
  518   2              case 0x10:
  519   2                  gyro_data = (float)gyro_value / 32.8f;
  520   2                  break;              // 0x10 ЭгТнвЧСПГЬЮЊ:ЁР1000dps     ЛёШЁЕНЕФЭгТнвЧЪ§ОнГ§вд 32.8          П
             -ЩвдзЊЛЏЮЊДјЮяРэЕЅЮЛЕФЪ§ОнЃЌЕЅЮЛЮЊЃКЁу/s
  521   2              case 0x18:
  522   2                  gyro_data = (float)gyro_value / 16.4f;
  523   2                  break;              // 0x18 ЭгТнвЧСПГЬЮЊ:ЁР2000dps     ЛёШЁЕНЕФЭгТнвЧЪ§ОнГ§вд 16.4          П
             -ЩвдзЊЛЏЮЊДјЮяРэЕЅЮЛЕФЪ§ОнЃЌЕЅЮЛЮЊЃКЁу/s
  524   2              default:
  525   2                  break;
  526   2          }
  527   1          return gyro_data;
  528   1      }
  529          
  530          //-------------------------------------------------------------------------------------------------------
             -------------
  531          // КЏЪ§МђНщ     ГѕЪМЛЏ ICM20602
C251 COMPILER V5.60.0,  SEEKFREE_ICM20602                                                  31/03/25  21:11:31  PAGE 10  

  532          // ВЮЪ§ЫЕУї     void
  533          // ЗЕЛиВЮЪ§     uint8 xdata           1-ГѕЪМЛЏЪЇАм 0-ГѕЪМЛЏГЩЙІ
  534          // ЪЙгУЪОР§     icm20602_init();
  535          // БИзЂаХЯЂ
  536          //-------------------------------------------------------------------------------------------------------
             -------------
  537          uint8 icm20602_init (void)
  538          {
  539   1          uint8 xdata val = 0x0, return_state = 0;
  540   1          uint16 xdata timeout_count = 0;
  541   1          delay_ms(10);                                                        // ЩЯЕчбгЪБ
  542   1          do
  543   1          {
  544   2              if(icm20602_self_check())
  545   2              {
  546   3                  // ШчЙћГЬађдкЪфГіСЫЖЯбдаХЯЂ ВЂЧвЬсЪОГіДэЮЛжУдкетРя
  547   3                  // ФЧУДОЭЪЧ ICM20602 здМьГіДэВЂГЌЪБЭЫГіСЫ
  548   3                  // МьВщвЛЯТНгЯпгаУЛгаЮЪЬт ШчЙћУЛЮЪЬтПЩФмОЭЪЧЛЕСЫ
  549   3      //      while(1)
  550   3      //      {
  551   3                  printf("icm20602 self check error.");
  552   3      //        delay_ms(200);
  553   3      //      }
  554   3                  return_state = 1;
  555   3                  break;
  556   3              }
  557   2              icm20602_write_register(ICM20602_PWR_MGMT_1, 0x80);                     // ИДЮЛЩшБИ
  558   2              delay_ms(2);
  559   2              do
  560   2              {
  561   3                  // ЕШД§ИДЮЛГЩЙІ
  562   3                  val = icm20602_read_register(ICM20602_PWR_MGMT_1);
  563   3                  if(timeout_count ++ > ICM20602_TIMEOUT_COUNT)
  564   3                  {
  565   4                      // ШчЙћГЬађдкЪфГіСЫЖЯбдаХЯЂ ВЂЧвЬсЪОГіДэЮЛжУдкетРя
  566   4                      // ФЧУДОЭЪЧ ICM20602 здМьГіДэВЂГЌЪБЭЫГіСЫ
  567   4                      // МьВщвЛЯТНгЯпгаУЛгаЮЪЬт ШчЙћУЛЮЪЬтПЩФмОЭЪЧЛЕСЫ
  568   4      //        while(1)
  569   4      //        {
  570   4                      printf("icm20602 reset error.\r\n");
  571   4      //          delay_ms(200);
  572   4      //        }
  573   4                      return_state = 1;
  574   4                      break;
  575   4                  }
  576   3              }
  577   2              while(0x41 != val);
  578   2              if(1 == return_state)
  579   2              {
  580   3                  break;
  581   3              }
  582   2              icm20602_write_register(ICM20602_PWR_MGMT_1,     0x01);                 // ЪБжгЩшжУ
  583   2              icm20602_write_register(ICM20602_PWR_MGMT_2,     0x00);                 // ПЊЦєЭгТнвЧКЭМгЫйЖШМЦ
  584   2              icm20602_write_register(ICM20602_CONFIG,         0x01);                 // 176HZ 1KHZ
  585   2              icm20602_write_register(ICM20602_SMPLRT_DIV,     0x07);                 // ВЩбљЫйТЪ SAMPLE_RATE =
             - INTERNAL_SAMPLE_RATE / (1 + SMPLRT_DIV)
  586   2              icm20602_write_register(ICM20602_GYRO_CONFIG,    ICM20602_GYR_SAMPLE);  // ЁР2000 dps
  587   2              // ICM20602_GYRO_CONFIGМФДцЦї
  588   2              // ЩшжУЮЊ:0x00 ЭгТнвЧСПГЬЮЊ:ЁР250 dps     ЛёШЁЕНЕФЭгТнвЧЪ§ОнГ§вд131           ПЩвдзЊЛЏЮЊДјЮяРэЕЅЮ
             -ЛЕФЪ§ОнЃЌЕЅЮЛЮЊЃКЁу/s
  589   2              // ЩшжУЮЊ:0x08 ЭгТнвЧСПГЬЮЊ:ЁР500 dps     ЛёШЁЕНЕФЭгТнвЧЪ§ОнГ§вд65.5          ПЩвдзЊЛЏЮЊДјЮяРэЕЅЮ
             -ЛЕФЪ§ОнЃЌЕЅЮЛЮЊЃКЁу/s
  590   2              // ЩшжУЮЊ:0x10 ЭгТнвЧСПГЬЮЊ:ЁР1000dps     ЛёШЁЕНЕФЭгТнвЧЪ§ОнГ§вд32.8          ПЩвдзЊЛЏЮЊДјЮяРэЕЅЮ
             -ЛЕФЪ§ОнЃЌЕЅЮЛЮЊЃКЁу/s
  591   2              // ЩшжУЮЊ:0x18 ЭгТнвЧСПГЬЮЊ:ЁР2000dps     ЛёШЁЕНЕФЭгТнвЧЪ§ОнГ§вд16.4          ПЩвдзЊЛЏЮЊДјЮяРэЕЅЮ
             -ЛЕФЪ§ОнЃЌЕЅЮЛЮЊЃКЁу/s
C251 COMPILER V5.60.0,  SEEKFREE_ICM20602                                                  31/03/25  21:11:31  PAGE 11  

  592   2              icm20602_write_register(ICM20602_ACCEL_CONFIG,   ICM20602_ACC_SAMPLE);  // ЁР8g
  593   2              // ICM20602_ACCEL_CONFIGМФДцЦї
  594   2              // ЩшжУЮЊ:0x00 МгЫйЖШМЦСПГЬЮЊ:ЁР2g          ЛёШЁЕНЕФМгЫйЖШМЦЪ§Он Г§вд16384      ПЩвдзЊЛЏЮЊДјЮяРэЕ
             -ЅЮЛЕФЪ§ОнЃЌЕЅЮЛЃКg(m/s^2)
  595   2              // ЩшжУЮЊ:0x08 МгЫйЖШМЦСПГЬЮЊ:ЁР4g          ЛёШЁЕНЕФМгЫйЖШМЦЪ§Он Г§вд8192       ПЩвдзЊЛЏЮЊДјЮяРэЕ
             -ЅЮЛЕФЪ§ОнЃЌЕЅЮЛЃКg(m/s^2)
  596   2              // ЩшжУЮЊ:0x10 МгЫйЖШМЦСПГЬЮЊ:ЁР8g          ЛёШЁЕНЕФМгЫйЖШМЦЪ§Он Г§вд4096       ПЩвдзЊЛЏЮЊДјЮяРэЕ
             -ЅЮЛЕФЪ§ОнЃЌЕЅЮЛЃКg(m/s^2)
  597   2              // ЩшжУЮЊ:0x18 МгЫйЖШМЦСПГЬЮЊ:ЁР16g         ЛёШЁЕНЕФМгЫйЖШМЦЪ§Он Г§вд2048       ПЩвдзЊЛЏЮЊДјЮяРэЕ
             -ЅЮЛЕФЪ§ОнЃЌЕЅЮЛЃКg(m/s^2)
  598   2              icm20602_write_register(ICM20602_ACCEL_CONFIG_2, 0x03);                 // Average 4 samples   44
             -.8HZ   //0x23 Average 16 samples
  599   2          }
  600   1          while(0);
  601   1          return return_state;
  602   1      }
  603          


Module Information          Static   Overlayable
------------------------------------------------
  code size            =      1064     ------
  ecode size           =    ------     ------
  data size            =    ------     ------
  idata size           =    ------     ------
  pdata size           =    ------     ------
  xdata size           =        24     ------
  xdata-const size     =    ------     ------
  edata size           =        55     ------
  bit size             =    ------     ------
  ebit size            =    ------     ------
  bitaddressable size  =    ------     ------
  ebitaddressable size =    ------     ------
  far data size        =    ------     ------
  huge data size       =    ------     ------
  const size           =    ------     ------
  hconst size          =        51     ------
End of Module Information.


C251 COMPILATION COMPLETE.  0 WARNING(S),  0 ERROR(S)
