C251 COMPILER V5.60.0,  seekfree_assistant                                                 24/06/25  15:45:12  PAGE 1   


C251 COMPILER V5.60.0, COMPILATION OF MODULE seekfree_assistant
OBJECT MODULE PLACED IN .\Out_File\seekfree_assistant.obj
COMPILER INVOKED BY: C:\Keil_v5\C251\BIN\C251.EXE ..\..\Libraries\seekfree_components\seekfree_assistant.c XSMALL WARNIN
                    -GLEVEL(3) OPTIMIZE(0,SPEED) BROWSE INCDIR(..\..\Libraries\libraries;..\..\Libraries\seekfree_libraries;..\..\Libraries\s
                    -eekfree_peripheral;..\CODE;..\USER\inc;..\USER\src;..\..\Libraries\seekfree_components;..\USER\inc;..\USER\src;..\MDK) D
                    -EBUG PRINT(.\Out_File\seekfree_assistant.lst) TABS(2) OBJECT(.\Out_File\seekfree_assistant.obj) 

stmt  level    source

    1          /********************************************************************************************************
             -*************
    2           * COPYRIGHT NOTICE
    3           * Copyright (c) 2020,÷πΖ…ΩΤΦΦ
    4           * All rights reserved.
    5           * ΦΦ θΧ÷¬έQQ»ΚΘΚ“Μ»ΚΘΚ179029047(“―¬ζ)  Εΰ»ΚΘΚ244861897(“―¬ζ)  »ΐ»ΚΘΚ824575535
    6           *
    7           * “‘œ¬Υυ”–ΡΎ»ίΑφ»®Ψυ τ÷πΖ…ΩΤΦΦΥυ”–Θ§Έ¥Ψ≠‘ –μ≤ΜΒΟ”Ο”Ύ…Χ“Β”ΟΆΨΘ§
    8           * ΜΕ”≠ΗςΈΜ Ι”Ο≤Δ¥Ϊ≤Ξ±Ψ≥Χ–ρΘ§–όΗΡΡΎ»ί ±±Ί–κ±ΘΝτ÷πΖ…ΩΤΦΦΒΡΑφ»®…υΟςΓΘ
    9           *
   10           * @file          seekfree_assistant
   11           * @company       ≥…ΕΦ÷πΖ…ΩΤΦΦ”–œόΙΪΥΨ
   12           * @author        ÷πΖ…ΩΤΦΦ(QQ790875685)
   13           * @version       ≤ιΩ¥docΡΎversionΈΡΦΰ Αφ±ΨΥΒΟς
   14           * @Software    MDK FOR C251 V5.60
   15           * @Target core   STC32G12K128
   16           * @Taobao      https://seekfree.taobao.com/
   17           * @date          2020-12-18
   18           ********************************************************************************************************
             -************/
   19           
   20          
   21          #include "seekfree_assistant.h"
   22          
   23          static seekfree_assistant_camera_struct         seekfree_assistant_camera_data = {0};   
   24          seekfree_assistant_oscilloscope_struct          seekfree_assistant_oscilloscope_data = {0};              
             -          // –ιΡβ Ψ≤®Τς ΐΨί
   25          static seekfree_assistant_camera_dot_struct      seekfree_assistant_camera_dot_data = {0};               
             -           // ΆΦœώ…œΈΜΜζ¥ρΒψ–≠“ι ΐΨί
   26          static seekfree_assistant_camera_buffer_struct   seekfree_assistant_camera_buffer = {0};                 
             -           // ΆΦœώ“‘ΦΑ±ΏΫγΜΚ≥ε«χ–≈œΔ
   27          
   28          static fifo_struct      xdata seekfree_assistant_fifo;
   29          static uint8            xdata seekfree_assistant_buffer[SEEKFREE_ASSISTANT_BUFFER_SIZE] = {0};           
             -       //  ΐΨί¥φΖ≈ ΐΉι
   30          float                   xdata seekfree_assistant_parameter[SEEKFREE_ASSISTANT_SET_PARAMETR_COUNT] = {0}; 
             -     // ±Θ¥φΫ” ’ΒΫΒΡ≤Έ ΐ
   31          vuint8          xdata seekfree_assistant_parameter_update_flag[SEEKFREE_ASSISTANT_SET_PARAMETR_COUNT] = {0};
   32          //-------------------------------------------------------------------------------------------------------
             -------------
   33          // Κ· ΐΦρΫι     ÷πΖ…÷ζ ÷«σΚΆΚ· ΐ
   34          // ≤Έ ΐΥΒΟς     *buffer         –η“Σ–Θ―ιΒΡ ΐΨίΒΊ÷Ζ
   35          // ≤Έ ΐΥΒΟς     length          –Θ―ι≥ΛΕ»
   36          // ΖΒΜΊ≤Έ ΐ     uint8           ΚΆ÷Β
   37          //  Ι”Ο Ψάΐ
   38          //-------------------------------------------------------------------------------------------------------
             -------------
   39          static uint8 seekfree_assistant_sum (uint8 *buffer, uint32 length)
   40          {
   41   1          uint8 temp_sum = 0;
   42   1      
   43   1          while(length--)
   44   1          {
   45   2              temp_sum += *buffer++;
   46   2          }
   47   1      
C251 COMPILER V5.60.0,  seekfree_assistant                                                 24/06/25  15:45:12  PAGE 2   

   48   1          return temp_sum;
   49   1      }
   50          
   51          //-------------------------------------------------------------------------------------------------------
             -------------
   52          // Κ· ΐΦρΫι     ÷πΖ…÷ζ ÷ ΆΦœώΖΔΥΆΚ· ΐ
   53          // ≤Έ ΐΥΒΟς     camera_type     …ψœώΆΖάύ–Ά
   54          // ≤Έ ΐΥΒΟς     *image_addr     ΆΦœώ ΉΒΊ÷Ζ
   55          // ≤Έ ΐΥΒΟς     boundary_num    ΆΦœώ÷–ΑϋΚ§±ΏΫγ ΐΝΩ
   56          // ≤Έ ΐΥΒΟς     width           ΆΦœώΩμΕ»
   57          // ≤Έ ΐΥΒΟς     height          ΆΦœώΗΏΕ»
   58          // ΖΒΜΊ≤Έ ΐ     void
   59          //  Ι”Ο Ψάΐ
   60          //-------------------------------------------------------------------------------------------------------
             -------------
   61          void seekfree_assistant_camera_data_send (seekfree_assistant_image_type_enum camera_type, void *image_add
             -r, uint8 boundary_num, uint16 width, uint16 height)
   62          {
   63   1          uint32 image_size = 0;
   64   1      
   65   1          seekfree_assistant_camera_data.head           = SEEKFREE_ASSISTANT_SEND_HEAD;
   66   1          seekfree_assistant_camera_data.function       = SEEKFREE_ASSISTANT_CAMERA_FUNCTION;
   67   1          seekfree_assistant_camera_data.camera_type    = (camera_type << 5) | ((image_addr != NULL ? 0 : 1) <<
             - 4) | boundary_num;
   68   1          // –¥»κΑϋ≥ΛΕ»–≈œΔΘ§ΫωΑϋΚ§–≠“ι≤ΩΖ÷
   69   1          seekfree_assistant_camera_data.length         = sizeof(seekfree_assistant_camera_struct);
   70   1          seekfree_assistant_camera_data.image_width    = ((((uint16)width << 8)&0xFF00) | ((uint16)width >> 8)
             -);
   71   1          seekfree_assistant_camera_data.image_height   = ((((uint16)height << 8)&0xFF00) | ((uint16)height >> 
             -8));
   72   1      
   73   1          //  Ήœ»ΖΔΥΆ÷ΓΆΖΓΔΙΠΡήΓΔ…ψœώΆΖάύ–ΆΓΔ“‘ΦΑΩμΕ»ΗΏΕ»Β»–≈œΔ
   74   1          seekfree_assistant_transfer((const uint8 *)&seekfree_assistant_camera_data, sizeof(seekfree_assistant
             -_camera_struct));
   75   1      
   76   1          // ΗυΨί…ψœώΆΖάύ–ΆΦΤΥψΆΦœώ¥σ–Γ
   77   1          switch(camera_type)
   78   1          {
   79   2              case SEEKFREE_ASSISTANT_OV7725_BIN:
   80   2              {
   81   3                  image_size = width * height / 8;
   82   3              }break;
   83   2      
   84   2              case SEEKFREE_ASSISTANT_MT9V03X:
   85   2              {
   86   3                  image_size = width * height;
   87   3              }break;
   88   2      
   89   2              case SEEKFREE_ASSISTANT_SCC8660:
   90   2              {
   91   3                  image_size = width * height * 2;
   92   3              }break;
   93   2          }
   94   1      
   95   1          // ΖΔΥΆΆΦœώ ΐΨί
   96   1          if(NULL != image_addr)
   97   1          {
   98   2              seekfree_assistant_transfer(image_addr, image_size);
   99   2          }
  100   1      }
  101          
  102          //-------------------------------------------------------------------------------------------------------
             -------------
  103          // Κ· ΐΦρΫι     ÷πΖ…÷ζ ÷ΆΦœώ–≈œΔ≈δ÷ΟΚ· ΐ
  104          // ≤Έ ΐΥΒΟς     camera_type     ΆΦœώάύ–Ά
  105          // ≤Έ ΐΥΒΟς     image_addr      ΆΦœώΒΊ÷Ζ    »γΙϊ¥ΪΒίNULL≤Έ ΐ‘ρ±μ Ψ÷ΜΖΔΥΆ±ΏœΏ–≈œΔΒΫ…œΈΜΜζ
C251 COMPILER V5.60.0,  seekfree_assistant                                                 24/06/25  15:45:12  PAGE 3   

  106          // ≤Έ ΐΥΒΟς     width           ΆΦœώΩμΕ»
  107          // ≤Έ ΐΥΒΟς     height          ΆΦœώΗΏΕ»
  108          // ΖΒΜΊ≤Έ ΐ     void
  109          //  Ι”Ο Ψάΐ                     seekfree_assistant_camera_information_config(SEEKFREE_ASSISTANT_MT9V03X, 
             -mt9v03x_image[0], MT9V03X_W, MT9V03X_H);
  110          // ±ΗΉΔ–≈œΔ
  111          //-------------------------------------------------------------------------------------------------------
             -------------
  112          void seekfree_assistant_camera_information_config (seekfree_assistant_image_type_enum camera_type, void *
             -image_addr, uint16 width, uint16 height)
  113          {
  114   1          seekfree_assistant_camera_dot_data.head       = SEEKFREE_ASSISTANT_SEND_HEAD;
  115   1          seekfree_assistant_camera_dot_data.function   = SEEKFREE_ASSISTANT_CAMERA_DOT_FUNCTION;
  116   1          // –¥»κΑϋ≥ΛΕ»–≈œΔ
  117   1          seekfree_assistant_camera_dot_data.length     = sizeof(seekfree_assistant_camera_dot_struct);
  118   1      
  119   1          seekfree_assistant_camera_buffer.camera_type  = camera_type;
  120   1          seekfree_assistant_camera_buffer.image_addr   = image_addr;
  121   1          seekfree_assistant_camera_buffer.width        = width;
  122   1          seekfree_assistant_camera_buffer.height       = height;
  123   1      }
  124          
  125          //-------------------------------------------------------------------------------------------------------
             -------------
  126          // Κ· ΐΦρΫι     ÷πΖ…÷ζ ÷ –ιΡβ Ψ≤®ΤςΖΔΥΆΚ· ΐ
  127          // ≤Έ ΐΥΒΟς     *seekfree_assistant_oscilloscope   Ψ≤®Τς ΐΨίΫαΙΙΧε
  128          // ΖΒΜΊ≤Έ ΐ     void
  129          //  Ι”Ο Ψάΐ     seekfree_assistant_oscilloscope_send(&seekfree_assistant_oscilloscope_data);
  130          //-------------------------------------------------------------------------------------------------------
             -------------
  131          void seekfree_assistant_oscilloscope_send (seekfree_assistant_oscilloscope_struct *seekfree_assistant_osc
             -illoscope)
  132          {
  133   1          uint8 packet_size;
  134   1        uint8 i = 0;
  135   1        seekfree_assistant_oscilloscope_struct temp_oscilloscope;
  136   1        
  137   1        temp_oscilloscope.channel_num = seekfree_assistant_oscilloscope->channel_num & 0x0f;
  138   1        
  139   1        // ”…”Ύ¥σ–ΓΕΥ≤ΜΤΞ≈δΘ§Υυ“‘–η“ΣΫΜΜΜΓΘ
  140   1        for(i = 0; i < temp_oscilloscope.channel_num; i++)
  141   1        {
  142   2          ((uint8 *)&temp_oscilloscope.dat[i])[0] = ((uint8 *)&seekfree_assistant_oscilloscope->dat[i])[3];
  143   2          ((uint8 *)&temp_oscilloscope.dat[i])[1] = ((uint8 *)&seekfree_assistant_oscilloscope->dat[i])[2];
  144   2          ((uint8 *)&temp_oscilloscope.dat[i])[2] = ((uint8 *)&seekfree_assistant_oscilloscope->dat[i])[1];
  145   2          ((uint8 *)&temp_oscilloscope.dat[i])[3] = ((uint8 *)&seekfree_assistant_oscilloscope->dat[i])[0];
  146   2        }
  147   1      
  148   1          // ÷ΓΆΖ
  149   1          temp_oscilloscope.head         = SEEKFREE_ASSISTANT_SEND_HEAD;
  150   1      
  151   1          // –¥»κΑϋ≥ΛΕ»–≈œΔ
  152   1          packet_size                     = sizeof(temp_oscilloscope) - (SEEKFREE_ASSISTANT_SET_OSCILLOSCOPE_CO
             -UNT - temp_oscilloscope.channel_num) * 4;
  153   1          temp_oscilloscope.length       = packet_size;
  154   1      
  155   1          // –¥»κΙΠΡήΉ÷”κΆ®Βά ΐΝΩ
  156   1          temp_oscilloscope.channel_num |= SEEKFREE_ASSISTANT_CAMERA_OSCILLOSCOPE;
  157   1      
  158   1          // ΚΆ–Θ―ιΦΤΥψ
  159   1          temp_oscilloscope.check_sum    = 0;
  160   1          temp_oscilloscope.check_sum    = seekfree_assistant_sum((uint8 *)&temp_oscilloscope, packet_size);
  161   1      
  162   1          //  ΐΨί‘ΎΒς”Ο±ΨΚ· ΐ÷°«ΑΘ§”…”ΟΜßΫΪ–η“ΣΖΔΥΆΒΡ ΐΨί–¥»κtemp_oscilloscope.data[]
  163   1      
  164   1          seekfree_assistant_transfer((const uint8 *)&temp_oscilloscope, packet_size);
C251 COMPILER V5.60.0,  seekfree_assistant                                                 24/06/25  15:45:12  PAGE 4   

  165   1      }
  166          
  167          void seekfree_assistant_camera_dot_send (seekfree_assistant_camera_buffer_struct *buffer)
  168          {
  169   1          uint8  i;
  170   1          uint16 dot_bytes = 0;   // ΒψΉ÷ΫΎ ΐΝΩ
  171   1      
  172   1          dot_bytes = seekfree_assistant_camera_dot_data.dot_num;
  173   1        dot_bytes = ((((uint16)dot_bytes << 8)&0xFF00) | ((uint16)dot_bytes >> 8));
  174   1          if(seekfree_assistant_camera_dot_data.dot_type & (1 << 5))
  175   1          {
  176   2              dot_bytes *= 2;
  177   2          }
  178   1      
  179   1          //  Ήœ»ΖΔΥΆ÷ΓΆΖΓΔΙΠΡήΓΔ±ΏΫγ±ύΚ≈ΓΔΉχ±ξ≥ΛΕ»ΓΔΒψΗω ΐ
  180   1          seekfree_assistant_transfer((const uint8 *)&seekfree_assistant_camera_dot_data, sizeof(seekfree_assis
             -tant_camera_dot_struct));
  181   1      
  182   1          for(i=0; i < SEEKFREE_ASSISTANT_CAMERA_MAX_BOUNDARY; i++)
  183   1          {
  184   2              // ≈–Εœ «ΖώΖΔΥΆΚαΉχ±ξ ΐΨί
  185   2              if(NULL != buffer->boundary_x[i])
  186   2              {
  187   3                  seekfree_assistant_transfer((const uint8 *)buffer->boundary_x[i], dot_bytes);
  188   3              }
  189   2      
  190   2              // ≈–Εœ «ΖώΖΔΥΆΉίΉχ±ξ ΐΨί
  191   2              if(NULL != buffer->boundary_y[i])
  192   2              {
  193   3                  // »γΙϊΟΜ”–ΉίΉχ±ξ ΐΨίΘ§‘ρ±μ ΨΟΩ“Μ––÷Μ”–“ΜΗω±ΏΫγ
  194   3                  // ÷ΗΕ®ΝΥΚαΉίΉχ±ξ ΐΨίΘ§’β÷÷ΖΫ ΫΩ…“‘ Βœ÷Ά§“Μ––ΕύΗω±ΏΫγΒΡ«ιΩωΘ§άΐ»γΥ―œΏΥψΖ®ΡήΙΜΥ―Υς≥ωΜΊΆδΓΘ
  195   3                  seekfree_assistant_transfer((const uint8 *)buffer->boundary_y[i], dot_bytes);
  196   3              }
  197   2          }
  198   1      }
  199          
  200          //-------------------------------------------------------------------------------------------------------
             -------------
  201          // Κ· ΐΦρΫι     ÷πΖ…÷ζ ÷ΆΦœώ±ΏœΏΖΔΥΆ≈δ÷ΟΚ· ΐ
  202          // ≤Έ ΐΥΒΟς     boundary_type   ±ΏΫγάύ–Ά
  203          // ≤Έ ΐΥΒΟς     dot_num         “ΜΧθ±ΏΫγ”–Εύ…ΌΗωΒψ
  204          // ≤Έ ΐΥΒΟς     dot_x1          ¥φΖ≈±ΏœΏ1ΚαΉχ±ξΒΡΒΊ÷Ζ  »γΙϊ¥ΪΒίNULL≤Έ ΐ‘ρ±μ Ψ≤ΜΖΔΥΆ±ΏœΏ1
  205          // ≤Έ ΐΥΒΟς     dot_x2          ¥φΖ≈±ΏœΏ2ΚαΉχ±ξΒΡΒΊ÷Ζ  »γΙϊ¥ΪΒίNULL≤Έ ΐ‘ρ±μ Ψ≤ΜΖΔΥΆ±ΏœΏ2
  206          // ≤Έ ΐΥΒΟς     dot_x3          ¥φΖ≈±ΏœΏ3ΚαΉχ±ξΒΡΒΊ÷Ζ  »γΙϊ¥ΪΒίNULL≤Έ ΐ‘ρ±μ Ψ≤ΜΖΔΥΆ±ΏœΏ3
  207          // ≤Έ ΐΥΒΟς     dot_y1          ¥φΖ≈±ΏœΏ1ΉίΉχ±ξΒΡΒΊ÷Ζ  »γΙϊ¥ΪΒίNULL≤Έ ΐ‘ρ±μ Ψ≤ΜΖΔΥΆ±ΏœΏ1
  208          // ≤Έ ΐΥΒΟς     dot_y2          ¥φΖ≈±ΏœΏ2ΉίΉχ±ξΒΡΒΊ÷Ζ  »γΙϊ¥ΪΒίNULL≤Έ ΐ‘ρ±μ Ψ≤ΜΖΔΥΆ±ΏœΏ2
  209          // ≤Έ ΐΥΒΟς     dot_y3          ¥φΖ≈±ΏœΏ3ΉίΉχ±ξΒΡΒΊ÷Ζ  »γΙϊ¥ΪΒίNULL≤Έ ΐ‘ρ±μ Ψ≤ΜΖΔΥΆ±ΏœΏ3
  210          // ΖΒΜΊ≤Έ ΐ     void
  211          //  Ι”Ο Ψάΐ                     seekfree_assistant_camera_config(X_BOUNDARY, MT9V03X_H, x1_boundary, x2_b
             -oundary, x3_boundary, NULL, NULL, NULL);     // ΆΦœώΖΔΥΆ ±ΑϋΚ§»ΐΧθ±ΏœΏΘ§±ΏœΏ÷Μ”–ΚαΉχ±ξ
  212          //  Ι”Ο Ψάΐ                     seekfree_assistant_camera_config(Y_BOUNDARY, MT9V03X_W, NULL, NULL, NULL,
             - y1_boundary, y2_boundary, y3_boundary);     // ΆΦœώΖΔΥΆ ±ΑϋΚ§»ΐΧθ±ΏœΏΘ§±ΏœΏ÷Μ”–ΉίΉχ±ξ
  213          //  Ι”Ο Ψάΐ                     seekfree_assistant_camera_config(XY_BOUNDARY, 160, xy_x1_boundary, xy_x2_
             -boundary, xy_x3_boundary, xy_y1_boundary, xy_y2_boundary, xy_y3_boundary);   // ΆΦœώΖΔΥΆ ±ΑϋΚ§»ΐΧθ±ΏœΏΘ§±ΏœΏΑϋΚ§ΚαΉίΉχ±ξ
  214          // ±ΗΉΔ–≈œΔ
  215          //-------------------------------------------------------------------------------------------------------
             -------------
  216          void seekfree_assistant_camera_boundary_config (seekfree_assistant_boundary_type_enum boundary_type, uint
             -16 dot_num, void *dot_x1, void *dot_x2, void *dot_x3, void *dot_y1, void *dot_y2, void *dot_y3)
  217          {
  218   1          uint8 i = 0;
  219   1          uint8 boundary_num = 0;
  220   1          uint8 boundary_data_type = 0;
  221   1      
  222   1          seekfree_assistant_camera_dot_data.dot_num    = ((((uint16)dot_num << 8)&0xFF00) | ((uint16)dot_num >
             -> 8));;
C251 COMPILER V5.60.0,  seekfree_assistant                                                 24/06/25  15:45:12  PAGE 5   

  223   1          seekfree_assistant_camera_dot_data.valid_flag = 0;
  224   1          for(i = 0; i < 3; i++)
  225   1          {
  226   2              seekfree_assistant_camera_buffer.boundary_x[i] = NULL;
  227   2              seekfree_assistant_camera_buffer.boundary_y[i] = NULL;
  228   2          }
  229   1      
  230   1          switch(boundary_type)
  231   1          {
  232   2              case X_BOUNDARY:
  233   2              {
  234   3                  if(NULL != dot_x1)
  235   3                  {
  236   4                      boundary_num++;
  237   4                      seekfree_assistant_camera_dot_data.valid_flag |= 1 << 0;
  238   4                      seekfree_assistant_camera_buffer.boundary_x[i++] = dot_x1;
  239   4                  }
  240   3                  if(NULL != dot_x2)
  241   3                  {
  242   4                      boundary_num++;
  243   4                      seekfree_assistant_camera_dot_data.valid_flag |= 1 << 1;
  244   4                      seekfree_assistant_camera_buffer.boundary_x[i++] = dot_x2;
  245   4                  }
  246   3                  if(NULL != dot_x3)
  247   3                  {
  248   4                      boundary_num++;
  249   4                      seekfree_assistant_camera_dot_data.valid_flag |= 1 << 2;
  250   4                      seekfree_assistant_camera_buffer.boundary_x[i++] = dot_x3;
  251   4                  }
  252   3      
  253   3                  if(255 < seekfree_assistant_camera_buffer.height)
  254   3                  {
  255   4                      boundary_data_type = 1;
  256   4                  }
  257   3              }break;
  258   2      
  259   2              case Y_BOUNDARY:
  260   2              {
  261   3                  if(NULL != dot_y1)
  262   3                  {
  263   4                      boundary_num++;
  264   4                      seekfree_assistant_camera_dot_data.valid_flag |= 1 << 0;
  265   4                      seekfree_assistant_camera_buffer.boundary_y[i++] = dot_y1;
  266   4                  }
  267   3                  if(NULL != dot_y2)
  268   3                  {
  269   4                      boundary_num++;
  270   4                      seekfree_assistant_camera_dot_data.valid_flag |= 1 << 1;
  271   4                      seekfree_assistant_camera_buffer.boundary_y[i++] = dot_y2;
  272   4                  }
  273   3                  if(NULL != dot_y3)
  274   3                  {
  275   4                      boundary_num++;
  276   4                      seekfree_assistant_camera_dot_data.valid_flag |= 1 << 2;
  277   4                      seekfree_assistant_camera_buffer.boundary_y[i++] = dot_y3;
  278   4                  }
  279   3      
  280   3                  if(255 < seekfree_assistant_camera_buffer.width)
  281   3                  {
  282   4                      boundary_data_type = 1;
  283   4                  }
  284   3              }break;
  285   2      
  286   2              case XY_BOUNDARY:
  287   2              {
  288   3                  if((NULL != dot_x1) && (NULL != dot_y1))
C251 COMPILER V5.60.0,  seekfree_assistant                                                 24/06/25  15:45:12  PAGE 6   

  289   3                  {
  290   4                      boundary_num++;
  291   4                      seekfree_assistant_camera_dot_data.valid_flag |= 1 << 0;
  292   4                      seekfree_assistant_camera_buffer.boundary_x[i]   = dot_x1;
  293   4                      seekfree_assistant_camera_buffer.boundary_y[i++] = dot_y1;
  294   4                  }
  295   3                  if((NULL != dot_x2) && (NULL != dot_y2))
  296   3                  {
  297   4                      boundary_num++;
  298   4                      seekfree_assistant_camera_dot_data.valid_flag |= 1 << 1;
  299   4                      seekfree_assistant_camera_buffer.boundary_x[i]   = dot_x2;
  300   4                      seekfree_assistant_camera_buffer.boundary_y[i++] = dot_y2;
  301   4                  }
  302   3                  if((NULL != dot_x3) && (NULL != dot_y3))
  303   3                  {
  304   4                      boundary_num++;
  305   4                      seekfree_assistant_camera_dot_data.valid_flag |= 1 << 2;
  306   4                      seekfree_assistant_camera_buffer.boundary_x[i]   = dot_x3;
  307   4                      seekfree_assistant_camera_buffer.boundary_y[i++] = dot_y3;
  308   4                  }
  309   3      
  310   3                  if((255 < seekfree_assistant_camera_buffer.width) || (255 < seekfree_assistant_camera_buffer.
             -height))
  311   3                  {
  312   4                      boundary_data_type = 1;
  313   4                  }
  314   3              }break;
  315   2      
  316   2              case NO_BOUNDARY:break;
  317   2          }
  318   1      
  319   1          seekfree_assistant_camera_dot_data.dot_type   = (boundary_type << 6) | (boundary_data_type << 5) | bo
             -undary_num;
  320   1      }
  321          //-------------------------------------------------------------------------------------------------------
             -------------
  322          // Κ· ΐΦρΫι     ÷πΖ…÷ζ ÷ΫβΈωΫ” ’ΒΫΒΡ ΐΨί
  323          // ≤Έ ΐΥΒΟς     void
  324          // ΖΒΜΊ≤Έ ΐ     void
  325          //  Ι”Ο Ψάΐ     Κ· ΐ÷Μ–η“ΣΖ≈ΒΫ÷ήΤΎ‘Υ––ΒΡPIT÷–ΕœΜρ’Ώ÷ς―≠ΜΖΦ¥Ω…
  326          //-------------------------------------------------------------------------------------------------------
             -------------
  327          void seekfree_assistant_data_analysis (void)
  328          {
  329   1          uint8  temp_sum;
  330   1          uint32 read_length;
  331   1          seekfree_assistant_parameter_struct *receive_packet;
  332   1      
  333   1          // ’βάο Ι”Οuint32Ϋχ––Ε®“εΘ§ΡΩΒΡ «ΈΣΝΥ±Θ÷Λ ΐΉιΥΡΉ÷ΫΎΕ‘Τκ
  334   1          uint32  temp_buffer[SEEKFREE_ASSISTANT_BUFFER_SIZE / 4];
  335   1      
  336   1        uint32 i = 0;
  337   1          // ≥Δ ‘ΕΝ»Γ ΐΨί, »γΙϊ≤Μ «Ή‘Ε®“εΒΡ¥Ϊ δΖΫ Ϋ‘ρ¥”Ϋ” ’ΜΊΒς÷–ΕΝ»Γ ΐΨί
  338   1          read_length = seekfree_assistant_receive((uint8 *)temp_buffer, SEEKFREE_ASSISTANT_BUFFER_SIZE);
  339   1          if(read_length)
  340   1          {
  341   2              // ΫΪΕΝ»ΓΒΫΒΡ ΐΨί–¥»κFIFO
  342   2              fifo_write_buffer(&seekfree_assistant_fifo, (uint8 *)temp_buffer, read_length);
  343   2          }
  344   1      
  345   1          while(sizeof(seekfree_assistant_parameter_struct) <= fifo_used(&seekfree_assistant_fifo))
  346   1          {
  347   2              read_length = sizeof(seekfree_assistant_parameter_struct);
  348   2              fifo_read_buffer(&seekfree_assistant_fifo, (uint8 *)temp_buffer, &read_length, FIFO_READ_ONLY);
  349   2              if(SEEKFREE_ASSISTANT_RECEIVE_HEAD != ((uint8 *)temp_buffer)[0])
  350   2              {
C251 COMPILER V5.60.0,  seekfree_assistant                                                 24/06/25  15:45:12  PAGE 7   

  351   3                  // ΟΜ”–÷ΓΆΖ‘ρ¥”FIFO÷–»ΞΒτΒΎ“ΜΗω ΐΨί
  352   3                  read_length = 1;
  353   3              }
  354   2              else
  355   2              {
  356   3      
  357   3                  // ’“ΒΫ÷ΓΆΖ
  358   3                  receive_packet = (seekfree_assistant_parameter_struct *)temp_buffer;
  359   3                  temp_sum = receive_packet->check_sum;
  360   3                  receive_packet->check_sum = 0;
  361   3      
  362   3                  if(temp_sum == seekfree_assistant_sum((uint8 *)temp_buffer, sizeof(seekfree_assistant_paramet
             -er_struct)))
  363   3                  {
  364   4                      // ΚΆ–Θ―ι≥…ΙΠ±Θ¥φ ΐΨί
  365   4            
  366   4              // ”…”Ύ¥σ–ΓΕΥ≤ΜΤΞ≈δΘ§Υυ“‘–η“ΣΫΜΜΜΓΘ
  367   4              ((uint8 *)&seekfree_assistant_parameter[receive_packet->channel - 1])[3] = ((uint8 *)&receive_packet-
             ->dat)[0];
  368   4              ((uint8 *)&seekfree_assistant_parameter[receive_packet->channel - 1])[2] = ((uint8 *)&receive_packet-
             ->dat)[1];
  369   4              ((uint8 *)&seekfree_assistant_parameter[receive_packet->channel - 1])[1] = ((uint8 *)&receive_packet-
             ->dat)[2];
  370   4              ((uint8 *)&seekfree_assistant_parameter[receive_packet->channel - 1])[0] = ((uint8 *)&receive_packet-
             ->dat)[3];
  371   4              seekfree_assistant_parameter_update_flag[receive_packet->channel - 1] = 1;
  372   4                  }
  373   3                  else
  374   3                  {
  375   4                      read_length = 1;
  376   4                  }
  377   3              }
  378   2      
  379   2              // ΕΣΤζΈό–η Ι”ΟΒΡ ΐΨί
  380   2              fifo_read_buffer(&seekfree_assistant_fifo, (uint8 *)temp_buffer, &read_length, FIFO_READ_AND_CLEA
             -N);
  381   2          }
  382   1      }
  383          //-------------------------------------------------------------------------------------------------------
             -------------
  384          // Κ· ΐΦρΫι     ÷πΖ…÷ζ ÷ΖΔΥΆ…ψœώΆΖΆΦœώ
  385          // ≤Έ ΐΥΒΟς     void
  386          // ΖΒΜΊ≤Έ ΐ     void
  387          //  Ι”Ο Ψάΐ
  388          // ±ΗΉΔ–≈œΔ     ‘ΎΒς”ΟΆΦœώΖΔΥΆΚ· ΐ÷°«ΑΘ§«κΈώ±ΊΒς”Ο“Μ¥Έseekfree_assistant_camera_configΚ· ΐΘ§ΫΪΕ‘”ΠΒΡ≤Έ ΐ…
             -η÷ΟΚΟ
  389          //-------------------------------------------------------------------------------------------------------
             -------------
  390          void seekfree_assistant_camera_send (void)
  391          {
  392   1      
  393   1          seekfree_assistant_camera_data_send(seekfree_assistant_camera_buffer.camera_type, seekfree_assistant_
             -camera_buffer.image_addr, seekfree_assistant_camera_dot_data.dot_type & 0x0f, seekfree_assistant_camera_buffer.width, se
             -ekfree_assistant_camera_buffer.height);
  394   1      
  395   1          if(seekfree_assistant_camera_dot_data.dot_type & 0x0f)
  396   1          {
  397   2              seekfree_assistant_camera_dot_send(&seekfree_assistant_camera_buffer);
  398   2          }
  399   1      }
  400          //-------------------------------------------------------------------------------------------------------
             -------------
  401          // Κ· ΐΦρΫι     ÷πΖ…÷ζ ÷ ≥θ ΦΜ·
  402          // ≤Έ ΐΥΒΟς
  403          // ΖΒΜΊ≤Έ ΐ     void
  404          //  Ι”Ο Ψάΐ
C251 COMPILER V5.60.0,  seekfree_assistant                                                 24/06/25  15:45:12  PAGE 8   

  405          //-------------------------------------------------------------------------------------------------------
             -------------
  406          void seekfree_assistant_init ()
  407          {
  408   1          fifo_init(&seekfree_assistant_fifo,  FIFO_DATA_8BIT, seekfree_assistant_buffer, SEEKFREE_ASSISTANT_BU
             -FFER_SIZE);
  409   1      }
  410          
  411          


Module Information          Static   Overlayable
------------------------------------------------
  code size            =      2488     ------
  ecode size           =    ------     ------
  data size            =    ------     ------
  idata size           =    ------     ------
  pdata size           =    ------     ------
  xdata size           =       227     ------
  xdata-const size     =    ------     ------
  edata size           =       345     ------
  bit size             =    ------     ------
  ebit size            =    ------     ------
  bitaddressable size  =    ------     ------
  ebitaddressable size =    ------     ------
  far data size        =    ------     ------
  huge data size       =    ------     ------
  const size           =    ------     ------
  hconst size          =       326     ------
End of Module Information.


C251 COMPILATION COMPLETE.  0 WARNING(S),  0 ERROR(S)
