C251 COMPILER V5.60.0,  SEEKFREE_FONT                                                      18/06/25  14:24:41  PAGE 1   


C251 COMPILER V5.60.0, COMPILATION OF MODULE SEEKFREE_FONT
OBJECT MODULE PLACED IN .\Out_File\SEEKFREE_FONT.obj
COMPILER INVOKED BY: C:\Keil_v5\C251\BIN\C251.EXE ..\..\Libraries\seekfree_peripheral\SEEKFREE_FONT.c XSMALL WARNINGLEVE
                    -L(3) OPTIMIZE(0,SPEED) BROWSE INCDIR(..\..\Libraries\libraries;..\..\Libraries\seekfree_libraries;..\..\Libraries\seekfr
                    -ee_peripheral;..\CODE;..\USER\inc;..\USER\src;..\..\Libraries\seekfree_components;..\USER\inc;..\USER\src;..\MDK) DEBUG 
                    -PRINT(.\Out_File\SEEKFREE_FONT.lst) TABS(2) OBJECT(.\Out_File\SEEKFREE_FONT.obj) 

stmt  level    source

    1          /********************************************************************************************************
             -*************
    2           * COPYRIGHT NOTICE
    3           * Copyright (c) 2018,Öđ·ÉżĆĽĽ
    4           * All rights reserved.
    5           * ĽĽĘőĚÖÂŰQQČşŁşŇ»ČşŁş179029047(ŇŃÂú)  ¶ţČşŁş244861897
    6           *
    7           * ŇÔĎÂËůÓĐÄÚČÝ°ćČ¨ľůĘôÖđ·ÉżĆĽĽËůÓĐŁ¬Î´ľ­ÔĘĐí˛»µĂÓĂÓÚÉĚŇµÓĂÍľŁ¬
    8           * »¶Ó­¸÷Î»ĘąÓĂ˛˘´«˛Ą±ľłĚĐňŁ¬ĐŢ¸ÄÄÚČÝĘ±±ŘĐë±ŁÁôÖđ·ÉżĆĽĽµÄ°ćČ¨ÉůĂ÷ˇŁ
    9           *
   10           * @file          ×ÖĚĺÎÄĽţ
   11           * @company       łÉ¶ĽÖđ·ÉżĆĽĽÓĐĎŢą«Ëľ
   12           * @author        Öđ·ÉżĆĽĽ(QQ3184284598)
   13           * @version       ˛éż´docÄÚversionÎÄĽţ °ć±ľËµĂ÷
   14           * @Software    MDK FOR C251 V5.60
   15           * @Target core   STC32G12K128
   16           * @Taobao      https://seekfree.taobao.com/
   17           * @date          2018-05-24
   18           ********************************************************************************************************
             -************/
   19          
   20          
   21          #include "SEEKFREE_FONT.h"
   22          
   23          
   24          // "»¨" 32x32 µăŐóĘýľÝ (ą˛128×Ö˝Ú)
   25          const unsigned char Hua_32x32[] =
   26          {
   27              0x00,0x00,0x00,0x00,0x00,0x00,0x00,0x00,0x00,0x00,0x30,0x00,0x00,0x00,0x18,0x00,
   28              0x00,0x38,0x18,0x00,0x00,0x18,0x18,0x00,0x00,0x18,0x11,0xC0,0x00,0x0B,0xFF,0xE0,
   29              0x0F,0xFF,0xF0,0x00,0x07,0xC8,0x20,0x00,0x00,0x08,0x20,0x00,0x00,0x00,0x00,0x00,
   30              0x00,0x21,0x82,0x00,0x00,0x38,0xC3,0x00,0x00,0x30,0xC3,0x80,0x00,0x70,0xC6,0x00,
   31              0x00,0x60,0xCC,0x00,0x00,0xC0,0xD8,0x00,0x00,0xC0,0xB0,0x00,0x01,0xC0,0xE0,0x00,
   32              0x03,0xC1,0xC0,0x00,0x06,0xC3,0x80,0x00,0x0C,0xCC,0x80,0x00,0x18,0xC0,0x80,0x08,
   33              0x20,0xC0,0xC0,0x08,0x00,0xC0,0xC0,0x08,0x00,0xC0,0xE0,0x1C,0x00,0xC0,0x7F,0xFC,
   34              0x00,0xC0,0x3F,0xF0,0x00,0x80,0x00,0x00,0x00,0x00,0x00,0x00,0x00,0x00,0x00,0x00
   35          };
   36          
   37          // "ĚÄ" 32x32 µăŐóĘýľÝ (ą˛128×Ö˝Ú)
   38          const unsigned char Tang_32x32[] =
   39          {
   40              0x00,0x00,0x00,0x00,0x00,0x00,0x00,0x00,0x00,0x03,0x00,0x00,0x00,0x01,0x88,0x00,
   41              0x00,0x01,0x8E,0x00,0x00,0x31,0x98,0x00,0x00,0x19,0xA0,0x00,0x00,0x09,0x81,0xC0,
   42              0x02,0x01,0xFF,0xE0,0x02,0x1F,0x00,0xF0,0x07,0xE0,0x00,0xE0,0x06,0x00,0x21,0x00,
   43              0x0C,0x03,0xF0,0x00,0x0C,0x3C,0x30,0x00,0x00,0x10,0x20,0x00,0x00,0x18,0xE0,0x00,
   44              0x00,0x0F,0x00,0x00,0x00,0x03,0x00,0x00,0x00,0x03,0x3E,0x00,0x00,0x07,0xF8,0x00,
   45              0x01,0xFF,0x00,0x00,0x00,0x0F,0x00,0x00,0x00,0x1B,0xC0,0x00,0x00,0x33,0x60,0x00,
   46              0x00,0x23,0x18,0x00,0x00,0x43,0x0F,0x00,0x01,0x83,0x07,0xF0,0x03,0x03,0x01,0xE0,
   47              0x0C,0x03,0x00,0x00,0x00,0x03,0x00,0x00,0x00,0x02,0x00,0x00,0x00,0x00,0x00,0x00
   48          };
   49          
   50          const unsigned char Wei_32x32[] =
   51          {
   52              0x00,0x00,0x00,0x00,0x00,0x00,0x00,0x00,0x00,0x04,0x00,0x00,0x00,0x07,0x80,0x00,
   53              0x00,0x03,0x00,0x00,0x00,0x03,0x00,0x00,0x00,0x03,0x00,0x00,0x00,0x03,0x30,0x00,
   54              0x00,0x03,0xF0,0x00,0x00,0x1F,0x80,0x00,0x00,0x03,0x00,0x00,0x00,0x03,0x0E,0x00,
C251 COMPILER V5.60.0,  SEEKFREE_FONT                                                      18/06/25  14:24:41  PAGE 2   

   55              0x00,0x03,0x7E,0x00,0x00,0x07,0xC0,0x00,0x00,0x7F,0x00,0x00,0x0F,0xC7,0x00,0x00,
   56              0x02,0x0F,0x80,0x00,0x00,0x0F,0xC0,0x00,0x00,0x1B,0x60,0x00,0x00,0x33,0x30,0x00,
   57              0x00,0x33,0x18,0x00,0x00,0x63,0x1E,0x00,0x00,0xC3,0x0F,0x00,0x01,0x83,0x07,0xC0,
   58              0x06,0x03,0x03,0xF8,0x08,0x03,0x01,0xFC,0x00,0x07,0x00,0x00,0x00,0x07,0x00,0x00,
   59              0x00,0x07,0x00,0x00,0x00,0x02,0x00,0x00,0x00,0x02,0x00,0x00,0x00,0x00,0x00,0x00
   60          };
   61          
   62          
   63          // "Ăß" 32x32 µăŐóĘýľÝ (ą˛128×Ö˝Ú)
   64          const unsigned char Mian_32x32[] =
   65          {
   66              0x00,0x00,0x00,0x00,0x00,0x00,0x00,0x00,0x00,0x00,0x00,0x00,0x00,0x00,0x00,0x00,
   67              0x00,0x00,0x00,0x00,0x00,0x00,0x0F,0x00,0x00,0x46,0x7F,0x00,0x0F,0xE7,0x86,0x00,
   68              0x0C,0x72,0x06,0x00,0x0C,0x62,0x0C,0x00,0x0C,0x62,0x0C,0x00,0x0C,0x62,0x1C,0x00,
   69              0x0D,0x62,0xF0,0x00,0x0F,0xE3,0x18,0x00,0x0C,0x62,0x18,0x00,0x0C,0x62,0x19,0xE0,
   70              0x0C,0x62,0x0F,0x80,0x0F,0x62,0x7C,0x00,0x0C,0x63,0xEC,0x00,0x0C,0x62,0x06,0x00,
   71              0x0C,0x62,0x06,0x00,0x0C,0x62,0x03,0x00,0x09,0xE2,0x43,0x84,0x0E,0x67,0x81,0x84,
   72              0x08,0x47,0x00,0xC4,0x00,0x46,0x00,0x7C,0x00,0x06,0x00,0x3C,0x00,0x04,0x00,0x1C,
   73              0x00,0x00,0x00,0x04,0x00,0x00,0x00,0x00,0x00,0x00,0x00,0x00,0x00,0x00,0x00,0x00
   74          };
   75          
   76          const uint8 code tft_ascii[95][16] = 
   77          {
   78            {0x00,0x00,0x00,0x00,0x00,0x00,0x00,0x00,0x00,0x00,0x00,0x00,0x00,0x00,0x00,0x00},/*" ",0*/
   79          
   80            {0x00,0x00,0x00,0x08,0x08,0x08,0x08,0x08,0x08,0x08,0x00,0x00,0x08,0x08,0x00,0x00},/*"!",1*/
   81          
   82            {0x00,0x48,0x24,0x24,0x12,0x00,0x00,0x00,0x00,0x00,0x00,0x00,0x00,0x00,0x00,0x00},/*""",2*/
   83          
   84            {0x00,0x00,0x00,0x48,0x48,0x48,0x7E,0x24,0x24,0x24,0x7E,0x24,0x24,0x24,0x00,0x00},/*"#",3*/
   85          
   86            {0x00,0x00,0x10,0x3C,0x52,0x52,0x12,0x1C,0x30,0x50,0x50,0x52,0x52,0x3C,0x10,0x10},/*"$",4*/
   87          
   88            {0x00,0x00,0x00,0x22,0x25,0x15,0x15,0x0D,0x2A,0x58,0x54,0x54,0x52,0x22,0x00,0x00},/*"%",5*/
   89          
   90            {0x00,0x00,0x00,0x0C,0x12,0x12,0x12,0x0A,0x76,0x25,0x29,0x19,0x91,0x6E,0x00,0x00},/*"&",6*/
   91          
   92            {0x00,0x06,0x04,0x04,0x02,0x00,0x00,0x00,0x00,0x00,0x00,0x00,0x00,0x00,0x00,0x00},/*"'",7*/
   93          
   94            {0x00,0x40,0x20,0x10,0x10,0x08,0x08,0x08,0x08,0x08,0x08,0x10,0x10,0x20,0x40,0x00},/*"(",8*/
   95          
   96            {0x00,0x02,0x04,0x08,0x08,0x10,0x10,0x10,0x10,0x10,0x10,0x08,0x08,0x04,0x02,0x00},/*")",9*/
   97          
   98            {0x00,0x00,0x00,0x00,0x08,0x08,0x6B,0x1C,0x1C,0x6B,0x08,0x08,0x00,0x00,0x00,0x00},/*"*",10*/
   99          
  100            {0x00,0x00,0x00,0x00,0x00,0x10,0x10,0x10,0xFE,0x10,0x10,0x10,0x00,0x00,0x00,0x00},/*"+",11*/
  101          
  102            {0x00,0x00,0x00,0x00,0x00,0x00,0x00,0x00,0x00,0x00,0x00,0x00,0x06,0x04,0x04,0x02},/*",",12*/
  103          
  104            {0x00,0x00,0x00,0x00,0x00,0x00,0x00,0x00,0x7E,0x00,0x00,0x00,0x00,0x00,0x00,0x00},/*"-",13*/
  105          
  106            {0x00,0x00,0x00,0x00,0x00,0x00,0x00,0x00,0x00,0x00,0x00,0x00,0x06,0x06,0x00,0x00},/*".",14*/
  107          
  108            {0x00,0x00,0x40,0x20,0x20,0x20,0x10,0x10,0x08,0x08,0x08,0x04,0x04,0x02,0x02,0x00},/*"/",15*/
  109          
  110            {0x00,0x00,0x00,0x18,0x24,0x42,0x42,0x42,0x42,0x42,0x42,0x42,0x24,0x18,0x00,0x00},/*"0",16*/
  111          
  112            {0x00,0x00,0x00,0x10,0x1C,0x10,0x10,0x10,0x10,0x10,0x10,0x10,0x10,0x7C,0x00,0x00},/*"1",17*/
  113          
  114            {0x00,0x00,0x00,0x3C,0x42,0x42,0x42,0x40,0x20,0x10,0x08,0x04,0x42,0x7E,0x00,0x00},/*"2",18*/
  115          
  116            {0x00,0x00,0x00,0x3C,0x42,0x42,0x40,0x20,0x18,0x20,0x40,0x42,0x42,0x3C,0x00,0x00},/*"3",19*/
  117          
  118            {0x00,0x00,0x00,0x20,0x30,0x30,0x28,0x24,0x24,0x22,0xFE,0x20,0x20,0xF8,0x00,0x00},/*"4",20*/
  119          
  120            {0x00,0x00,0x00,0x7E,0x02,0x02,0x02,0x1E,0x22,0x40,0x40,0x42,0x22,0x1C,0x00,0x00},/*"5",21*/
C251 COMPILER V5.60.0,  SEEKFREE_FONT                                                      18/06/25  14:24:41  PAGE 3   

  121          
  122            {0x00,0x00,0x00,0x18,0x24,0x02,0x02,0x3A,0x46,0x42,0x42,0x42,0x44,0x38,0x00,0x00},/*"6",22*/
  123          
  124            {0x00,0x00,0x00,0x7E,0x42,0x20,0x20,0x10,0x10,0x08,0x08,0x08,0x08,0x08,0x00,0x00},/*"7",23*/
  125          
  126            {0x00,0x00,0x00,0x3C,0x42,0x42,0x42,0x24,0x18,0x24,0x42,0x42,0x42,0x3C,0x00,0x00},/*"8",24*/
  127          
  128            {0x00,0x00,0x00,0x1C,0x22,0x42,0x42,0x42,0x62,0x5C,0x40,0x40,0x24,0x18,0x00,0x00},/*"9",25*/
  129          
  130            {0x00,0x00,0x00,0x00,0x00,0x00,0x18,0x18,0x00,0x00,0x00,0x00,0x18,0x18,0x00,0x00},/*":",26*/
  131          
  132            {0x00,0x00,0x00,0x00,0x00,0x00,0x00,0x08,0x00,0x00,0x00,0x00,0x00,0x08,0x08,0x08},/*";",27*/
  133          
  134            {0x00,0x00,0x00,0x40,0x20,0x10,0x08,0x04,0x02,0x04,0x08,0x10,0x20,0x40,0x00,0x00},/*"<",28*/
  135          
  136            {0x00,0x00,0x00,0x00,0x00,0x00,0x7E,0x00,0x00,0x7E,0x00,0x00,0x00,0x00,0x00,0x00},/*"=",29*/
  137          
  138            {0x00,0x00,0x00,0x02,0x04,0x08,0x10,0x20,0x40,0x20,0x10,0x08,0x04,0x02,0x00,0x00},/*">",30*/
  139          
  140            {0x00,0x00,0x00,0x3C,0x42,0x42,0x46,0x20,0x10,0x10,0x10,0x00,0x18,0x18,0x00,0x00},/*"?",31*/
  141          
  142            {0x00,0x00,0x00,0x1C,0x22,0x5A,0x55,0x55,0x55,0x55,0x55,0x3A,0x42,0x3C,0x00,0x00},/*"@",32*/
  143          
  144            {0x00,0x00,0x00,0x08,0x08,0x18,0x14,0x14,0x24,0x3C,0x22,0x42,0x42,0xE7,0x00,0x00},/*"A",33*/
  145          
  146            {0x00,0x00,0x00,0x1F,0x22,0x22,0x22,0x1E,0x22,0x42,0x42,0x42,0x22,0x1F,0x00,0x00},/*"B",34*/
  147          
  148            {0x00,0x00,0x00,0x7C,0x42,0x42,0x01,0x01,0x01,0x01,0x01,0x42,0x22,0x1C,0x00,0x00},/*"C",35*/
  149          
  150            {0x00,0x00,0x00,0x1F,0x22,0x42,0x42,0x42,0x42,0x42,0x42,0x42,0x22,0x1F,0x00,0x00},/*"D",36*/
  151          
  152            {0x00,0x00,0x00,0x3F,0x42,0x12,0x12,0x1E,0x12,0x12,0x02,0x42,0x42,0x3F,0x00,0x00},/*"E",37*/
  153          
  154            {0x00,0x00,0x00,0x3F,0x42,0x12,0x12,0x1E,0x12,0x12,0x02,0x02,0x02,0x07,0x00,0x00},/*"F",38*/
  155          
  156            {0x00,0x00,0x00,0x3C,0x22,0x22,0x01,0x01,0x01,0x71,0x21,0x22,0x22,0x1C,0x00,0x00},/*"G",39*/
  157          
  158            {0x00,0x00,0x00,0xE7,0x42,0x42,0x42,0x42,0x7E,0x42,0x42,0x42,0x42,0xE7,0x00,0x00},/*"H",40*/
  159          
  160            {0x00,0x00,0x00,0x3E,0x08,0x08,0x08,0x08,0x08,0x08,0x08,0x08,0x08,0x3E,0x00,0x00},/*"I",41*/
  161          
  162            {0x00,0x00,0x00,0x7C,0x10,0x10,0x10,0x10,0x10,0x10,0x10,0x10,0x10,0x10,0x11,0x0F},/*"J",42*/
  163          
  164            {0x00,0x00,0x00,0x77,0x22,0x12,0x0A,0x0E,0x0A,0x12,0x12,0x22,0x22,0x77,0x00,0x00},/*"K",43*/
  165          
  166            {0x00,0x00,0x00,0x07,0x02,0x02,0x02,0x02,0x02,0x02,0x02,0x02,0x42,0x7F,0x00,0x00},/*"L",44*/
  167          
  168            {0x00,0x00,0x00,0x77,0x36,0x36,0x36,0x36,0x36,0x2A,0x2A,0x2A,0x2A,0x6B,0x00,0x00},/*"M",45*/
  169          
  170            {0x00,0x00,0x00,0xE3,0x46,0x46,0x4A,0x4A,0x52,0x52,0x52,0x62,0x62,0x47,0x00,0x00},/*"N",46*/
  171          
  172            {0x00,0x00,0x00,0x1C,0x22,0x41,0x41,0x41,0x41,0x41,0x41,0x41,0x22,0x1C,0x00,0x00},/*"O",47*/
  173          
  174            {0x00,0x00,0x00,0x3F,0x42,0x42,0x42,0x42,0x3E,0x02,0x02,0x02,0x02,0x07,0x00,0x00},/*"P",48*/
  175          
  176            {0x00,0x00,0x00,0x1C,0x22,0x41,0x41,0x41,0x41,0x41,0x41,0x4D,0x32,0x1C,0x60,0x00},/*"Q",49*/
  177          
  178            {0x00,0x00,0x00,0x3F,0x42,0x42,0x42,0x3E,0x12,0x12,0x22,0x22,0x42,0xC7,0x00,0x00},/*"R",50*/
  179          
  180            {0x00,0x00,0x00,0x7C,0x42,0x42,0x02,0x04,0x18,0x20,0x40,0x42,0x42,0x3E,0x00,0x00},/*"S",51*/
  181          
  182            {0x00,0x00,0x00,0x7F,0x49,0x08,0x08,0x08,0x08,0x08,0x08,0x08,0x08,0x1C,0x00,0x00},/*"T",52*/
  183          
  184            {0x00,0x00,0x00,0xE7,0x42,0x42,0x42,0x42,0x42,0x42,0x42,0x42,0x42,0x3C,0x00,0x00},/*"U",53*/
  185          
  186            {0x00,0x00,0x00,0xE7,0x42,0x42,0x22,0x24,0x24,0x14,0x14,0x18,0x08,0x08,0x00,0x00},/*"V",54*/
C251 COMPILER V5.60.0,  SEEKFREE_FONT                                                      18/06/25  14:24:41  PAGE 4   

  187          
  188            {0x00,0x00,0x00,0x6B,0x2A,0x2A,0x2A,0x2A,0x2A,0x36,0x14,0x14,0x14,0x14,0x00,0x00},/*"W",55*/
  189          
  190            {0x00,0x00,0x00,0xE7,0x42,0x24,0x24,0x18,0x18,0x18,0x24,0x24,0x42,0xE7,0x00,0x00},/*"X",56*/
  191          
  192            {0x00,0x00,0x00,0x77,0x22,0x22,0x14,0x14,0x08,0x08,0x08,0x08,0x08,0x1C,0x00,0x00},/*"Y",57*/
  193          
  194            {0x00,0x00,0x00,0x7E,0x21,0x20,0x10,0x10,0x08,0x04,0x04,0x42,0x42,0x3F,0x00,0x00},/*"Z",58*/
  195          
  196            {0x00,0x78,0x08,0x08,0x08,0x08,0x08,0x08,0x08,0x08,0x08,0x08,0x08,0x08,0x78,0x00},/*"[",59*/
  197          
  198            {0x00,0x00,0x02,0x04,0x04,0x04,0x08,0x08,0x08,0x10,0x10,0x20,0x20,0x20,0x40,0x40},/*"\",60*/
  199          
  200            {0x00,0x1E,0x10,0x10,0x10,0x10,0x10,0x10,0x10,0x10,0x10,0x10,0x10,0x10,0x1E,0x00},/*"]",61*/
  201          
  202            {0x00,0x18,0x24,0x00,0x00,0x00,0x00,0x00,0x00,0x00,0x00,0x00,0x00,0x00,0x00,0x00},/*"^",62*/
  203          
  204            {0x00,0x00,0x00,0x00,0x00,0x00,0x00,0x00,0x7E,0x00,0x00,0x00,0x00,0x00,0x00,0x00},/*"-",63*/
  205          
  206            {0x00,0x06,0x08,0x00,0x00,0x00,0x00,0x00,0x00,0x00,0x00,0x00,0x00,0x00,0x00,0x00},/*"`",64*/
  207          
  208            {0x00,0x00,0x00,0x00,0x00,0x00,0x00,0x1C,0x22,0x30,0x2C,0x22,0x32,0x6C,0x00,0x00},/*"a",65*/
  209          
  210            {0x00,0x00,0x00,0x00,0x03,0x02,0x02,0x1A,0x26,0x42,0x42,0x42,0x26,0x1A,0x00,0x00},/*"b",66*/
  211          
  212            {0x00,0x00,0x00,0x00,0x00,0x00,0x00,0x38,0x44,0x02,0x02,0x02,0x44,0x38,0x00,0x00},/*"c",67*/
  213          
  214            {0x00,0x00,0x00,0x00,0x60,0x40,0x40,0x7C,0x42,0x42,0x42,0x42,0x62,0xDC,0x00,0x00},/*"d",68*/
  215          
  216            {0x00,0x00,0x00,0x00,0x00,0x00,0x00,0x3C,0x42,0x42,0x7E,0x02,0x42,0x3C,0x00,0x00},/*"e",69*/
  217          
  218            {0x00,0x00,0x00,0x00,0x30,0x48,0x08,0x3E,0x08,0x08,0x08,0x08,0x08,0x3E,0x00,0x00},/*"f",70*/
  219          
  220            {0x00,0x00,0x00,0x00,0x00,0x00,0x00,0x7C,0x22,0x22,0x1C,0x02,0x3C,0x42,0x42,0x3C},/*"g",71*/
  221          
  222            {0x00,0x00,0x00,0x00,0x03,0x02,0x02,0x3A,0x46,0x42,0x42,0x42,0x42,0xE7,0x00,0x00},/*"h",72*/
  223          
  224            {0x00,0x00,0x00,0x0C,0x0C,0x00,0x00,0x0E,0x08,0x08,0x08,0x08,0x08,0x3E,0x00,0x00},/*"i",73*/
  225          
  226            {0x00,0x00,0x00,0x30,0x30,0x00,0x00,0x38,0x20,0x20,0x20,0x20,0x20,0x20,0x22,0x1E},/*"j",74*/
  227          
  228            {0x00,0x00,0x00,0x00,0x03,0x02,0x02,0x72,0x12,0x0A,0x0E,0x12,0x22,0x77,0x00,0x00},/*"k",75*/
  229          
  230            {0x00,0x00,0x00,0x08,0x0E,0x08,0x08,0x08,0x08,0x08,0x08,0x08,0x08,0x3E,0x00,0x00},/*"l",76*/
  231          
  232            {0x00,0x00,0x00,0x00,0x00,0x00,0x00,0x7F,0x92,0x92,0x92,0x92,0x92,0xB7,0x00,0x00},/*"m",77*/
  233          
  234            {0x00,0x00,0x00,0x00,0x00,0x00,0x00,0x3B,0x46,0x42,0x42,0x42,0x42,0xE7,0x00,0x00},/*"n",78*/
  235          
  236            {0x00,0x00,0x00,0x00,0x00,0x00,0x00,0x3C,0x42,0x42,0x42,0x42,0x42,0x3C,0x00,0x00},/*"o",79*/
  237          
  238            {0x00,0x00,0x00,0x00,0x00,0x00,0x00,0x1B,0x26,0x42,0x42,0x42,0x26,0x1A,0x02,0x07},/*"p",80*/
  239          
  240            {0x00,0x00,0x00,0x00,0x00,0x00,0x00,0x58,0x64,0x42,0x42,0x42,0x64,0x58,0x40,0xE0},/*"q",81*/
  241          
  242            {0x00,0x00,0x00,0x00,0x00,0x00,0x00,0x77,0x4C,0x04,0x04,0x04,0x04,0x1F,0x00,0x00},/*"r",82*/
  243          
  244            {0x00,0x00,0x00,0x00,0x00,0x00,0x00,0x7C,0x42,0x02,0x3C,0x40,0x42,0x3E,0x00,0x00},/*"s",83*/
  245          
  246            {0x00,0x00,0x00,0x00,0x00,0x08,0x08,0x3E,0x08,0x08,0x08,0x08,0x48,0x30,0x00,0x00},/*"t",84*/
  247          
  248            {0x00,0x00,0x00,0x00,0x00,0x00,0x00,0x63,0x42,0x42,0x42,0x42,0x62,0xDC,0x00,0x00},/*"u",85*/
  249          
  250            {0x00,0x00,0x00,0x00,0x00,0x00,0x00,0x77,0x22,0x22,0x14,0x14,0x08,0x08,0x00,0x00},/*"v",86*/
  251          
  252            {0x00,0x00,0x00,0x00,0x00,0x00,0x00,0xDB,0x91,0x52,0x5A,0x2A,0x24,0x24,0x00,0x00},/*"w",87*/
C251 COMPILER V5.60.0,  SEEKFREE_FONT                                                      18/06/25  14:24:41  PAGE 5   

  253          
  254            {0x00,0x00,0x00,0x00,0x00,0x00,0x00,0x6E,0x24,0x18,0x18,0x18,0x24,0x76,0x00,0x00},/*"x",88*/
  255          
  256            {0x00,0x00,0x00,0x00,0x00,0x00,0x00,0xE7,0x42,0x24,0x24,0x18,0x18,0x08,0x08,0x06},/*"y",89*/
  257          
  258            {0x00,0x00,0x00,0x00,0x00,0x00,0x00,0x7E,0x22,0x10,0x08,0x08,0x44,0x7E,0x00,0x00},/*"z",90*/
  259          
  260            {0x00,0xC0,0x20,0x20,0x20,0x20,0x20,0x20,0x10,0x20,0x20,0x20,0x20,0x20,0xC0,0x00},/*"{",91*/
  261          
  262            {0x10,0x10,0x10,0x10,0x10,0x10,0x10,0x10,0x10,0x10,0x10,0x10,0x10,0x10,0x10,0x10},/*"|",92*/
  263          
  264            {0x00,0x03,0x04,0x04,0x04,0x04,0x04,0x04,0x08,0x04,0x04,0x04,0x04,0x04,0x03,0x00},/*"}",93*/
  265          
  266            {0x04,0x5A,0x20,0x00,0x00,0x00,0x00,0x00,0x00,0x00,0x00,0x00,0x00,0x00,0x00,0x00},/*"~",94*/
  267          };
  268          
  269          
  270          
  271          const uint8 code oled_6x8[][6] =
  272          {
  273            { 0x00, 0x00, 0x00, 0x00, 0x00, 0x00 },   // sp
  274            { 0x00, 0x00, 0x00, 0x2f, 0x00, 0x00 },   // !
  275            { 0x00, 0x00, 0x07, 0x00, 0x07, 0x00 },   // "
  276            { 0x00, 0x14, 0x7f, 0x14, 0x7f, 0x14 },   // #
  277            { 0x00, 0x24, 0x2a, 0x7f, 0x2a, 0x12 },   // $
  278            { 0x00, 0x62, 0x64, 0x08, 0x13, 0x23 },   // %
  279            { 0x00, 0x36, 0x49, 0x55, 0x22, 0x50 },   // &
  280            { 0x00, 0x00, 0x05, 0x03, 0x00, 0x00 },   // '
  281            { 0x00, 0x00, 0x1c, 0x22, 0x41, 0x00 },   // (
  282            { 0x00, 0x00, 0x41, 0x22, 0x1c, 0x00 },   // )
  283            { 0x00, 0x14, 0x08, 0x3E, 0x08, 0x14 },   // *
  284            { 0x00, 0x08, 0x08, 0x3E, 0x08, 0x08 },   // +
  285            { 0x00, 0x00, 0x00, 0xA0, 0x60, 0x00 },   // ,
  286            { 0x00, 0x08, 0x08, 0x08, 0x08, 0x08 },   // -
  287            { 0x00, 0x00, 0x60, 0x60, 0x00, 0x00 },   // .
  288            { 0x00, 0x20, 0x10, 0x08, 0x04, 0x02 },   // /
  289            { 0x00, 0x3E, 0x51, 0x49, 0x45, 0x3E },   // 0
  290            { 0x00, 0x00, 0x42, 0x7F, 0x40, 0x00 },   // 1
  291            { 0x00, 0x42, 0x61, 0x51, 0x49, 0x46 },   // 2
  292            { 0x00, 0x21, 0x41, 0x45, 0x4B, 0x31 },   // 3
  293            { 0x00, 0x18, 0x14, 0x12, 0x7F, 0x10 },   // 4
  294            { 0x00, 0x27, 0x45, 0x45, 0x45, 0x39 },   // 5
  295            { 0x00, 0x3C, 0x4A, 0x49, 0x49, 0x30 },   // 6
  296            { 0x00, 0x01, 0x71, 0x09, 0x05, 0x03 },   // 7
  297            { 0x00, 0x36, 0x49, 0x49, 0x49, 0x36 },   // 8
  298            { 0x00, 0x06, 0x49, 0x49, 0x29, 0x1E },   // 9
  299            { 0x00, 0x00, 0x36, 0x36, 0x00, 0x00 },   // :
  300            { 0x00, 0x00, 0x56, 0x36, 0x00, 0x00 },   // ;
  301            { 0x00, 0x08, 0x14, 0x22, 0x41, 0x00 },   // <
  302            { 0x00, 0x14, 0x14, 0x14, 0x14, 0x14 },   // =
  303            { 0x00, 0x00, 0x41, 0x22, 0x14, 0x08 },   // >
  304            { 0x00, 0x02, 0x01, 0x51, 0x09, 0x06 },   // ?
  305            { 0x00, 0x32, 0x49, 0x59, 0x51, 0x3E },   // @
  306            { 0x00, 0x7C, 0x12, 0x11, 0x12, 0x7C },   // A
  307            { 0x00, 0x7F, 0x49, 0x49, 0x49, 0x36 },   // B
  308            { 0x00, 0x3E, 0x41, 0x41, 0x41, 0x22 },   // C
  309            { 0x00, 0x7F, 0x41, 0x41, 0x22, 0x1C },   // D
  310            { 0x00, 0x7F, 0x49, 0x49, 0x49, 0x41 },   // E
  311            { 0x00, 0x7F, 0x09, 0x09, 0x09, 0x01 },   // F
  312            { 0x00, 0x3E, 0x41, 0x49, 0x49, 0x7A },   // G
  313            { 0x00, 0x7F, 0x08, 0x08, 0x08, 0x7F },   // H
  314            { 0x00, 0x00, 0x41, 0x7F, 0x41, 0x00 },   // I
  315            { 0x00, 0x20, 0x40, 0x41, 0x3F, 0x01 },   // J
  316            { 0x00, 0x7F, 0x08, 0x14, 0x22, 0x41 },   // K
  317            { 0x00, 0x7F, 0x40, 0x40, 0x40, 0x40 },   // L
  318            { 0x00, 0x7F, 0x02, 0x0C, 0x02, 0x7F },   // M
C251 COMPILER V5.60.0,  SEEKFREE_FONT                                                      18/06/25  14:24:41  PAGE 6   

  319            { 0x00, 0x7F, 0x04, 0x08, 0x10, 0x7F },   // N
  320            { 0x00, 0x3E, 0x41, 0x41, 0x41, 0x3E },   // O
  321            { 0x00, 0x7F, 0x09, 0x09, 0x09, 0x06 },   // P
  322            { 0x00, 0x3E, 0x41, 0x51, 0x21, 0x5E },   // Q
  323            { 0x00, 0x7F, 0x09, 0x19, 0x29, 0x46 },   // R
  324            { 0x00, 0x46, 0x49, 0x49, 0x49, 0x31 },   // S
  325            { 0x00, 0x01, 0x01, 0x7F, 0x01, 0x01 },   // T
  326            { 0x00, 0x3F, 0x40, 0x40, 0x40, 0x3F },   // U
  327            { 0x00, 0x1F, 0x20, 0x40, 0x20, 0x1F },   // V
  328            { 0x00, 0x3F, 0x40, 0x38, 0x40, 0x3F },   // W
  329            { 0x00, 0x63, 0x14, 0x08, 0x14, 0x63 },   // X
  330            { 0x00, 0x07, 0x08, 0x70, 0x08, 0x07 },   // Y
  331            { 0x00, 0x61, 0x51, 0x49, 0x45, 0x43 },   // Z
  332            { 0x00, 0x00, 0x7F, 0x41, 0x41, 0x00 },   // [
  333            { 0x00, 0x55, 0x2A, 0x55, 0x2A, 0x55 },   // 55
  334            { 0x00, 0x00, 0x41, 0x41, 0x7F, 0x00 },   // ]
  335            { 0x00, 0x04, 0x02, 0x01, 0x02, 0x04 },   // ^
  336            { 0x00, 0x40, 0x40, 0x40, 0x40, 0x40 },   // _
  337            { 0x00, 0x00, 0x01, 0x02, 0x04, 0x00 },   // '
  338            { 0x00, 0x20, 0x54, 0x54, 0x54, 0x78 },   // a
  339            { 0x00, 0x7F, 0x48, 0x44, 0x44, 0x38 },   // b
  340            { 0x00, 0x38, 0x44, 0x44, 0x44, 0x20 },   // c
  341            { 0x00, 0x38, 0x44, 0x44, 0x48, 0x7F },   // d
  342            { 0x00, 0x38, 0x54, 0x54, 0x54, 0x18 },   // e
  343            { 0x00, 0x08, 0x7E, 0x09, 0x01, 0x02 },   // f
  344            { 0x00, 0x18, 0xA4, 0xA4, 0xA4, 0x7C },   // g
  345            { 0x00, 0x7F, 0x08, 0x04, 0x04, 0x78 },   // h
  346            { 0x00, 0x00, 0x44, 0x7D, 0x40, 0x00 },   // i
  347            { 0x00, 0x40, 0x80, 0x84, 0x7D, 0x00 },   // j
  348            { 0x00, 0x7F, 0x10, 0x28, 0x44, 0x00 },   // k
  349            { 0x00, 0x00, 0x41, 0x7F, 0x40, 0x00 },   // l
  350            { 0x00, 0x7C, 0x04, 0x18, 0x04, 0x78 },   // m
  351            { 0x00, 0x7C, 0x08, 0x04, 0x04, 0x78 },   // n
  352            { 0x00, 0x38, 0x44, 0x44, 0x44, 0x38 },   // o
  353            { 0x00, 0xFC, 0x24, 0x24, 0x24, 0x18 },   // p
  354            { 0x00, 0x18, 0x24, 0x24, 0x18, 0xFC },   // q
  355            { 0x00, 0x7C, 0x08, 0x04, 0x04, 0x08 },   // r
  356            { 0x00, 0x48, 0x54, 0x54, 0x54, 0x20 },   // s
  357            { 0x00, 0x04, 0x3F, 0x44, 0x40, 0x20 },   // t
  358            { 0x00, 0x3C, 0x40, 0x40, 0x20, 0x7C },   // u
  359            { 0x00, 0x1C, 0x20, 0x40, 0x20, 0x1C },   // v
  360            { 0x00, 0x3C, 0x40, 0x30, 0x40, 0x3C },   // w
  361            { 0x00, 0x44, 0x28, 0x10, 0x28, 0x44 },   // x
  362            { 0x00, 0x1C, 0xA0, 0xA0, 0xA0, 0x7C },   // y
  363            { 0x00, 0x44, 0x64, 0x54, 0x4C, 0x44 },   // z
  364            { 0x14, 0x14, 0x14, 0x14, 0x14, 0x14 }    // horiz lines
  365          };
  366          
  367          
  368          


Module Information          Static   Overlayable
------------------------------------------------
  code size            =      2072     ------
  ecode size           =    ------     ------
  data size            =    ------     ------
  idata size           =    ------     ------
  pdata size           =    ------     ------
  xdata size           =    ------     ------
  xdata-const size     =    ------     ------
  edata size           =    ------     ------
  bit size             =    ------     ------
  ebit size            =    ------     ------
  bitaddressable size  =    ------     ------
  ebitaddressable size =    ------     ------
  far data size        =    ------     ------
C251 COMPILER V5.60.0,  SEEKFREE_FONT                                                      18/06/25  14:24:41  PAGE 7   

  huge data size       =    ------     ------
  const size           =    ------     ------
  hconst size          =       512     ------
End of Module Information.


C251 COMPILATION COMPLETE.  0 WARNING(S),  0 ERROR(S)
