C251 COMPILER V5.60.0,  speed                                                              31/03/25  20:55:54  PAGE 1   


C251 COMPILER V5.60.0, COMPILATION OF MODULE speed
OBJECT MODULE PLACED IN .\Out_File\speed.obj
COMPILER INVOKED BY: C:\Keil_v5\C251\BIN\C251.EXE speed.c XSMALL WARNINGLEVEL(3) OPTIMIZE(0,SPEED) BROWSE INCDIR(..\..\L
                    -ibraries\libraries;..\..\Libraries\seekfree_libraries;..\..\Libraries\seekfree_peripheral;..\CODE;..\USER\inc;..\USER\sr
                    -c;..\..\Libraries\seekfree_components;..\USER\inc;..\USER\src;..\MDK) DEBUG PRINT(.\Out_File\speed.lst) TABS(2) OBJECT(.
                    -\Out_File\speed.obj) 

stmt  level    source

    1          #include "headfile.h"
    2          
    3          
    4          
    5          uint8 start_flag = 1,speed_decision_flag = 0;
    6          uint16  journey=0;
    7          
    8          
    9          
   10          void Speed_Control()
   11          {
   12   1        
   13   1      
   14   1      
   15   1          
   16   1      
   17   1      //      if(start_flag == 1)//发车标志位
   18   1      //      {
   19   1      //      journey += fabs(0.25*l_speed_now)+fabs(0.25*r_speed_now);
   20   1      //      }
   21   1      //      if(journey > 10000)
   22   1      //      {
   23   1      ////      BEEP = ON;
   24   1      //      start_flag = 0;//表示发车结束，开始循迹
   25   1      //      journey = 0;
   26   1      //      speed_decision_flag = 1;//速度决策标志位
   27   1      //      //flag_stop = 1;//停车，测试时使用
   28   1      //      }
   29   1            
   30   1      
   31   1      
   32   1            
   33   1      }
   34          
   35          
   36          
   37          
   38          
   39          
   40          
   41          
   42          
   43          


Module Information          Static   Overlayable
------------------------------------------------
  code size            =         1     ------
  ecode size           =    ------     ------
  data size            =    ------     ------
  idata size           =    ------     ------
  pdata size           =    ------     ------
  xdata size           =    ------     ------
  xdata-const size     =    ------     ------
  edata size           =         4     ------
  bit size             =    ------     ------
  ebit size            =    ------     ------
C251 COMPILER V5.60.0,  speed                                                              31/03/25  20:55:54  PAGE 2   

  bitaddressable size  =    ------     ------
  ebitaddressable size =    ------     ------
  far data size        =    ------     ------
  huge data size       =    ------     ------
  const size           =    ------     ------
  hconst size          =        16     ------
End of Module Information.


C251 COMPILATION COMPLETE.  0 WARNING(S),  0 ERROR(S)
